#! /usr/bin/vvp
:ivl_version "10.1 (stable)";
:ivl_delay_selection "TYPICAL";
:vpi_time_precision - 12;
:vpi_module "system";
:vpi_module "vhdl_sys";
:vpi_module "v2005_math";
:vpi_module "va_math";
:vpi_module "v2009";
S_0x559f5c8594e0 .scope module, "led_driver" "led_driver" 2 3;
 .timescale -9 -12;
    .port_info 0 /INPUT 8 "data_in"
    .port_info 1 /OUTPUT 8 "led_out"
o0x7f9e778ea018 .functor BUFZ 8, C4<zzzzzzzz>; HiZ drive
L_0x559f5c88f630 .functor BUFZ 8, o0x7f9e778ea018, C4<00000000>, C4<00000000>, C4<00000000>;
v0x559f5c87cf80_0 .net "data_in", 7 0, o0x7f9e778ea018;  0 drivers
v0x559f5c87d760_0 .net "led_out", 7 0, L_0x559f5c88f630;  1 drivers
S_0x559f5c8715a0 .scope module, "xled" "xled" 3 4;
 .timescale -9 -12;
    .port_info 0 /INPUT 1 "sel"
    .port_info 1 /INPUT 1 "data_in"
    .port_info 2 /OUTPUT 1 "data_out"
    .port_info 3 /INPUT 1 "clk"
    .port_info 4 /INPUT 1 "rst"
o0x7f9e778ea0d8 .functor BUFZ 1, C4<z>; HiZ drive
v0x559f5c87d800_0 .net "clk", 0 0, o0x7f9e778ea0d8;  0 drivers
o0x7f9e778ea108 .functor BUFZ 1, C4<z>; HiZ drive
v0x559f5c87dcc0_0 .net "data_in", 0 0, o0x7f9e778ea108;  0 drivers
v0x559f5c87dd60_0 .var "data_out", 0 0;
o0x7f9e778ea168 .functor BUFZ 1, C4<z>; HiZ drive
v0x559f5c899870_0 .net "rst", 0 0, o0x7f9e778ea168;  0 drivers
o0x7f9e778ea198 .functor BUFZ 1, C4<z>; HiZ drive
v0x559f5c88f710_0 .net "sel", 0 0, o0x7f9e778ea198;  0 drivers
E_0x559f5c811620 .event posedge, v0x559f5c899870_0, v0x559f5c87d800_0;
S_0x559f5c877cd0 .scope module, "xtop_tb" "xtop_tb" 4 5;
 .timescale -9 -12;
P_0x559f5c817d10 .param/l "clk_period" 0 4 8, +C4<00000000000000000000000000001010>;
v0x559f5c8c4cd0_0 .array/port v0x559f5c8c4cd0, 0;
L_0x559f5c8e1c40 .functor BUFZ 32, v0x559f5c8c4cd0_0, C4<00000000000000000000000000000000>, C4<00000000000000000000000000000000>, C4<00000000000000000000000000000000>;
v0x559f5c8c4cd0_1 .array/port v0x559f5c8c4cd0, 1;
L_0x559f5c8e1ce0 .functor BUFZ 32, v0x559f5c8c4cd0_1, C4<00000000000000000000000000000000>, C4<00000000000000000000000000000000>, C4<00000000000000000000000000000000>;
v0x559f5c8c4cd0_2 .array/port v0x559f5c8c4cd0, 2;
L_0x559f5c8e1db0 .functor BUFZ 32, v0x559f5c8c4cd0_2, C4<00000000000000000000000000000000>, C4<00000000000000000000000000000000>, C4<00000000000000000000000000000000>;
v0x559f5c8c4cd0_3 .array/port v0x559f5c8c4cd0, 3;
L_0x559f5c8e1e80 .functor BUFZ 32, v0x559f5c8c4cd0_3, C4<00000000000000000000000000000000>, C4<00000000000000000000000000000000>, C4<00000000000000000000000000000000>;
v0x559f5c8c4cd0_4 .array/port v0x559f5c8c4cd0, 4;
L_0x559f5c8e1f80 .functor BUFZ 32, v0x559f5c8c4cd0_4, C4<00000000000000000000000000000000>, C4<00000000000000000000000000000000>, C4<00000000000000000000000000000000>;
v0x559f5c8c4cd0_5 .array/port v0x559f5c8c4cd0, 5;
L_0x559f5c8e2050 .functor BUFZ 32, v0x559f5c8c4cd0_5, C4<00000000000000000000000000000000>, C4<00000000000000000000000000000000>, C4<00000000000000000000000000000000>;
v0x559f5c8c4cd0_6 .array/port v0x559f5c8c4cd0, 6;
L_0x559f5c8e2160 .functor BUFZ 32, v0x559f5c8c4cd0_6, C4<00000000000000000000000000000000>, C4<00000000000000000000000000000000>, C4<00000000000000000000000000000000>;
v0x559f5c8c4cd0_7 .array/port v0x559f5c8c4cd0, 7;
L_0x559f5c8e2200 .functor BUFZ 32, v0x559f5c8c4cd0_7, C4<00000000000000000000000000000000>, C4<00000000000000000000000000000000>, C4<00000000000000000000000000000000>;
v0x559f5c8c4cd0_8 .array/port v0x559f5c8c4cd0, 8;
L_0x559f5c8e2320 .functor BUFZ 32, v0x559f5c8c4cd0_8, C4<00000000000000000000000000000000>, C4<00000000000000000000000000000000>, C4<00000000000000000000000000000000>;
v0x559f5c8c4cd0_9 .array/port v0x559f5c8c4cd0, 9;
L_0x559f5c8e23f0 .functor BUFZ 32, v0x559f5c8c4cd0_9, C4<00000000000000000000000000000000>, C4<00000000000000000000000000000000>, C4<00000000000000000000000000000000>;
v0x559f5c8c4cd0_10 .array/port v0x559f5c8c4cd0, 10;
L_0x559f5c8e24c0 .functor BUFZ 32, v0x559f5c8c4cd0_10, C4<00000000000000000000000000000000>, C4<00000000000000000000000000000000>, C4<00000000000000000000000000000000>;
v0x559f5c8c4cd0_11 .array/port v0x559f5c8c4cd0, 11;
L_0x559f5c8e2590 .functor BUFZ 32, v0x559f5c8c4cd0_11, C4<00000000000000000000000000000000>, C4<00000000000000000000000000000000>, C4<00000000000000000000000000000000>;
v0x559f5c8c4cd0_12 .array/port v0x559f5c8c4cd0, 12;
L_0x559f5c8e26d0 .functor BUFZ 32, v0x559f5c8c4cd0_12, C4<00000000000000000000000000000000>, C4<00000000000000000000000000000000>, C4<00000000000000000000000000000000>;
v0x559f5c8c4cd0_13 .array/port v0x559f5c8c4cd0, 13;
L_0x559f5c8e27a0 .functor BUFZ 32, v0x559f5c8c4cd0_13, C4<00000000000000000000000000000000>, C4<00000000000000000000000000000000>, C4<00000000000000000000000000000000>;
v0x559f5c8c4cd0_14 .array/port v0x559f5c8c4cd0, 14;
L_0x559f5c8e2660 .functor BUFZ 32, v0x559f5c8c4cd0_14, C4<00000000000000000000000000000000>, C4<00000000000000000000000000000000>, C4<00000000000000000000000000000000>;
v0x559f5c8c4cd0_15 .array/port v0x559f5c8c4cd0, 15;
L_0x559f5c8e2950 .functor BUFZ 32, v0x559f5c8c4cd0_15, C4<00000000000000000000000000000000>, C4<00000000000000000000000000000000>, C4<00000000000000000000000000000000>;
v0x559f5c8c8d70_0 .var "clk", 0 0;
v0x559f5c8c8e30 .array "data", 0 15, 31 0;
v0x559f5c8c8ef0_0 .var/i "k", 31 0;
v0x559f5c8c8fb0_0 .net "r0", 31 0, L_0x559f5c8e1c40;  1 drivers
v0x559f5c8c9090_0 .net "r1", 31 0, L_0x559f5c8e1ce0;  1 drivers
v0x559f5c8c91c0_0 .net "r10", 31 0, L_0x559f5c8e24c0;  1 drivers
v0x559f5c8c92a0_0 .net "r11", 31 0, L_0x559f5c8e2590;  1 drivers
v0x559f5c8c9380_0 .net "r12", 31 0, L_0x559f5c8e26d0;  1 drivers
v0x559f5c8c9460_0 .net "r13", 31 0, L_0x559f5c8e27a0;  1 drivers
v0x559f5c8c9540_0 .net "r14", 31 0, L_0x559f5c8e2660;  1 drivers
v0x559f5c8c9620_0 .net "r15", 31 0, L_0x559f5c8e2950;  1 drivers
v0x559f5c8c9700_0 .net "r2", 31 0, L_0x559f5c8e1db0;  1 drivers
v0x559f5c8c97e0_0 .net "r3", 31 0, L_0x559f5c8e1e80;  1 drivers
v0x559f5c8c98c0_0 .net "r4", 31 0, L_0x559f5c8e1f80;  1 drivers
v0x559f5c8c99a0_0 .net "r5", 31 0, L_0x559f5c8e2050;  1 drivers
v0x559f5c8c9a80_0 .net "r6", 31 0, L_0x559f5c8e2160;  1 drivers
v0x559f5c8c9b60_0 .net "r7", 31 0, L_0x559f5c8e2200;  1 drivers
v0x559f5c8c9d50_0 .net "r8", 31 0, L_0x559f5c8e2320;  1 drivers
v0x559f5c8c9e30_0 .net "r9", 31 0, L_0x559f5c8e23f0;  1 drivers
v0x559f5c8c9f10_0 .var "rst", 0 0;
v0x559f5c8c9fb0_0 .var/i "start_time", 31 0;
v0x559f5c8ca090_0 .net "trap", 0 0, v0x559f5c8ba820_0;  1 drivers
S_0x559f5c860290 .scope module, "uut" "xtop" 4 32, 5 5 0, S_0x559f5c877cd0;
 .timescale -9 -12;
    .port_info 0 /INPUT 1 "clk"
    .port_info 1 /INPUT 1 "rst"
    .port_info 2 /OUTPUT 1 "trap"
    .port_info 3 /OUTPUT 1 "snd"
    .port_info 4 /OUTPUT 8 "Leds"
    .port_info 5 /INPUT 8 "sw"
L_0x559f5c8e1ab0 .functor AND 1, v0x559f5c8b9f50_0, L_0x559f5c8e0420, C4<1>, C4<1>;
v0x559f5c8c79b0_0 .net "Leds", 7 0, L_0x559f5c8e0fc0;  1 drivers
v0x559f5c8c7a70_0 .net "clk", 0 0, v0x559f5c8c8d70_0;  1 drivers
v0x559f5c8c7b10_0 .net "cprt_sel", 0 0, v0x559f5c8b9f50_0;  1 drivers
v0x559f5c8c7c10_0 .net "data_addr", 9 0, v0x559f5c8c1950_0;  1 drivers
v0x559f5c8c7d00_0 .net "data_sel", 0 0, L_0x559f5c8e0260;  1 drivers
v0x559f5c8c7e40_0 .net "data_to_rd", 31 0, v0x559f5c8ba010_0;  1 drivers
v0x559f5c8c7f30_0 .net "data_to_wr", 31 0, L_0x559f5c8e0490;  1 drivers
v0x559f5c8c7fd0_0 .net "data_we", 0 0, L_0x559f5c8e0420;  1 drivers
v0x559f5c8c8070_0 .net "instruction", 31 0, v0x559f5c8c3fa0_0;  1 drivers
v0x559f5c8c8130_0 .net "kbd_bus", 7 0, L_0x559f5c8e19f0;  1 drivers
v0x559f5c8c81f0_0 .net "kbd_sel", 0 0, v0x559f5c8ba0d0_0;  1 drivers
v0x559f5c8c8290_0 .net "loop_sel", 0 0, v0x559f5c8ba5e0_0;  1 drivers
v0x559f5c8c8380_0 .net "mem_data_to_rd", 31 0, L_0x559f5c8e0ab0;  1 drivers
v0x559f5c8c8470_0 .net "mem_sel", 0 0, v0x559f5c8ba2c0_0;  1 drivers
v0x559f5c8c8560_0 .net "pc", 8 0, v0x559f5c8c1e70_0;  1 drivers
v0x559f5c8c8650_0 .net "regf_data_to_rd", 31 0, L_0x559f5c8e0d90;  1 drivers
v0x559f5c8c8760_0 .net "regf_sel", 0 0, v0x559f5c8ba460_0;  1 drivers
v0x559f5c8c8850_0 .net "rst", 0 0, v0x559f5c8c9f10_0;  1 drivers
v0x559f5c8c8940_0 .net "snd", 0 0, L_0x559f5c8e1770;  1 drivers
v0x559f5c8c89e0_0 .net "snd_sel", 0 0, v0x559f5c8ba6a0_0;  1 drivers
o0x7f9e778ecd18 .functor BUFZ 8, C4<zzzzzzzz>; HiZ drive
v0x559f5c8c8ad0_0 .net "sw", 7 0, o0x7f9e778ecd18;  0 drivers
v0x559f5c8c8b70_0 .net "sw_sel", 0 0, v0x559f5c8ba760_0;  1 drivers
v0x559f5c8c8c10_0 .net "trap", 0 0, v0x559f5c8ba820_0;  alias, 1 drivers
L_0x559f5c8df970 .part v0x559f5c8c1950_0, 0, 9;
L_0x559f5c8e0ed0 .part v0x559f5c8c1950_0, 0, 4;
L_0x559f5c8e1950 .part L_0x559f5c8e0490, 0, 8;
L_0x559f5c8e1b70 .part L_0x559f5c8e0490, 0, 8;
S_0x559f5c862a30 .scope module, "addr_decoder" "xaddr_decoder" 5 123, 6 4 0, S_0x559f5c860290;
 .timescale -9 -12;
    .port_info 0 /INPUT 10 "addr"
    .port_info 1 /INPUT 1 "sel"
    .port_info 2 /OUTPUT 1 "mem_sel"
    .port_info 3 /INPUT 32 "mem_data_to_rd"
    .port_info 4 /OUTPUT 1 "regf_sel"
    .port_info 5 /INPUT 32 "regf_data_to_rd"
    .port_info 6 /OUTPUT 1 "cprt_sel"
    .port_info 7 /OUTPUT 1 "trap_sel"
    .port_info 8 /OUTPUT 32 "data_to_rd"
    .port_info 9 /OUTPUT 1 "sel_loop"
    .port_info 10 /OUTPUT 1 "sel_snd"
    .port_info 11 /OUTPUT 1 "kbd_sel"
    .port_info 12 /OUTPUT 1 "sw_sel"
v0x559f5c8b9e50_0 .net "addr", 9 0, v0x559f5c8c1950_0;  alias, 1 drivers
v0x559f5c8b9f50_0 .var "cprt_sel", 0 0;
v0x559f5c8ba010_0 .var "data_to_rd", 31 0;
v0x559f5c8ba0d0_0 .var "kbd_sel", 0 0;
v0x559f5c8ba190_0 .net "mem_data_to_rd", 31 0, L_0x559f5c8e0ab0;  alias, 1 drivers
v0x559f5c8ba2c0_0 .var "mem_sel", 0 0;
v0x559f5c8ba380_0 .net "regf_data_to_rd", 31 0, L_0x559f5c8e0d90;  alias, 1 drivers
v0x559f5c8ba460_0 .var "regf_sel", 0 0;
v0x559f5c8ba520_0 .net "sel", 0 0, L_0x559f5c8e0260;  alias, 1 drivers
v0x559f5c8ba5e0_0 .var "sel_loop", 0 0;
v0x559f5c8ba6a0_0 .var "sel_snd", 0 0;
v0x559f5c8ba760_0 .var "sw_sel", 0 0;
v0x559f5c8ba820_0 .var "trap_sel", 0 0;
E_0x559f5c8a4e20 .event edge, v0x559f5c8ba2c0_0, v0x559f5c8ba190_0, v0x559f5c8ba460_0, v0x559f5c8ba380_0;
E_0x559f5c8a43e0 .event edge, v0x559f5c8b9e50_0, v0x559f5c8ba520_0;
S_0x559f5c864d90 .scope module, "controller" "xctrl" 5 75, 7 7 0, S_0x559f5c860290;
 .timescale -9 -12;
    .port_info 0 /INPUT 1 "clk"
    .port_info 1 /INPUT 1 "rst"
    .port_info 2 /OUTPUT 9 "pc"
    .port_info 3 /INPUT 32 "instruction"
    .port_info 4 /OUTPUT 1 "mem_sel"
    .port_info 5 /OUTPUT 1 "mem_we"
    .port_info 6 /OUTPUT 10 "mem_addr"
    .port_info 7 /INPUT 32 "mem_data_from"
    .port_info 8 /OUTPUT 32 "mem_data_to"
L_0x559f5c83d1b0 .functor OR 1, L_0x559f5c8da250, L_0x559f5c8da4d0, C4<0>, C4<0>;
L_0x559f5c80c760 .functor OR 1, L_0x559f5c8da820, L_0x559f5c8daa40, C4<0>, C4<0>;
L_0x559f5c8a3980 .functor OR 1, L_0x559f5c83d1b0, L_0x559f5c80c760, C4<0>, C4<0>;
L_0x559f5c8db1a0 .functor OR 1, L_0x559f5c8dae00, L_0x559f5c8daff0, C4<0>, C4<0>;
L_0x559f5c8db130 .functor OR 1, L_0x559f5c8db3d0, L_0x559f5c8db790, C4<0>, C4<0>;
L_0x559f5c8dc0c0 .functor OR 1, L_0x559f5c8dbc00, L_0x559f5c8dbed0, C4<0>, C4<0>;
L_0x559f5c8dc460 .functor OR 1, L_0x559f5c8dc0c0, L_0x559f5c8dc260, C4<0>, C4<0>;
L_0x559f5c8dcb80 .functor OR 1, L_0x559f5c8dc660, L_0x559f5c8dc960, C4<0>, C4<0>;
L_0x559f5c8dd000 .functor AND 1, L_0x559f5c8dc460, L_0x559f5c8dcdd0, C4<1>, C4<1>;
L_0x559f5c8dd110 .functor OR 1, L_0x559f5c8dd000, L_0x559f5c8dcb80, C4<0>, C4<0>;
L_0x559f5c8dd220 .functor OR 1, L_0x559f5c8db130, L_0x559f5c8dcb80, C4<0>, C4<0>;
L_0x559f5c8dd290 .functor OR 1, L_0x559f5c8dd220, L_0x559f5c8dc460, C4<0>, C4<0>;
L_0x559f5c8dd3c0 .functor OR 1, L_0x559f5c83d1b0, L_0x559f5c8db130, C4<0>, C4<0>;
L_0x559f5c8ddad0 .functor OR 1, L_0x559f5c8dd520, L_0x559f5c8dd850, C4<0>, C4<0>;
L_0x559f5c8dd350 .functor OR 1, L_0x559f5c8ddad0, L_0x559f5c8ddf60, C4<0>, C4<0>;
L_0x559f5c8de0a0 .functor OR 1, L_0x559f5c8dd350, L_0x559f5c8de350, C4<0>, C4<0>;
L_0x559f5c8df7a0 .functor OR 1, L_0x559f5c8db1a0, L_0x559f5c80c760, C4<0>, C4<0>;
L_0x559f5c8df860 .functor OR 1, L_0x559f5c8df7a0, L_0x559f5c8dd110, C4<0>, C4<0>;
L_0x559f5c8dfdd0 .functor AND 1, L_0x559f5c8df860, L_0x559f5c8dfc90, C4<1>, C4<1>;
L_0x559f5c8e0260 .functor AND 1, L_0x559f5c8dfdd0, L_0x559f5c8e0120, C4<1>, C4<1>;
L_0x559f5c8e0420 .functor BUFZ 1, L_0x559f5c8db1a0, C4<0>, C4<0>, C4<0>;
L_0x559f5c8e0490 .functor BUFZ 32, v0x559f5c8c1f50_0, C4<00000000000000000000000000000000>, C4<00000000000000000000000000000000>, C4<00000000000000000000000000000000>;
L_0x559f5c8e0650 .functor AND 32, v0x559f5c8c1f50_0, v0x559f5c8c1d90_0, C4<11111111111111111111111111111111>, C4<11111111111111111111111111111111>;
L_0x559f5c8e06c0 .functor XOR 32, v0x559f5c8c1f50_0, v0x559f5c8c1d90_0, C4<00000000000000000000000000000000>, C4<00000000000000000000000000000000>;
v0x559f5c8baf20_0 .net *"_s0", 31 0, L_0x559f5c8ca150;  1 drivers
v0x559f5c8bb000_0 .net *"_s102", 31 0, L_0x559f5c8dc570;  1 drivers
L_0x7f9e778a1648 .functor BUFT 1, C4<0000000000000000000000000000>, C4<0>, C4<0>, C4<0>;
v0x559f5c8bb0e0_0 .net *"_s105", 27 0, L_0x7f9e778a1648;  1 drivers
L_0x7f9e778a1690 .functor BUFT 1, C4<00000000000000000000000000000100>, C4<0>, C4<0>, C4<0>;
v0x559f5c8bb1a0_0 .net/2u *"_s106", 31 0, L_0x7f9e778a1690;  1 drivers
v0x559f5c8bb280_0 .net *"_s108", 0 0, L_0x559f5c8dc660;  1 drivers
L_0x7f9e778a10a8 .functor BUFT 1, C4<0000000000000000000000000000>, C4<0>, C4<0>, C4<0>;
v0x559f5c8bb390_0 .net *"_s11", 27 0, L_0x7f9e778a10a8;  1 drivers
v0x559f5c8bb470_0 .net *"_s110", 31 0, L_0x559f5c8dc870;  1 drivers
L_0x7f9e778a16d8 .functor BUFT 1, C4<0000000000000000000000000000>, C4<0>, C4<0>, C4<0>;
v0x559f5c8bb550_0 .net *"_s113", 27 0, L_0x7f9e778a16d8;  1 drivers
L_0x7f9e778a1720 .functor BUFT 1, C4<00000000000000000000000000000101>, C4<0>, C4<0>, C4<0>;
v0x559f5c8bb630_0 .net/2u *"_s114", 31 0, L_0x7f9e778a1720;  1 drivers
v0x559f5c8bb710_0 .net *"_s116", 0 0, L_0x559f5c8dc960;  1 drivers
L_0x7f9e778a10f0 .functor BUFT 1, C4<00000000000000000000000000000111>, C4<0>, C4<0>, C4<0>;
v0x559f5c8bb7d0_0 .net/2u *"_s12", 31 0, L_0x7f9e778a10f0;  1 drivers
v0x559f5c8bb8b0_0 .net *"_s120", 31 0, L_0x559f5c8dcce0;  1 drivers
L_0x7f9e778a1768 .functor BUFT 1, C4<0000000000000000000000000000>, C4<0>, C4<0>, C4<0>;
v0x559f5c8bb990_0 .net *"_s123", 27 0, L_0x7f9e778a1768;  1 drivers
L_0x7f9e778a17b0 .functor BUFT 1, C4<00000000000000000000000000000000>, C4<0>, C4<0>, C4<0>;
v0x559f5c8bba70_0 .net/2u *"_s124", 31 0, L_0x7f9e778a17b0;  1 drivers
v0x559f5c8bbb50_0 .net *"_s126", 0 0, L_0x559f5c8dcdd0;  1 drivers
v0x559f5c8bbc10_0 .net *"_s128", 0 0, L_0x559f5c8dd000;  1 drivers
v0x559f5c8bbcd0_0 .net *"_s132", 0 0, L_0x559f5c8dd220;  1 drivers
v0x559f5c8bbdb0_0 .net *"_s138", 31 0, L_0x559f5c8dd430;  1 drivers
v0x559f5c8bbe90_0 .net *"_s14", 0 0, L_0x559f5c8da4d0;  1 drivers
L_0x7f9e778a17f8 .functor BUFT 1, C4<0000000000000000000000000000>, C4<0>, C4<0>, C4<0>;
v0x559f5c8bbf50_0 .net *"_s141", 27 0, L_0x7f9e778a17f8;  1 drivers
L_0x7f9e778a1840 .functor BUFT 1, C4<00000000000000000000000000001100>, C4<0>, C4<0>, C4<0>;
v0x559f5c8bc030_0 .net/2u *"_s142", 31 0, L_0x7f9e778a1840;  1 drivers
v0x559f5c8bc110_0 .net *"_s144", 0 0, L_0x559f5c8dd520;  1 drivers
v0x559f5c8bc1d0_0 .net *"_s146", 31 0, L_0x559f5c8dd760;  1 drivers
L_0x7f9e778a1888 .functor BUFT 1, C4<0000000000000000000000000000>, C4<0>, C4<0>, C4<0>;
v0x559f5c8bc2b0_0 .net *"_s149", 27 0, L_0x7f9e778a1888;  1 drivers
L_0x7f9e778a18d0 .functor BUFT 1, C4<00000000000000000000000000001110>, C4<0>, C4<0>, C4<0>;
v0x559f5c8bc390_0 .net/2u *"_s150", 31 0, L_0x7f9e778a18d0;  1 drivers
v0x559f5c8bc470_0 .net *"_s152", 0 0, L_0x559f5c8dd850;  1 drivers
v0x559f5c8bc530_0 .net *"_s154", 0 0, L_0x559f5c8ddad0;  1 drivers
v0x559f5c8bc5f0_0 .net *"_s156", 31 0, L_0x559f5c8ddc60;  1 drivers
L_0x7f9e778a1918 .functor BUFT 1, C4<0000000000000000000000000000>, C4<0>, C4<0>, C4<0>;
v0x559f5c8bc6d0_0 .net *"_s159", 27 0, L_0x7f9e778a1918;  1 drivers
L_0x7f9e778a1960 .functor BUFT 1, C4<00000000000000000000000000001101>, C4<0>, C4<0>, C4<0>;
v0x559f5c8bc7b0_0 .net/2u *"_s160", 31 0, L_0x7f9e778a1960;  1 drivers
v0x559f5c8bc890_0 .net *"_s162", 0 0, L_0x559f5c8ddf60;  1 drivers
v0x559f5c8bc950_0 .net *"_s164", 0 0, L_0x559f5c8dd350;  1 drivers
v0x559f5c8bca10_0 .net *"_s166", 31 0, L_0x559f5c8de260;  1 drivers
L_0x7f9e778a19a8 .functor BUFT 1, C4<0000000000000000000000000000>, C4<0>, C4<0>, C4<0>;
v0x559f5c8bcd00_0 .net *"_s169", 27 0, L_0x7f9e778a19a8;  1 drivers
L_0x7f9e778a19f0 .functor BUFT 1, C4<00000000000000000000000000001111>, C4<0>, C4<0>, C4<0>;
v0x559f5c8bcde0_0 .net/2u *"_s170", 31 0, L_0x7f9e778a19f0;  1 drivers
v0x559f5c8bcec0_0 .net *"_s172", 0 0, L_0x559f5c8de350;  1 drivers
v0x559f5c8bcf80_0 .net *"_s178", 31 0, L_0x559f5c8de6f0;  1 drivers
v0x559f5c8bd060_0 .net *"_s18", 31 0, L_0x559f5c8da6e0;  1 drivers
L_0x7f9e778a1a38 .functor BUFT 1, C4<0000000000000000000000000000>, C4<0>, C4<0>, C4<0>;
v0x559f5c8bd140_0 .net *"_s181", 27 0, L_0x7f9e778a1a38;  1 drivers
L_0x7f9e778a1a80 .functor BUFT 1, C4<00000000000000000000000000000111>, C4<0>, C4<0>, C4<0>;
v0x559f5c8bd220_0 .net/2u *"_s182", 31 0, L_0x7f9e778a1a80;  1 drivers
v0x559f5c8bd300_0 .net *"_s184", 0 0, L_0x559f5c8de920;  1 drivers
v0x559f5c8bd3c0_0 .net *"_s187", 15 0, L_0x559f5c8dea60;  1 drivers
v0x559f5c8bd4a0_0 .net *"_s189", 15 0, L_0x559f5c8dec50;  1 drivers
v0x559f5c8bd580_0 .net *"_s190", 31 0, L_0x559f5c8ded20;  1 drivers
v0x559f5c8bd660_0 .net *"_s193", 0 0, L_0x559f5c8defa0;  1 drivers
v0x559f5c8bd740_0 .net *"_s194", 3 0, L_0x559f5c8df040;  1 drivers
v0x559f5c8bd820_0 .net *"_s197", 27 0, L_0x559f5c8df2d0;  1 drivers
v0x559f5c8bd900_0 .net *"_s198", 31 0, L_0x559f5c8df370;  1 drivers
v0x559f5c8bd9e0_0 .net *"_s202", 0 0, L_0x559f5c8df7a0;  1 drivers
v0x559f5c8bdac0_0 .net *"_s204", 0 0, L_0x559f5c8df860;  1 drivers
v0x559f5c8bdba0_0 .net *"_s206", 31 0, L_0x559f5c8dfa10;  1 drivers
L_0x7f9e778a1ac8 .functor BUFT 1, C4<0000000000000000000000>, C4<0>, C4<0>, C4<0>;
v0x559f5c8bdc80_0 .net *"_s209", 21 0, L_0x7f9e778a1ac8;  1 drivers
L_0x7f9e778a1138 .functor BUFT 1, C4<0000000000000000000000000000>, C4<0>, C4<0>, C4<0>;
v0x559f5c8bdd60_0 .net *"_s21", 27 0, L_0x7f9e778a1138;  1 drivers
L_0x7f9e778a1b10 .functor BUFT 1, C4<00000000000000000000001000010000>, C4<0>, C4<0>, C4<0>;
v0x559f5c8bde40_0 .net/2u *"_s210", 31 0, L_0x7f9e778a1b10;  1 drivers
v0x559f5c8bdf20_0 .net *"_s212", 0 0, L_0x559f5c8dfc90;  1 drivers
v0x559f5c8bdfe0_0 .net *"_s214", 0 0, L_0x559f5c8dfdd0;  1 drivers
v0x559f5c8be0a0_0 .net *"_s216", 31 0, L_0x559f5c8dfee0;  1 drivers
L_0x7f9e778a1b58 .functor BUFT 1, C4<0000000000000000000000>, C4<0>, C4<0>, C4<0>;
v0x559f5c8be180_0 .net *"_s219", 21 0, L_0x7f9e778a1b58;  1 drivers
L_0x7f9e778a1180 .functor BUFT 1, C4<00000000000000000000000000001000>, C4<0>, C4<0>, C4<0>;
v0x559f5c8be260_0 .net/2u *"_s22", 31 0, L_0x7f9e778a1180;  1 drivers
L_0x7f9e778a1ba0 .functor BUFT 1, C4<00000000000000000000001000010001>, C4<0>, C4<0>, C4<0>;
v0x559f5c8be340_0 .net/2u *"_s220", 31 0, L_0x7f9e778a1ba0;  1 drivers
v0x559f5c8be420_0 .net *"_s222", 0 0, L_0x559f5c8e0120;  1 drivers
v0x559f5c8be4e0_0 .net *"_s24", 0 0, L_0x559f5c8da820;  1 drivers
v0x559f5c8be5a0_0 .net *"_s26", 31 0, L_0x559f5c8da9a0;  1 drivers
L_0x7f9e778a11c8 .functor BUFT 1, C4<0000000000000000000000000000>, C4<0>, C4<0>, C4<0>;
v0x559f5c8be680_0 .net *"_s29", 27 0, L_0x7f9e778a11c8;  1 drivers
L_0x7f9e778a1018 .functor BUFT 1, C4<0000000000000000000000000000>, C4<0>, C4<0>, C4<0>;
v0x559f5c8be760_0 .net *"_s3", 27 0, L_0x7f9e778a1018;  1 drivers
L_0x7f9e778a1210 .functor BUFT 1, C4<00000000000000000000000000001010>, C4<0>, C4<0>, C4<0>;
v0x559f5c8bec50_0 .net/2u *"_s30", 31 0, L_0x7f9e778a1210;  1 drivers
v0x559f5c8bed30_0 .net *"_s32", 0 0, L_0x559f5c8daa40;  1 drivers
v0x559f5c8bedf0_0 .net *"_s38", 31 0, L_0x559f5c8dad10;  1 drivers
L_0x7f9e778a1060 .functor BUFT 1, C4<00000000000000000000000000000110>, C4<0>, C4<0>, C4<0>;
v0x559f5c8beed0_0 .net/2u *"_s4", 31 0, L_0x7f9e778a1060;  1 drivers
L_0x7f9e778a1258 .functor BUFT 1, C4<0000000000000000000000000000>, C4<0>, C4<0>, C4<0>;
v0x559f5c8befb0_0 .net *"_s41", 27 0, L_0x7f9e778a1258;  1 drivers
L_0x7f9e778a12a0 .functor BUFT 1, C4<00000000000000000000000000001001>, C4<0>, C4<0>, C4<0>;
v0x559f5c8bf090_0 .net/2u *"_s42", 31 0, L_0x7f9e778a12a0;  1 drivers
v0x559f5c8bf170_0 .net *"_s44", 0 0, L_0x559f5c8dae00;  1 drivers
v0x559f5c8bf230_0 .net *"_s46", 31 0, L_0x559f5c8daf50;  1 drivers
L_0x7f9e778a12e8 .functor BUFT 1, C4<0000000000000000000000000000>, C4<0>, C4<0>, C4<0>;
v0x559f5c8bf310_0 .net *"_s49", 27 0, L_0x7f9e778a12e8;  1 drivers
L_0x7f9e778a1330 .functor BUFT 1, C4<00000000000000000000000000001011>, C4<0>, C4<0>, C4<0>;
v0x559f5c8bf3f0_0 .net/2u *"_s50", 31 0, L_0x7f9e778a1330;  1 drivers
v0x559f5c8bf4d0_0 .net *"_s52", 0 0, L_0x559f5c8daff0;  1 drivers
v0x559f5c8bf590_0 .net *"_s56", 31 0, L_0x559f5c8db2e0;  1 drivers
L_0x7f9e778a1378 .functor BUFT 1, C4<0000000000000000000000000000>, C4<0>, C4<0>, C4<0>;
v0x559f5c8bf670_0 .net *"_s59", 27 0, L_0x7f9e778a1378;  1 drivers
v0x559f5c8bf750_0 .net *"_s6", 0 0, L_0x559f5c8da250;  1 drivers
L_0x7f9e778a13c0 .functor BUFT 1, C4<00000000000000000000000000000000>, C4<0>, C4<0>, C4<0>;
v0x559f5c8bf810_0 .net/2u *"_s60", 31 0, L_0x7f9e778a13c0;  1 drivers
v0x559f5c8bf8f0_0 .net *"_s62", 0 0, L_0x559f5c8db3d0;  1 drivers
v0x559f5c8bf9b0_0 .net *"_s64", 31 0, L_0x559f5c8db590;  1 drivers
L_0x7f9e778a1408 .functor BUFT 1, C4<0000000000000000000000000000>, C4<0>, C4<0>, C4<0>;
v0x559f5c8bfa90_0 .net *"_s67", 27 0, L_0x7f9e778a1408;  1 drivers
L_0x7f9e778a1450 .functor BUFT 1, C4<00000000000000000000000000000011>, C4<0>, C4<0>, C4<0>;
v0x559f5c8bfb70_0 .net/2u *"_s68", 31 0, L_0x7f9e778a1450;  1 drivers
v0x559f5c8bfc50_0 .net *"_s70", 0 0, L_0x559f5c8db790;  1 drivers
v0x559f5c8bfd10_0 .net *"_s74", 31 0, L_0x559f5c8dba00;  1 drivers
L_0x7f9e778a1498 .functor BUFT 1, C4<0000000000000000000000000000>, C4<0>, C4<0>, C4<0>;
v0x559f5c8bfdf0_0 .net *"_s77", 27 0, L_0x7f9e778a1498;  1 drivers
L_0x7f9e778a14e0 .functor BUFT 1, C4<00000000000000000000000000000000>, C4<0>, C4<0>, C4<0>;
v0x559f5c8bfed0_0 .net/2u *"_s78", 31 0, L_0x7f9e778a14e0;  1 drivers
v0x559f5c8bffb0_0 .net *"_s8", 31 0, L_0x559f5c8da390;  1 drivers
v0x559f5c8c0090_0 .net *"_s80", 0 0, L_0x559f5c8dbc00;  1 drivers
v0x559f5c8c0150_0 .net *"_s82", 31 0, L_0x559f5c8dbde0;  1 drivers
L_0x7f9e778a1528 .functor BUFT 1, C4<0000000000000000000000000000>, C4<0>, C4<0>, C4<0>;
v0x559f5c8c0230_0 .net *"_s85", 27 0, L_0x7f9e778a1528;  1 drivers
L_0x7f9e778a1570 .functor BUFT 1, C4<00000000000000000000000000000001>, C4<0>, C4<0>, C4<0>;
v0x559f5c8c0310_0 .net/2u *"_s86", 31 0, L_0x7f9e778a1570;  1 drivers
v0x559f5c8c03f0_0 .net *"_s88", 0 0, L_0x559f5c8dbed0;  1 drivers
v0x559f5c8c04b0_0 .net *"_s90", 0 0, L_0x559f5c8dc0c0;  1 drivers
v0x559f5c8c0570_0 .net *"_s92", 31 0, L_0x559f5c8dbd40;  1 drivers
L_0x7f9e778a15b8 .functor BUFT 1, C4<0000000000000000000000000000>, C4<0>, C4<0>, C4<0>;
v0x559f5c8c0650_0 .net *"_s95", 27 0, L_0x7f9e778a15b8;  1 drivers
L_0x7f9e778a1600 .functor BUFT 1, C4<00000000000000000000000000000010>, C4<0>, C4<0>, C4<0>;
v0x559f5c8c0730_0 .net/2u *"_s96", 31 0, L_0x7f9e778a1600;  1 drivers
v0x559f5c8c0810_0 .net *"_s98", 0 0, L_0x559f5c8dc260;  1 drivers
v0x559f5c8c08d0_0 .var "adder_res", 31 0;
v0x559f5c8c09b0_0 .net "alu_arith_ops", 0 0, L_0x559f5c8dc460;  1 drivers
v0x559f5c8c0a70_0 .var "alu_carry", 0 0;
v0x559f5c8c0b30_0 .net "alu_imm_ops", 0 0, L_0x559f5c8db130;  1 drivers
v0x559f5c8c0bf0_0 .net "alu_logic_ops", 0 0, L_0x559f5c8dcb80;  1 drivers
v0x559f5c8c0cb0_0 .net "alu_mem_ops", 0 0, L_0x559f5c8dd110;  1 drivers
v0x559f5c8c0d70_0 .var "alu_negative", 0 0;
v0x559f5c8c0e30_0 .net "alu_ops", 0 0, L_0x559f5c8dd290;  1 drivers
v0x559f5c8c0ef0_0 .var "alu_overflow", 0 0;
v0x559f5c8c0fb0_0 .var "alu_result", 31 0;
v0x559f5c8c1090_0 .net "and_res", 31 0, L_0x559f5c8e0650;  1 drivers
v0x559f5c8c1170_0 .net "branch_ops", 0 0, L_0x559f5c8de0a0;  1 drivers
v0x559f5c8c1230_0 .var "carry_res_n", 0 0;
v0x559f5c8c12f0_0 .var "carry_res_n_1", 31 0;
v0x559f5c8c13d0_0 .net "clk", 0 0, v0x559f5c8c8d70_0;  alias, 1 drivers
v0x559f5c8c1490_0 .net/s "imm", 31 0, L_0x559f5c8df610;  1 drivers
v0x559f5c8c1570_0 .net "imm_ops", 0 0, L_0x559f5c8dd3c0;  1 drivers
v0x559f5c8c1630_0 .net "instruction", 31 0, v0x559f5c8c3fa0_0;  alias, 1 drivers
v0x559f5c8c1710_0 .net "load_imm_ops", 0 0, L_0x559f5c83d1b0;  1 drivers
v0x559f5c8c17d0_0 .net "load_mem_ops", 0 0, L_0x559f5c80c760;  1 drivers
v0x559f5c8c1890_0 .net "load_ops", 0 0, L_0x559f5c8a3980;  1 drivers
v0x559f5c8c1950_0 .var "mem_addr", 9 0;
v0x559f5c8c1a10_0 .net "mem_data_from", 31 0, v0x559f5c8ba010_0;  alias, 1 drivers
v0x559f5c8c1ab0_0 .net "mem_data_to", 31 0, L_0x559f5c8e0490;  alias, 1 drivers
v0x559f5c8c1b70_0 .net "mem_sel", 0 0, L_0x559f5c8e0260;  alias, 1 drivers
v0x559f5c8c1c10_0 .net "mem_we", 0 0, L_0x559f5c8e0420;  alias, 1 drivers
v0x559f5c8c1cb0_0 .net "opcode", 3 0, L_0x559f5c8de650;  1 drivers
v0x559f5c8c1d90_0 .var "operand", 31 0;
v0x559f5c8c1e70_0 .var "pc", 8 0;
v0x559f5c8c1f50_0 .var "regA", 31 0;
v0x559f5c8c2840_0 .var "regB", 31 0;
v0x559f5c8c2920_0 .var "regC", 2 0;
v0x559f5c8c2a00_0 .net "rst", 0 0, v0x559f5c8c9f10_0;  alias, 1 drivers
v0x559f5c8c2ac0_0 .net "store_mem_ops", 0 0, L_0x559f5c8db1a0;  1 drivers
v0x559f5c8c2b80_0 .net "xor_res", 31 0, L_0x559f5c8e06c0;  1 drivers
E_0x559f5c8a4e60/0 .event edge, v0x559f5c8c09b0_0, v0x559f5c8c08d0_0, v0x559f5c8c1230_0, v0x559f5c8c12f0_0;
E_0x559f5c8a4e60/1 .event edge, v0x559f5c8c1cb0_0, v0x559f5c8c1d90_0, v0x559f5c8c1f50_0, v0x559f5c8c1090_0;
E_0x559f5c8a4e60/2 .event edge, v0x559f5c8c2b80_0;
E_0x559f5c8a4e60 .event/or E_0x559f5c8a4e60/0, E_0x559f5c8a4e60/1, E_0x559f5c8a4e60/2;
E_0x559f5c8bac20 .event edge, v0x559f5c8c1cb0_0, v0x559f5c8c12f0_0, v0x559f5c8c1f50_0, v0x559f5c8c1d90_0;
E_0x559f5c8bac90 .event edge, v0x559f5c8c1cb0_0, v0x559f5c8c1f50_0, v0x559f5c8c1d90_0, v0x559f5c8c12f0_0;
E_0x559f5c8bad00 .event edge, v0x559f5c8c1cb0_0, v0x559f5c8c1f50_0, v0x559f5c8c1d90_0;
E_0x559f5c8bad90 .event posedge, v0x559f5c8c2a00_0, v0x559f5c8c13d0_0;
E_0x559f5c8badf0/0 .event edge, v0x559f5c8c1890_0, v0x559f5c8c0e30_0, v0x559f5c8b9e50_0, v0x559f5c8c2840_0;
E_0x559f5c8badf0/1 .event edge, v0x559f5c8c2920_0, v0x559f5c8c1570_0, v0x559f5c8c1490_0, v0x559f5c8ba520_0;
E_0x559f5c8badf0/2 .event edge, v0x559f5c8ba010_0;
E_0x559f5c8badf0 .event/or E_0x559f5c8badf0/0, E_0x559f5c8badf0/1, E_0x559f5c8badf0/2;
E_0x559f5c8baec0 .event edge, v0x559f5c8c1cb0_0, v0x559f5c8c2840_0, v0x559f5c8c1490_0;
L_0x559f5c8ca150 .concat [ 4 28 0 0], L_0x559f5c8de650, L_0x7f9e778a1018;
L_0x559f5c8da250 .cmp/eq 32, L_0x559f5c8ca150, L_0x7f9e778a1060;
L_0x559f5c8da390 .concat [ 4 28 0 0], L_0x559f5c8de650, L_0x7f9e778a10a8;
L_0x559f5c8da4d0 .cmp/eq 32, L_0x559f5c8da390, L_0x7f9e778a10f0;
L_0x559f5c8da6e0 .concat [ 4 28 0 0], L_0x559f5c8de650, L_0x7f9e778a1138;
L_0x559f5c8da820 .cmp/eq 32, L_0x559f5c8da6e0, L_0x7f9e778a1180;
L_0x559f5c8da9a0 .concat [ 4 28 0 0], L_0x559f5c8de650, L_0x7f9e778a11c8;
L_0x559f5c8daa40 .cmp/eq 32, L_0x559f5c8da9a0, L_0x7f9e778a1210;
L_0x559f5c8dad10 .concat [ 4 28 0 0], L_0x559f5c8de650, L_0x7f9e778a1258;
L_0x559f5c8dae00 .cmp/eq 32, L_0x559f5c8dad10, L_0x7f9e778a12a0;
L_0x559f5c8daf50 .concat [ 4 28 0 0], L_0x559f5c8de650, L_0x7f9e778a12e8;
L_0x559f5c8daff0 .cmp/eq 32, L_0x559f5c8daf50, L_0x7f9e778a1330;
L_0x559f5c8db2e0 .concat [ 4 28 0 0], L_0x559f5c8de650, L_0x7f9e778a1378;
L_0x559f5c8db3d0 .cmp/eq 32, L_0x559f5c8db2e0, L_0x7f9e778a13c0;
L_0x559f5c8db590 .concat [ 4 28 0 0], L_0x559f5c8de650, L_0x7f9e778a1408;
L_0x559f5c8db790 .cmp/eq 32, L_0x559f5c8db590, L_0x7f9e778a1450;
L_0x559f5c8dba00 .concat [ 4 28 0 0], L_0x559f5c8de650, L_0x7f9e778a1498;
L_0x559f5c8dbc00 .cmp/eq 32, L_0x559f5c8dba00, L_0x7f9e778a14e0;
L_0x559f5c8dbde0 .concat [ 4 28 0 0], L_0x559f5c8de650, L_0x7f9e778a1528;
L_0x559f5c8dbed0 .cmp/eq 32, L_0x559f5c8dbde0, L_0x7f9e778a1570;
L_0x559f5c8dbd40 .concat [ 4 28 0 0], L_0x559f5c8de650, L_0x7f9e778a15b8;
L_0x559f5c8dc260 .cmp/eq 32, L_0x559f5c8dbd40, L_0x7f9e778a1600;
L_0x559f5c8dc570 .concat [ 4 28 0 0], L_0x559f5c8de650, L_0x7f9e778a1648;
L_0x559f5c8dc660 .cmp/eq 32, L_0x559f5c8dc570, L_0x7f9e778a1690;
L_0x559f5c8dc870 .concat [ 4 28 0 0], L_0x559f5c8de650, L_0x7f9e778a16d8;
L_0x559f5c8dc960 .cmp/eq 32, L_0x559f5c8dc870, L_0x7f9e778a1720;
L_0x559f5c8dcce0 .concat [ 4 28 0 0], L_0x559f5c8de650, L_0x7f9e778a1768;
L_0x559f5c8dcdd0 .cmp/ne 32, L_0x559f5c8dcce0, L_0x7f9e778a17b0;
L_0x559f5c8dd430 .concat [ 4 28 0 0], L_0x559f5c8de650, L_0x7f9e778a17f8;
L_0x559f5c8dd520 .cmp/eq 32, L_0x559f5c8dd430, L_0x7f9e778a1840;
L_0x559f5c8dd760 .concat [ 4 28 0 0], L_0x559f5c8de650, L_0x7f9e778a1888;
L_0x559f5c8dd850 .cmp/eq 32, L_0x559f5c8dd760, L_0x7f9e778a18d0;
L_0x559f5c8ddc60 .concat [ 4 28 0 0], L_0x559f5c8de650, L_0x7f9e778a1918;
L_0x559f5c8ddf60 .cmp/eq 32, L_0x559f5c8ddc60, L_0x7f9e778a1960;
L_0x559f5c8de260 .concat [ 4 28 0 0], L_0x559f5c8de650, L_0x7f9e778a19a8;
L_0x559f5c8de350 .cmp/eq 32, L_0x559f5c8de260, L_0x7f9e778a19f0;
L_0x559f5c8de650 .part v0x559f5c8c3fa0_0, 28, 4;
L_0x559f5c8de6f0 .concat [ 4 28 0 0], L_0x559f5c8de650, L_0x7f9e778a1a38;
L_0x559f5c8de920 .cmp/eq 32, L_0x559f5c8de6f0, L_0x7f9e778a1a80;
L_0x559f5c8dea60 .part v0x559f5c8c3fa0_0, 0, 16;
L_0x559f5c8dec50 .part v0x559f5c8c1f50_0, 0, 16;
L_0x559f5c8ded20 .concat [ 16 16 0 0], L_0x559f5c8dec50, L_0x559f5c8dea60;
L_0x559f5c8defa0 .part v0x559f5c8c3fa0_0, 27, 1;
L_0x559f5c8df040 .concat [ 1 1 1 1], L_0x559f5c8defa0, L_0x559f5c8defa0, L_0x559f5c8defa0, L_0x559f5c8defa0;
L_0x559f5c8df2d0 .part v0x559f5c8c3fa0_0, 0, 28;
L_0x559f5c8df370 .concat [ 28 4 0 0], L_0x559f5c8df2d0, L_0x559f5c8df040;
L_0x559f5c8df610 .functor MUXZ 32, L_0x559f5c8df370, L_0x559f5c8ded20, L_0x559f5c8de920, C4<>;
L_0x559f5c8dfa10 .concat [ 10 22 0 0], v0x559f5c8c1950_0, L_0x7f9e778a1ac8;
L_0x559f5c8dfc90 .cmp/ne 32, L_0x559f5c8dfa10, L_0x7f9e778a1b10;
L_0x559f5c8dfee0 .concat [ 10 22 0 0], v0x559f5c8c1950_0, L_0x7f9e778a1b58;
L_0x559f5c8e0120 .cmp/ne 32, L_0x559f5c8dfee0, L_0x7f9e778a1ba0;
S_0x559f5c8c2d80 .scope module, "cprint" "xcprint" 5 206, 8 4 0, S_0x559f5c860290;
 .timescale -9 -12;
    .port_info 0 /INPUT 1 "clk"
    .port_info 1 /INPUT 1 "sel"
    .port_info 2 /INPUT 8 "data_in"
v0x559f5c8c3000_0 .net "clk", 0 0, v0x559f5c8c8d70_0;  alias, 1 drivers
v0x559f5c8c30f0_0 .net "data_in", 7 0, L_0x559f5c8e1b70;  1 drivers
v0x559f5c8c31b0_0 .net "sel", 0 0, L_0x559f5c8e1ab0;  1 drivers
E_0x559f5c8c2f80 .event posedge, v0x559f5c8c13d0_0;
S_0x559f5c8c3300 .scope module, "ram" "xram" 5 92, 9 4 0, S_0x559f5c860290;
 .timescale -9 -12;
    .port_info 0 /INPUT 1 "clk"
    .port_info 1 /INPUT 9 "pc"
    .port_info 2 /OUTPUT 32 "instruction"
    .port_info 3 /INPUT 1 "data_sel"
    .port_info 4 /INPUT 1 "data_we"
    .port_info 5 /INPUT 9 "data_addr"
    .port_info 6 /INPUT 32 "data_in"
    .port_info 7 /OUTPUT 32 "data_out"
L_0x559f5c8e0890 .functor BUFZ 9, L_0x559f5c8df970, C4<000000000>, C4<000000000>, C4<000000000>;
L_0x559f5c8e0900 .functor BUFZ 1, L_0x559f5c8e0420, C4<0>, C4<0>, C4<0>;
L_0x559f5c8e0970 .functor BUFZ 32, L_0x559f5c8e0490, C4<00000000000000000000000000000000>, C4<00000000000000000000000000000000>, C4<00000000000000000000000000000000>;
L_0x559f5c8e09e0 .functor BUFZ 1, v0x559f5c8ba2c0_0, C4<0>, C4<0>, C4<0>;
L_0x559f5c8e0ab0 .functor BUFZ 32, v0x559f5c8c3c00_0, C4<00000000000000000000000000000000>, C4<00000000000000000000000000000000>, C4<00000000000000000000000000000000>;
v0x559f5c8c35f0_0 .net "clk", 0 0, v0x559f5c8c8d70_0;  alias, 1 drivers
v0x559f5c8c36e0_0 .net "data_addr", 8 0, L_0x559f5c8df970;  1 drivers
v0x559f5c8c37c0_0 .net "data_addr_int", 8 0, L_0x559f5c8e0890;  1 drivers
v0x559f5c8c3880_0 .net "data_en_int", 0 0, L_0x559f5c8e09e0;  1 drivers
v0x559f5c8c3940_0 .net "data_in", 31 0, L_0x559f5c8e0490;  alias, 1 drivers
v0x559f5c8c3a50_0 .net "data_in_int", 31 0, L_0x559f5c8e0970;  1 drivers
v0x559f5c8c3b10_0 .net "data_out", 31 0, L_0x559f5c8e0ab0;  alias, 1 drivers
v0x559f5c8c3c00_0 .var "data_out_int", 31 0;
v0x559f5c8c3cc0_0 .net "data_sel", 0 0, v0x559f5c8ba2c0_0;  alias, 1 drivers
v0x559f5c8c3d90_0 .net "data_we", 0 0, L_0x559f5c8e0420;  alias, 1 drivers
v0x559f5c8c3e60_0 .net "data_we_int", 0 0, L_0x559f5c8e0900;  1 drivers
L_0x7f9e778a1be8 .functor BUFT 1, C4<1>, C4<0>, C4<0>, C4<0>;
v0x559f5c8c3f00_0 .net "instr_en", 0 0, L_0x7f9e778a1be8;  1 drivers
v0x559f5c8c3fa0_0 .var "instruction", 31 0;
v0x559f5c8c4090 .array "mem", 0 511, 31 0;
v0x559f5c8c4130_0 .net "pc", 8 0, v0x559f5c8c1e70_0;  alias, 1 drivers
S_0x559f5c8c4300 .scope module, "regf" "xregf" 5 109, 10 4 0, S_0x559f5c860290;
 .timescale -9 -12;
    .port_info 0 /INPUT 1 "clk"
    .port_info 1 /INPUT 1 "sel"
    .port_info 2 /INPUT 1 "we"
    .port_info 3 /INPUT 4 "addr"
    .port_info 4 /INPUT 32 "data_in"
    .port_info 5 /OUTPUT 32 "data_out"
v0x559f5c8c45b0_0 .net *"_s0", 31 0, L_0x559f5c8e0b50;  1 drivers
v0x559f5c8c46b0_0 .net *"_s2", 5 0, L_0x559f5c8e0c20;  1 drivers
L_0x7f9e778a1c30 .functor BUFT 1, C4<00>, C4<0>, C4<0>, C4<0>;
v0x559f5c8c4790_0 .net *"_s5", 1 0, L_0x7f9e778a1c30;  1 drivers
L_0x7f9e778a1c78 .functor BUFT 1, C4<00000000000000000000000000000000>, C4<0>, C4<0>, C4<0>;
v0x559f5c8c4850_0 .net/2u *"_s6", 31 0, L_0x7f9e778a1c78;  1 drivers
v0x559f5c8c4930_0 .net "addr", 3 0, L_0x559f5c8e0ed0;  1 drivers
v0x559f5c8c4a60_0 .net "clk", 0 0, v0x559f5c8c8d70_0;  alias, 1 drivers
v0x559f5c8c4b00_0 .net "data_in", 31 0, L_0x559f5c8e0490;  alias, 1 drivers
v0x559f5c8c4c10_0 .net "data_out", 31 0, L_0x559f5c8e0d90;  alias, 1 drivers
v0x559f5c8c4cd0 .array "regf", 0 15, 31 0;
v0x559f5c8c4f70_0 .net "sel", 0 0, v0x559f5c8ba460_0;  alias, 1 drivers
v0x559f5c8c5010_0 .net "we", 0 0, L_0x559f5c8e0420;  alias, 1 drivers
L_0x559f5c8e0b50 .array/port v0x559f5c8c4cd0, L_0x559f5c8e0c20;
L_0x559f5c8e0c20 .concat [ 4 2 0 0], L_0x559f5c8e0ed0, L_0x7f9e778a1c30;
L_0x559f5c8e0d90 .functor MUXZ 32, L_0x7f9e778a1c78, L_0x559f5c8e0b50, v0x559f5c8ba460_0, C4<>;
S_0x559f5c8c5190 .scope module, "xloop" "sequencer_loop_controller" 5 172, 11 11 0, S_0x559f5c860290;
 .timescale 0 0;
    .port_info 0 /INPUT 8 "freqin"
    .port_info 1 /INPUT 8 "kbd_in"
    .port_info 2 /INPUT 1 "sel_loop"
    .port_info 3 /INPUT 1 "sel_snd"
    .port_info 4 /INPUT 1 "clk"
    .port_info 5 /OUTPUT 1 "snd_out"
    .port_info 6 /OUTPUT 8 "led_out"
    .port_info 7 /INPUT 1 "rst"
L_0x559f5c8e0fc0 .functor OR 8, v0x559f5c8c6450_0, o0x7f9e778ecd18, C4<00000000>, C4<00000000>;
L_0x559f5c8e12e0 .functor AND 32, L_0x559f5c8e10d0, L_0x559f5c8e11c0, C4<11111111111111111111111111111111>, C4<11111111111111111111111111111111>;
L_0x7f9e778a1d50 .functor BUFT 1, C4<00000000000000000000000000000001>, C4<0>, C4<0>, C4<0>;
L_0x559f5c8e14f0 .functor AND 32, L_0x559f5c8e13f0, L_0x7f9e778a1d50, C4<11111111111111111111111111111111>, C4<11111111111111111111111111111111>;
L_0x559f5c8e1630 .functor AND 32, L_0x559f5c8e12e0, L_0x559f5c8e14f0, C4<11111111111111111111111111111111>, C4<11111111111111111111111111111111>;
L_0x559f5c8e18e0 .functor BUFZ 8, v0x559f5c8c6d10_0, C4<00000000>, C4<00000000>, C4<00000000>;
v0x559f5c8c54c0_0 .net *"_s10", 31 0, L_0x559f5c8e12e0;  1 drivers
L_0x7f9e778a1d98 .functor BUFT 1, C4<000000000000000000000000zzzzzzzz>, C4<0>, C4<0>, C4<0>;
v0x559f5c8c55c0_0 .net *"_s12", 31 0, L_0x7f9e778a1d98;  1 drivers
v0x559f5c8c56a0_0 .net *"_s16", 31 0, L_0x559f5c8e13f0;  1 drivers
v0x559f5c8c5760_0 .net/2u *"_s18", 31 0, L_0x7f9e778a1d50;  1 drivers
v0x559f5c8c5840_0 .net *"_s2", 31 0, L_0x559f5c8e10d0;  1 drivers
v0x559f5c8c5970_0 .net *"_s20", 31 0, L_0x559f5c8e14f0;  1 drivers
v0x559f5c8c5a50_0 .net *"_s22", 31 0, L_0x559f5c8e1630;  1 drivers
L_0x7f9e778a1cc0 .functor BUFT 1, C4<0000000000000000000000000000000>, C4<0>, C4<0>, C4<0>;
v0x559f5c8c5b30_0 .net *"_s5", 30 0, L_0x7f9e778a1cc0;  1 drivers
v0x559f5c8c5c10_0 .net *"_s6", 31 0, L_0x559f5c8e11c0;  1 drivers
L_0x7f9e778a1d08 .functor BUFT 1, C4<0000000000000000000000000000000>, C4<0>, C4<0>, C4<0>;
v0x559f5c8c5cf0_0 .net *"_s9", 30 0, L_0x7f9e778a1d08;  1 drivers
v0x559f5c8c5dd0_0 .net "clk", 0 0, v0x559f5c8c8d70_0;  alias, 1 drivers
v0x559f5c8c5e70_0 .var "curr_sft", 4 0;
v0x559f5c8c5f50_0 .var "freq", 20 0;
v0x559f5c8c6030_0 .net "freqin", 7 0, L_0x559f5c8e1950;  1 drivers
v0x559f5c8c6110_0 .net "kbd_in", 7 0, o0x7f9e778ecd18;  alias, 0 drivers
v0x559f5c8c61f0_0 .net "led_out", 7 0, L_0x559f5c8e0fc0;  alias, 1 drivers
v0x559f5c8c62d0_0 .var "loop_counter", 27 0;
v0x559f5c8c63b0_0 .net "rst", 0 0, v0x559f5c8c9f10_0;  alias, 1 drivers
v0x559f5c8c6450_0 .var "scroll_out", 7 0;
v0x559f5c8c6510_0 .net "sel_loop", 0 0, v0x559f5c8ba5e0_0;  alias, 1 drivers
v0x559f5c8c65e0_0 .net "sel_snd", 0 0, v0x559f5c8ba6a0_0;  alias, 1 drivers
v0x559f5c8c66b0_0 .var "snd_counter", 27 0;
v0x559f5c8c6750_0 .var "snd_en", 0 0;
v0x559f5c8c6810_0 .var "snd_en_time", 27 0;
v0x559f5c8c68f0_0 .var "snd_freq_counter", 20 0;
v0x559f5c8c69d0_0 .var "snd_gen", 0 0;
v0x559f5c8c6a90_0 .net "snd_out", 0 0, L_0x559f5c8e1770;  alias, 1 drivers
v0x559f5c8c6b50_0 .net "sndenreg", 7 0, L_0x559f5c8e18e0;  1 drivers
v0x559f5c8c6c30_0 .var "sweep", 27 0;
v0x559f5c8c6d10_0 .var "sweepreg", 7 0;
E_0x559f5c8c44d0 .event edge, v0x559f5c8c6b50_0;
L_0x559f5c8e10d0 .concat [ 1 31 0 0], v0x559f5c8c69d0_0, L_0x7f9e778a1cc0;
L_0x559f5c8e11c0 .concat [ 1 31 0 0], v0x559f5c8c6750_0, L_0x7f9e778a1d08;
L_0x559f5c8e13f0 .shift/r 32, L_0x7f9e778a1d98, v0x559f5c8c5e70_0;
L_0x559f5c8e1770 .part L_0x559f5c8e1630, 0, 1;
S_0x559f5c8c6ef0 .scope module, "xpush" "push_button_driver" 5 195, 12 3 0, S_0x559f5c860290;
 .timescale 0 0;
    .port_info 0 /INPUT 1 "sel"
    .port_info 1 /INPUT 1 "clk"
    .port_info 2 /INPUT 4 "sw_in"
    .port_info 3 /OUTPUT 4 "sw_out"
v0x559f5c8c70a0_0 .net "clk", 0 0, v0x559f5c8c8d70_0;  alias, 1 drivers
v0x559f5c8c7160_0 .net "sel", 0 0, v0x559f5c8ba760_0;  alias, 1 drivers
L_0x7f9e778a1de0 .functor BUFT 1, C4<000z>, C4<0>, C4<0>, C4<0>;
v0x559f5c8c7250_0 .net "sw_in", 3 0, L_0x7f9e778a1de0;  1 drivers
v0x559f5c8c7320_0 .var "sw_out", 3 0;
S_0x559f5c8c7490 .scope module, "xsw" "switch_driver" 5 183, 13 3 0, S_0x559f5c860290;
 .timescale -9 -12;
    .port_info 0 /INPUT 1 "sel"
    .port_info 1 /INPUT 8 "kbd_in"
    .port_info 2 /OUTPUT 8 "kbd_out"
o0x7f9e778ed228 .functor BUFZ 8, C4<zzzzzzzz>; HiZ drive
L_0x559f5c8e19f0 .functor BUFZ 8, o0x7f9e778ed228, C4<00000000>, C4<00000000>, C4<00000000>;
v0x559f5c8c7680_0 .net "kbd_in", 7 0, o0x7f9e778ed228;  0 drivers
v0x559f5c8c7780_0 .net "kbd_out", 7 0, L_0x559f5c8e19f0;  alias, 1 drivers
v0x559f5c8c7860_0 .net "sel", 0 0, v0x559f5c8ba760_0;  alias, 1 drivers
    .scope S_0x559f5c8715a0;
T_0 ;
    %wait E_0x559f5c811620;
    %load/vec4 v0x559f5c899870_0;
    %flag_set/vec4 8;
    %jmp/0xz  T_0.0, 8;
    %pushi/vec4 0, 0, 1;
    %assign/vec4 v0x559f5c87dd60_0, 0;
    %jmp T_0.1;
T_0.0 ;
    %load/vec4 v0x559f5c88f710_0;
    %flag_set/vec4 8;
    %jmp/0xz  T_0.2, 8;
    %load/vec4 v0x559f5c87dcc0_0;
    %assign/vec4 v0x559f5c87dd60_0, 0;
T_0.2 ;
T_0.1 ;
    %jmp T_0;
    .thread T_0;
    .scope S_0x559f5c864d90;
T_1 ;
    %wait E_0x559f5c8baec0;
    %load/vec4 v0x559f5c8c1cb0_0;
    %pad/u 32;
    %cmpi/e 10, 0, 32;
    %flag_mov 8, 4;
    %load/vec4 v0x559f5c8c1cb0_0;
    %pad/u 32;
    %cmpi/e 11, 0, 32;
    %flag_or 4, 8;
    %jmp/0xz  T_1.0, 4;
    %load/vec4 v0x559f5c8c2840_0;
    %parti/s 10, 0, 2;
    %store/vec4 v0x559f5c8c1950_0, 0, 10;
    %jmp T_1.1;
T_1.0 ;
    %load/vec4 v0x559f5c8c1490_0;
    %parti/s 10, 0, 2;
    %store/vec4 v0x559f5c8c1950_0, 0, 10;
T_1.1 ;
    %jmp T_1;
    .thread T_1, $push;
    .scope S_0x559f5c864d90;
T_2 ;
    %wait E_0x559f5c8badf0;
    %pushi/vec4 0, 0, 32;
    %store/vec4 v0x559f5c8c1d90_0, 0, 32;
    %load/vec4 v0x559f5c8c1890_0;
    %flag_set/vec4 8;
    %load/vec4 v0x559f5c8c0e30_0;
    %flag_set/vec4 9;
    %flag_or 9, 8;
    %jmp/0xz  T_2.0, 9;
    %load/vec4 v0x559f5c8c1950_0;
    %pad/u 32;
    %cmpi/e 528, 0, 32;
    %jmp/0xz  T_2.2, 4;
    %load/vec4 v0x559f5c8c2840_0;
    %store/vec4 v0x559f5c8c1d90_0, 0, 32;
    %jmp T_2.3;
T_2.2 ;
    %load/vec4 v0x559f5c8c1950_0;
    %pad/u 32;
    %cmpi/e 529, 0, 32;
    %jmp/0xz  T_2.4, 4;
    %load/vec4 v0x559f5c8c2920_0;
    %pad/u 32;
    %pushi/vec4 0, 0, 32;
    %or;
    %store/vec4 v0x559f5c8c1d90_0, 0, 32;
    %jmp T_2.5;
T_2.4 ;
    %load/vec4 v0x559f5c8c1570_0;
    %flag_set/vec4 8;
    %jmp/0xz  T_2.6, 8;
    %load/vec4 v0x559f5c8c1490_0;
    %store/vec4 v0x559f5c8c1d90_0, 0, 32;
    %jmp T_2.7;
T_2.6 ;
    %load/vec4 v0x559f5c8c1b70_0;
    %flag_set/vec4 8;
    %jmp/0xz  T_2.8, 8;
    %load/vec4 v0x559f5c8c1a10_0;
    %store/vec4 v0x559f5c8c1d90_0, 0, 32;
T_2.8 ;
T_2.7 ;
T_2.5 ;
T_2.3 ;
T_2.0 ;
    %jmp T_2;
    .thread T_2, $push;
    .scope S_0x559f5c864d90;
T_3 ;
    %wait E_0x559f5c8bad90;
    %load/vec4 v0x559f5c8c2a00_0;
    %flag_set/vec4 8;
    %jmp/0xz  T_3.0, 8;
    %pushi/vec4 0, 0, 9;
    %assign/vec4 v0x559f5c8c1e70_0, 0;
    %jmp T_3.1;
T_3.0 ;
    %load/vec4 v0x559f5c8c1e70_0;
    %addi 1, 0, 9;
    %assign/vec4 v0x559f5c8c1e70_0, 0;
    %load/vec4 v0x559f5c8c1cb0_0;
    %pad/u 32;
    %pushi/vec4 12, 0, 32;
    %cmp/e;
    %flag_get/vec4 4;
    %load/vec4 v0x559f5c8c1f50_0;
    %pushi/vec4 0, 0, 32;
    %cmp/e;
    %flag_get/vec4 4;
    %and;
    %flag_set/vec4 8;
    %jmp/0xz  T_3.2, 8;
    %load/vec4 v0x559f5c8c1490_0;
    %parti/s 10, 0, 2;
    %pad/u 9;
    %assign/vec4 v0x559f5c8c1e70_0, 0;
    %jmp T_3.3;
T_3.2 ;
    %load/vec4 v0x559f5c8c1cb0_0;
    %pad/u 32;
    %pushi/vec4 14, 0, 32;
    %cmp/e;
    %flag_get/vec4 4;
    %load/vec4 v0x559f5c8c1f50_0;
    %pushi/vec4 0, 0, 32;
    %cmp/e;
    %flag_get/vec4 4;
    %inv;
    %and;
    %flag_set/vec4 8;
    %jmp/0xz  T_3.4, 8;
    %load/vec4 v0x559f5c8c1490_0;
    %parti/s 10, 0, 2;
    %pad/u 9;
    %assign/vec4 v0x559f5c8c1e70_0, 0;
    %jmp T_3.5;
T_3.4 ;
    %load/vec4 v0x559f5c8c1cb0_0;
    %pad/u 32;
    %pushi/vec4 13, 0, 32;
    %cmp/e;
    %flag_get/vec4 4;
    %load/vec4 v0x559f5c8c1f50_0;
    %pushi/vec4 0, 0, 32;
    %cmp/e;
    %flag_get/vec4 4;
    %and;
    %flag_set/vec4 8;
    %jmp/0xz  T_3.6, 8;
    %load/vec4 v0x559f5c8c2840_0;
    %parti/s 10, 0, 2;
    %pad/u 9;
    %assign/vec4 v0x559f5c8c1e70_0, 0;
    %jmp T_3.7;
T_3.6 ;
    %load/vec4 v0x559f5c8c1cb0_0;
    %pad/u 32;
    %pushi/vec4 15, 0, 32;
    %cmp/e;
    %flag_get/vec4 4;
    %load/vec4 v0x559f5c8c1f50_0;
    %pushi/vec4 0, 0, 32;
    %cmp/e;
    %flag_get/vec4 4;
    %inv;
    %and;
    %flag_set/vec4 8;
    %jmp/0xz  T_3.8, 8;
    %load/vec4 v0x559f5c8c2840_0;
    %parti/s 10, 0, 2;
    %pad/u 9;
    %assign/vec4 v0x559f5c8c1e70_0, 0;
T_3.8 ;
T_3.7 ;
T_3.5 ;
T_3.3 ;
T_3.1 ;
    %jmp T_3;
    .thread T_3;
    .scope S_0x559f5c864d90;
T_4 ;
    %wait E_0x559f5c8bad90;
    %load/vec4 v0x559f5c8c2a00_0;
    %flag_set/vec4 8;
    %jmp/0xz  T_4.0, 8;
    %pushi/vec4 0, 0, 32;
    %assign/vec4 v0x559f5c8c1f50_0, 0;
    %jmp T_4.1;
T_4.0 ;
    %load/vec4 v0x559f5c8c1890_0;
    %flag_set/vec4 8;
    %jmp/0xz  T_4.2, 8;
    %load/vec4 v0x559f5c8c1d90_0;
    %assign/vec4 v0x559f5c8c1f50_0, 0;
    %jmp T_4.3;
T_4.2 ;
    %load/vec4 v0x559f5c8c0e30_0;
    %flag_set/vec4 8;
    %jmp/0xz  T_4.4, 8;
    %load/vec4 v0x559f5c8c0fb0_0;
    %assign/vec4 v0x559f5c8c1f50_0, 0;
    %jmp T_4.5;
T_4.4 ;
    %load/vec4 v0x559f5c8c1170_0;
    %flag_set/vec4 8;
    %jmp/0xz  T_4.6, 8;
    %load/vec4 v0x559f5c8c1f50_0;
    %subi 1, 0, 32;
    %assign/vec4 v0x559f5c8c1f50_0, 0;
T_4.6 ;
T_4.5 ;
T_4.3 ;
T_4.1 ;
    %jmp T_4;
    .thread T_4;
    .scope S_0x559f5c864d90;
T_5 ;
    %wait E_0x559f5c8bad90;
    %load/vec4 v0x559f5c8c2a00_0;
    %flag_set/vec4 8;
    %jmp/0xz  T_5.0, 8;
    %pushi/vec4 0, 0, 32;
    %assign/vec4 v0x559f5c8c2840_0, 0;
    %jmp T_5.1;
T_5.0 ;
    %load/vec4 v0x559f5c8c1950_0;
    %pad/u 32;
    %pushi/vec4 528, 0, 32;
    %cmp/e;
    %flag_get/vec4 4;
    %load/vec4 v0x559f5c8c1c10_0;
    %and;
    %flag_set/vec4 8;
    %jmp/0xz  T_5.2, 8;
    %load/vec4 v0x559f5c8c1f50_0;
    %assign/vec4 v0x559f5c8c2840_0, 0;
T_5.2 ;
T_5.1 ;
    %jmp T_5;
    .thread T_5;
    .scope S_0x559f5c864d90;
T_6 ;
    %wait E_0x559f5c8bad90;
    %load/vec4 v0x559f5c8c2a00_0;
    %flag_set/vec4 8;
    %jmp/0xz  T_6.0, 8;
    %pushi/vec4 0, 0, 3;
    %assign/vec4 v0x559f5c8c2920_0, 0;
    %jmp T_6.1;
T_6.0 ;
    %load/vec4 v0x559f5c8c0e30_0;
    %flag_set/vec4 8;
    %jmp/0xz  T_6.2, 8;
    %load/vec4 v0x559f5c8c0d70_0;
    %load/vec4 v0x559f5c8c0ef0_0;
    %concat/vec4; draw_concat_vec4
    %load/vec4 v0x559f5c8c0a70_0;
    %concat/vec4; draw_concat_vec4
    %assign/vec4 v0x559f5c8c2920_0, 0;
T_6.2 ;
T_6.1 ;
    %jmp T_6;
    .thread T_6;
    .scope S_0x559f5c864d90;
T_7 ;
    %wait E_0x559f5c8bad00;
    %load/vec4 v0x559f5c8c1cb0_0;
    %pad/u 32;
    %cmpi/e 2, 0, 32;
    %jmp/0xz  T_7.0, 4;
    %pushi/vec4 0, 0, 1;
    %load/vec4 v0x559f5c8c1f50_0;
    %parti/s 31, 0, 2;
    %concat/vec4; draw_concat_vec4
    %pushi/vec4 0, 0, 1;
    %load/vec4 v0x559f5c8c1d90_0;
    %parti/s 31, 0, 2;
    %concat/vec4; draw_concat_vec4
    %sub;
    %store/vec4 v0x559f5c8c12f0_0, 0, 32;
    %jmp T_7.1;
T_7.0 ;
    %pushi/vec4 0, 0, 1;
    %load/vec4 v0x559f5c8c1f50_0;
    %parti/s 31, 0, 2;
    %concat/vec4; draw_concat_vec4
    %pushi/vec4 0, 0, 1;
    %load/vec4 v0x559f5c8c1d90_0;
    %parti/s 31, 0, 2;
    %concat/vec4; draw_concat_vec4
    %add;
    %store/vec4 v0x559f5c8c12f0_0, 0, 32;
T_7.1 ;
    %jmp T_7;
    .thread T_7, $push;
    .scope S_0x559f5c864d90;
T_8 ;
    %wait E_0x559f5c8bac90;
    %load/vec4 v0x559f5c8c1cb0_0;
    %pad/u 32;
    %cmpi/e 2, 0, 32;
    %jmp/0xz  T_8.0, 4;
    %load/vec4 v0x559f5c8c1f50_0;
    %parti/s 1, 31, 6;
    %load/vec4 v0x559f5c8c1d90_0;
    %parti/s 1, 31, 6;
    %inv;
    %and;
    %load/vec4 v0x559f5c8c1f50_0;
    %parti/s 1, 31, 6;
    %load/vec4 v0x559f5c8c1d90_0;
    %parti/s 1, 31, 6;
    %inv;
    %xor;
    %add;
    %load/vec4 v0x559f5c8c12f0_0;
    %parti/s 1, 31, 6;
    %and;
    %store/vec4 v0x559f5c8c1230_0, 0, 1;
    %jmp T_8.1;
T_8.0 ;
    %load/vec4 v0x559f5c8c1f50_0;
    %parti/s 1, 31, 6;
    %load/vec4 v0x559f5c8c1d90_0;
    %parti/s 1, 31, 6;
    %and;
    %load/vec4 v0x559f5c8c1f50_0;
    %parti/s 1, 31, 6;
    %load/vec4 v0x559f5c8c1d90_0;
    %parti/s 1, 31, 6;
    %xor;
    %add;
    %load/vec4 v0x559f5c8c12f0_0;
    %parti/s 1, 31, 6;
    %and;
    %store/vec4 v0x559f5c8c1230_0, 0, 1;
T_8.1 ;
    %jmp T_8;
    .thread T_8, $push;
    .scope S_0x559f5c864d90;
T_9 ;
    %wait E_0x559f5c8bac20;
    %load/vec4 v0x559f5c8c1cb0_0;
    %pad/u 32;
    %cmpi/e 2, 0, 32;
    %jmp/0xz  T_9.0, 4;
    %load/vec4 v0x559f5c8c12f0_0;
    %load/vec4 v0x559f5c8c1f50_0;
    %parti/s 1, 31, 6;
    %concati/vec4 0, 0, 31;
    %add;
    %load/vec4 v0x559f5c8c1d90_0;
    %parti/s 1, 31, 6;
    %concati/vec4 0, 0, 31;
    %sub;
    %store/vec4 v0x559f5c8c08d0_0, 0, 32;
    %jmp T_9.1;
T_9.0 ;
    %load/vec4 v0x559f5c8c12f0_0;
    %load/vec4 v0x559f5c8c1f50_0;
    %parti/s 1, 31, 6;
    %concati/vec4 0, 0, 31;
    %add;
    %load/vec4 v0x559f5c8c1d90_0;
    %parti/s 1, 31, 6;
    %concati/vec4 0, 0, 31;
    %add;
    %store/vec4 v0x559f5c8c08d0_0, 0, 32;
T_9.1 ;
    %jmp T_9;
    .thread T_9, $push;
    .scope S_0x559f5c864d90;
T_10 ;
    %wait E_0x559f5c8a4e60;
    %pushi/vec4 0, 0, 32;
    %store/vec4 v0x559f5c8c0fb0_0, 0, 32;
    %pushi/vec4 0, 0, 1;
    %store/vec4 v0x559f5c8c0a70_0, 0, 1;
    %pushi/vec4 0, 0, 1;
    %store/vec4 v0x559f5c8c0d70_0, 0, 1;
    %pushi/vec4 0, 0, 1;
    %store/vec4 v0x559f5c8c0ef0_0, 0, 1;
    %load/vec4 v0x559f5c8c09b0_0;
    %flag_set/vec4 8;
    %jmp/0xz  T_10.0, 8;
    %load/vec4 v0x559f5c8c08d0_0;
    %store/vec4 v0x559f5c8c0fb0_0, 0, 32;
    %load/vec4 v0x559f5c8c1230_0;
    %store/vec4 v0x559f5c8c0a70_0, 0, 1;
    %load/vec4 v0x559f5c8c1230_0;
    %load/vec4 v0x559f5c8c12f0_0;
    %parti/s 1, 31, 6;
    %xor;
    %store/vec4 v0x559f5c8c0ef0_0, 0, 1;
    %load/vec4 v0x559f5c8c08d0_0;
    %parti/s 1, 31, 6;
    %store/vec4 v0x559f5c8c0d70_0, 0, 1;
    %jmp T_10.1;
T_10.0 ;
    %load/vec4 v0x559f5c8c1cb0_0;
    %pad/u 32;
    %cmpi/e 3, 0, 32;
    %jmp/0xz  T_10.2, 4;
    %load/vec4 v0x559f5c8c1d90_0;
    %parti/s 1, 31, 6;
    %flag_set/vec4 8;
    %jmp/0xz  T_10.4, 8;
    %load/vec4 v0x559f5c8c1f50_0;
    %ix/load 4, 1, 0;
    %flag_set/imm 4, 0;
    %shiftl 4;
    %store/vec4 v0x559f5c8c0fb0_0, 0, 32;
    %load/vec4 v0x559f5c8c1f50_0;
    %parti/s 1, 31, 6;
    %store/vec4 v0x559f5c8c0a70_0, 0, 1;
    %load/vec4 v0x559f5c8c1f50_0;
    %parti/s 1, 31, 6;
    %load/vec4 v0x559f5c8c1f50_0;
    %parti/s 1, 30, 6;
    %xor;
    %store/vec4 v0x559f5c8c0ef0_0, 0, 1;
    %load/vec4 v0x559f5c8c1f50_0;
    %parti/s 1, 30, 6;
    %store/vec4 v0x559f5c8c0d70_0, 0, 1;
    %jmp T_10.5;
T_10.4 ;
    %load/vec4 v0x559f5c8c1f50_0;
    %parti/s 1, 31, 6;
    %load/vec4 v0x559f5c8c1f50_0;
    %parti/s 31, 1, 2;
    %concat/vec4; draw_concat_vec4
    %store/vec4 v0x559f5c8c0fb0_0, 0, 32;
    %pushi/vec4 0, 0, 1;
    %store/vec4 v0x559f5c8c0a70_0, 0, 1;
    %pushi/vec4 0, 0, 1;
    %store/vec4 v0x559f5c8c0ef0_0, 0, 1;
    %load/vec4 v0x559f5c8c1f50_0;
    %parti/s 1, 31, 6;
    %store/vec4 v0x559f5c8c0d70_0, 0, 1;
T_10.5 ;
    %jmp T_10.3;
T_10.2 ;
    %load/vec4 v0x559f5c8c1cb0_0;
    %pad/u 32;
    %cmpi/e 4, 0, 32;
    %jmp/0xz  T_10.6, 4;
    %load/vec4 v0x559f5c8c1090_0;
    %store/vec4 v0x559f5c8c0fb0_0, 0, 32;
    %pushi/vec4 0, 0, 1;
    %store/vec4 v0x559f5c8c0a70_0, 0, 1;
    %load/vec4 v0x559f5c8c1090_0;
    %parti/s 1, 31, 6;
    %store/vec4 v0x559f5c8c0d70_0, 0, 1;
    %pushi/vec4 0, 0, 1;
    %store/vec4 v0x559f5c8c0ef0_0, 0, 1;
    %jmp T_10.7;
T_10.6 ;
    %load/vec4 v0x559f5c8c1cb0_0;
    %pad/u 32;
    %cmpi/e 5, 0, 32;
    %jmp/0xz  T_10.8, 4;
    %load/vec4 v0x559f5c8c2b80_0;
    %store/vec4 v0x559f5c8c0fb0_0, 0, 32;
    %pushi/vec4 0, 0, 1;
    %store/vec4 v0x559f5c8c0a70_0, 0, 1;
    %load/vec4 v0x559f5c8c2b80_0;
    %parti/s 1, 31, 6;
    %store/vec4 v0x559f5c8c0d70_0, 0, 1;
    %pushi/vec4 0, 0, 1;
    %store/vec4 v0x559f5c8c0ef0_0, 0, 1;
T_10.8 ;
T_10.7 ;
T_10.3 ;
T_10.1 ;
    %jmp T_10;
    .thread T_10, $push;
    .scope S_0x559f5c8c3300;
T_11 ;
    %vpi_call/w 9 63 "$readmemh", "program.hex", v0x559f5c8c4090, 32'sb00000000000000000000000000000000, 32'sb00000000000000000000000111111111 {0 0 0};
    %end;
    .thread T_11;
    .scope S_0x559f5c8c3300;
T_12 ;
    %wait E_0x559f5c8c2f80;
    %load/vec4 v0x559f5c8c3f00_0;
    %flag_set/vec4 8;
    %jmp/0xz  T_12.0, 8;
    %load/vec4 v0x559f5c8c4130_0;
    %pad/u 11;
    %ix/vec4 4;
    %load/vec4a v0x559f5c8c4090, 4;
    %assign/vec4 v0x559f5c8c3fa0_0, 0;
T_12.0 ;
    %jmp T_12;
    .thread T_12;
    .scope S_0x559f5c8c3300;
T_13 ;
    %wait E_0x559f5c8c2f80;
    %load/vec4 v0x559f5c8c3880_0;
    %flag_set/vec4 8;
    %jmp/0xz  T_13.0, 8;
    %load/vec4 v0x559f5c8c3e60_0;
    %flag_set/vec4 8;
    %jmp/0xz  T_13.2, 8;
    %load/vec4 v0x559f5c8c3a50_0;
    %load/vec4 v0x559f5c8c37c0_0;
    %pad/u 11;
    %ix/vec4 3;
    %ix/load 4, 0, 0; Constant delay
    %assign/vec4/a/d v0x559f5c8c4090, 0, 4;
T_13.2 ;
    %load/vec4 v0x559f5c8c37c0_0;
    %pad/u 11;
    %ix/vec4 4;
    %load/vec4a v0x559f5c8c4090, 4;
    %assign/vec4 v0x559f5c8c3c00_0, 0;
T_13.0 ;
    %jmp T_13;
    .thread T_13;
    .scope S_0x559f5c8c4300;
T_14 ;
    %wait E_0x559f5c8c2f80;
    %load/vec4 v0x559f5c8c4f70_0;
    %load/vec4 v0x559f5c8c5010_0;
    %and;
    %flag_set/vec4 8;
    %jmp/0xz  T_14.0, 8;
    %load/vec4 v0x559f5c8c4b00_0;
    %load/vec4 v0x559f5c8c4930_0;
    %pad/u 6;
    %ix/vec4 3;
    %ix/load 4, 0, 0; Constant delay
    %assign/vec4/a/d v0x559f5c8c4cd0, 0, 4;
T_14.0 ;
    %jmp T_14;
    .thread T_14;
    .scope S_0x559f5c862a30;
T_15 ;
    %wait E_0x559f5c8a43e0;
    %pushi/vec4 0, 0, 1;
    %store/vec4 v0x559f5c8ba2c0_0, 0, 1;
    %pushi/vec4 0, 0, 1;
    %store/vec4 v0x559f5c8ba460_0, 0, 1;
    %pushi/vec4 0, 0, 1;
    %store/vec4 v0x559f5c8b9f50_0, 0, 1;
    %pushi/vec4 0, 0, 1;
    %store/vec4 v0x559f5c8ba820_0, 0, 1;
    %load/vec4 v0x559f5c8b9e50_0;
    %pad/u 32;
    %pushi/vec4 512, 0, 32;
    %and;
    %cmpi/e 0, 0, 32;
    %jmp/0xz  T_15.0, 4;
    %load/vec4 v0x559f5c8ba520_0;
    %store/vec4 v0x559f5c8ba2c0_0, 0, 1;
    %jmp T_15.1;
T_15.0 ;
    %load/vec4 v0x559f5c8b9e50_0;
    %pad/u 32;
    %pushi/vec4 1008, 0, 32;
    %and;
    %cmpi/e 512, 0, 32;
    %jmp/0xz  T_15.2, 4;
    %load/vec4 v0x559f5c8ba520_0;
    %store/vec4 v0x559f5c8ba460_0, 0, 1;
    %jmp T_15.3;
T_15.2 ;
    %load/vec4 v0x559f5c8b9e50_0;
    %pad/u 32;
    %pushi/vec4 1023, 0, 32;
    %and;
    %cmpi/e 605, 0, 32;
    %jmp/0xz  T_15.4, 4;
    %load/vec4 v0x559f5c8ba520_0;
    %store/vec4 v0x559f5c8ba6a0_0, 0, 1;
    %jmp T_15.5;
T_15.4 ;
    %load/vec4 v0x559f5c8b9e50_0;
    %pad/u 32;
    %pushi/vec4 1023, 0, 32;
    %and;
    %cmpi/e 604, 0, 32;
    %jmp/0xz  T_15.6, 4;
    %load/vec4 v0x559f5c8ba520_0;
    %store/vec4 v0x559f5c8ba5e0_0, 0, 1;
    %jmp T_15.7;
T_15.6 ;
    %load/vec4 v0x559f5c8b9e50_0;
    %pad/u 32;
    %pushi/vec4 1023, 0, 32;
    %and;
    %cmpi/e 600, 0, 32;
    %jmp/0xz  T_15.8, 4;
    %load/vec4 v0x559f5c8ba520_0;
    %store/vec4 v0x559f5c8b9f50_0, 0, 1;
    %jmp T_15.9;
T_15.8 ;
    %load/vec4 v0x559f5c8ba520_0;
    %store/vec4 v0x559f5c8ba820_0, 0, 1;
T_15.9 ;
T_15.7 ;
T_15.5 ;
T_15.3 ;
T_15.1 ;
    %jmp T_15;
    .thread T_15, $push;
    .scope S_0x559f5c862a30;
T_16 ;
    %wait E_0x559f5c8a4e20;
    %pushi/vec4 0, 0, 32;
    %store/vec4 v0x559f5c8ba010_0, 0, 32;
    %load/vec4 v0x559f5c8ba2c0_0;
    %flag_set/vec4 8;
    %jmp/0xz  T_16.0, 8;
    %load/vec4 v0x559f5c8ba190_0;
    %store/vec4 v0x559f5c8ba010_0, 0, 32;
    %jmp T_16.1;
T_16.0 ;
    %load/vec4 v0x559f5c8ba460_0;
    %flag_set/vec4 8;
    %jmp/0xz  T_16.2, 8;
    %load/vec4 v0x559f5c8ba380_0;
    %store/vec4 v0x559f5c8ba010_0, 0, 32;
T_16.2 ;
T_16.1 ;
    %jmp T_16;
    .thread T_16, $push;
    .scope S_0x559f5c8c5190;
T_17 ;
    %wait E_0x559f5c8c2f80;
    %load/vec4 v0x559f5c8c65e0_0;
    %flag_set/vec4 8;
    %jmp/0xz  T_17.0, 8;
    %load/vec4 v0x559f5c8c6030_0;
    %dup/vec4;
    %pushi/vec4 0, 0, 8;
    %cmp/u;
    %jmp/1 T_17.2, 6;
    %dup/vec4;
    %pushi/vec4 1, 0, 8;
    %cmp/u;
    %jmp/1 T_17.3, 6;
    %dup/vec4;
    %pushi/vec4 2, 0, 8;
    %cmp/u;
    %jmp/1 T_17.4, 6;
    %dup/vec4;
    %pushi/vec4 3, 0, 8;
    %cmp/u;
    %jmp/1 T_17.5, 6;
    %dup/vec4;
    %pushi/vec4 4, 0, 8;
    %cmp/u;
    %jmp/1 T_17.6, 6;
    %dup/vec4;
    %pushi/vec4 5, 0, 8;
    %cmp/u;
    %jmp/1 T_17.7, 6;
    %dup/vec4;
    %pushi/vec4 6, 0, 8;
    %cmp/u;
    %jmp/1 T_17.8, 6;
    %dup/vec4;
    %pushi/vec4 7, 0, 8;
    %cmp/u;
    %jmp/1 T_17.9, 6;
    %dup/vec4;
    %pushi/vec4 8, 0, 8;
    %cmp/u;
    %jmp/1 T_17.10, 6;
    %dup/vec4;
    %pushi/vec4 9, 0, 8;
    %cmp/u;
    %jmp/1 T_17.11, 6;
    %dup/vec4;
    %pushi/vec4 10, 0, 8;
    %cmp/u;
    %jmp/1 T_17.12, 6;
    %dup/vec4;
    %pushi/vec4 11, 0, 8;
    %cmp/u;
    %jmp/1 T_17.13, 6;
    %dup/vec4;
    %pushi/vec4 12, 0, 8;
    %cmp/u;
    %jmp/1 T_17.14, 6;
    %dup/vec4;
    %pushi/vec4 13, 0, 8;
    %cmp/u;
    %jmp/1 T_17.15, 6;
    %dup/vec4;
    %pushi/vec4 14, 0, 8;
    %cmp/u;
    %jmp/1 T_17.16, 6;
    %dup/vec4;
    %pushi/vec4 15, 0, 8;
    %cmp/u;
    %jmp/1 T_17.17, 6;
    %jmp T_17.18;
T_17.2 ;
    %pushi/vec4 100000, 0, 21;
    %assign/vec4 v0x559f5c8c5f50_0, 0;
    %jmp T_17.18;
T_17.3 ;
    %pushi/vec4 83333, 0, 21;
    %assign/vec4 v0x559f5c8c5f50_0, 0;
    %jmp T_17.18;
T_17.4 ;
    %pushi/vec4 71428, 0, 21;
    %assign/vec4 v0x559f5c8c5f50_0, 0;
    %jmp T_17.18;
T_17.5 ;
    %pushi/vec4 62500, 0, 21;
    %assign/vec4 v0x559f5c8c5f50_0, 0;
    %jmp T_17.18;
T_17.6 ;
    %pushi/vec4 55555, 0, 21;
    %assign/vec4 v0x559f5c8c5f50_0, 0;
    %jmp T_17.18;
T_17.7 ;
    %pushi/vec4 50000, 0, 21;
    %assign/vec4 v0x559f5c8c5f50_0, 0;
    %jmp T_17.18;
T_17.8 ;
    %pushi/vec4 45454, 0, 21;
    %assign/vec4 v0x559f5c8c5f50_0, 0;
    %jmp T_17.18;
T_17.9 ;
    %pushi/vec4 41666, 0, 21;
    %assign/vec4 v0x559f5c8c5f50_0, 0;
    %jmp T_17.18;
T_17.10 ;
    %pushi/vec4 38461, 0, 21;
    %assign/vec4 v0x559f5c8c5f50_0, 0;
    %jmp T_17.18;
T_17.11 ;
    %pushi/vec4 35714, 0, 21;
    %assign/vec4 v0x559f5c8c5f50_0, 0;
    %jmp T_17.18;
T_17.12 ;
    %pushi/vec4 33333, 0, 21;
    %assign/vec4 v0x559f5c8c5f50_0, 0;
    %jmp T_17.18;
T_17.13 ;
    %pushi/vec4 31250, 0, 21;
    %assign/vec4 v0x559f5c8c5f50_0, 0;
    %jmp T_17.18;
T_17.14 ;
    %pushi/vec4 29411, 0, 21;
    %assign/vec4 v0x559f5c8c5f50_0, 0;
    %jmp T_17.18;
T_17.15 ;
    %pushi/vec4 27777, 0, 21;
    %assign/vec4 v0x559f5c8c5f50_0, 0;
    %jmp T_17.18;
T_17.16 ;
    %pushi/vec4 26315, 0, 21;
    %assign/vec4 v0x559f5c8c5f50_0, 0;
    %jmp T_17.18;
T_17.17 ;
    %pushi/vec4 25000, 0, 21;
    %assign/vec4 v0x559f5c8c5f50_0, 0;
    %jmp T_17.18;
T_17.18 ;
    %pop/vec4 1;
T_17.0 ;
    %jmp T_17;
    .thread T_17;
    .scope S_0x559f5c8c5190;
T_18 ;
    %wait E_0x559f5c8c2f80;
    %load/vec4 v0x559f5c8c6510_0;
    %flag_set/vec4 8;
    %jmp/0xz  T_18.0, 8;
    %load/vec4 v0x559f5c8c6030_0;
    %dup/vec4;
    %pushi/vec4 0, 0, 8;
    %cmp/u;
    %jmp/1 T_18.2, 6;
    %dup/vec4;
    %pushi/vec4 1, 0, 8;
    %cmp/u;
    %jmp/1 T_18.3, 6;
    %dup/vec4;
    %pushi/vec4 2, 0, 8;
    %cmp/u;
    %jmp/1 T_18.4, 6;
    %dup/vec4;
    %pushi/vec4 3, 0, 8;
    %cmp/u;
    %jmp/1 T_18.5, 6;
    %dup/vec4;
    %pushi/vec4 4, 0, 8;
    %cmp/u;
    %jmp/1 T_18.6, 6;
    %dup/vec4;
    %pushi/vec4 5, 0, 8;
    %cmp/u;
    %jmp/1 T_18.7, 6;
    %dup/vec4;
    %pushi/vec4 6, 0, 8;
    %cmp/u;
    %jmp/1 T_18.8, 6;
    %dup/vec4;
    %pushi/vec4 7, 0, 8;
    %cmp/u;
    %jmp/1 T_18.9, 6;
    %jmp T_18.10;
T_18.2 ;
    %pushi/vec4 6250000, 0, 28;
    %assign/vec4 v0x559f5c8c6c30_0, 0;
    %jmp T_18.10;
T_18.3 ;
    %pushi/vec4 7142857, 0, 28;
    %assign/vec4 v0x559f5c8c6c30_0, 0;
    %jmp T_18.10;
T_18.4 ;
    %pushi/vec4 8333333, 0, 28;
    %assign/vec4 v0x559f5c8c6c30_0, 0;
    %jmp T_18.10;
T_18.5 ;
    %pushi/vec4 10000000, 0, 28;
    %assign/vec4 v0x559f5c8c6c30_0, 0;
    %jmp T_18.10;
T_18.6 ;
    %pushi/vec4 12500000, 0, 28;
    %assign/vec4 v0x559f5c8c6c30_0, 0;
    %jmp T_18.10;
T_18.7 ;
    %pushi/vec4 16666666, 0, 28;
    %assign/vec4 v0x559f5c8c6c30_0, 0;
    %jmp T_18.10;
T_18.8 ;
    %pushi/vec4 25000000, 0, 28;
    %assign/vec4 v0x559f5c8c6c30_0, 0;
    %jmp T_18.10;
T_18.9 ;
    %pushi/vec4 50000000, 0, 28;
    %assign/vec4 v0x559f5c8c6c30_0, 0;
    %jmp T_18.10;
T_18.10 ;
    %pop/vec4 1;
T_18.0 ;
    %jmp T_18;
    .thread T_18;
    .scope S_0x559f5c8c5190;
T_19 ;
    %wait E_0x559f5c8c44d0;
    %load/vec4 v0x559f5c8c6b50_0;
    %dup/vec4;
    %pushi/vec4 0, 0, 8;
    %cmp/u;
    %jmp/1 T_19.0, 6;
    %dup/vec4;
    %pushi/vec4 1, 0, 8;
    %cmp/u;
    %jmp/1 T_19.1, 6;
    %dup/vec4;
    %pushi/vec4 2, 0, 8;
    %cmp/u;
    %jmp/1 T_19.2, 6;
    %dup/vec4;
    %pushi/vec4 3, 0, 8;
    %cmp/u;
    %jmp/1 T_19.3, 6;
    %dup/vec4;
    %pushi/vec4 4, 0, 8;
    %cmp/u;
    %jmp/1 T_19.4, 6;
    %dup/vec4;
    %pushi/vec4 5, 0, 8;
    %cmp/u;
    %jmp/1 T_19.5, 6;
    %dup/vec4;
    %pushi/vec4 6, 0, 8;
    %cmp/u;
    %jmp/1 T_19.6, 6;
    %dup/vec4;
    %pushi/vec4 7, 0, 8;
    %cmp/u;
    %jmp/1 T_19.7, 6;
    %jmp T_19.8;
T_19.0 ;
    %pushi/vec4 3125000, 0, 28;
    %assign/vec4 v0x559f5c8c6810_0, 0;
    %jmp T_19.8;
T_19.1 ;
    %pushi/vec4 3571428, 0, 28;
    %assign/vec4 v0x559f5c8c6810_0, 0;
    %jmp T_19.8;
T_19.2 ;
    %pushi/vec4 4166666, 0, 28;
    %assign/vec4 v0x559f5c8c6810_0, 0;
    %jmp T_19.8;
T_19.3 ;
    %pushi/vec4 5000000, 0, 28;
    %assign/vec4 v0x559f5c8c6810_0, 0;
    %jmp T_19.8;
T_19.4 ;
    %pushi/vec4 6250000, 0, 28;
    %assign/vec4 v0x559f5c8c6810_0, 0;
    %jmp T_19.8;
T_19.5 ;
    %pushi/vec4 8333333, 0, 28;
    %assign/vec4 v0x559f5c8c6810_0, 0;
    %jmp T_19.8;
T_19.6 ;
    %pushi/vec4 12500000, 0, 28;
    %assign/vec4 v0x559f5c8c6810_0, 0;
    %jmp T_19.8;
T_19.7 ;
    %pushi/vec4 25000000, 0, 28;
    %assign/vec4 v0x559f5c8c6810_0, 0;
    %jmp T_19.8;
T_19.8 ;
    %pop/vec4 1;
    %jmp T_19;
    .thread T_19, $push;
    .scope S_0x559f5c8c5190;
T_20 ;
    %wait E_0x559f5c8bad90;
    %load/vec4 v0x559f5c8c63b0_0;
    %flag_set/vec4 8;
    %jmp/0xz  T_20.0, 8;
    %pushi/vec4 0, 0, 28;
    %assign/vec4 v0x559f5c8c62d0_0, 0;
    %pushi/vec4 0, 0, 5;
    %assign/vec4 v0x559f5c8c5e70_0, 0;
    %pushi/vec4 128, 0, 8;
    %assign/vec4 v0x559f5c8c6450_0, 0;
    %pushi/vec4 0, 0, 8;
    %assign/vec4 v0x559f5c8c6d10_0, 0;
    %jmp T_20.1;
T_20.0 ;
    %load/vec4 v0x559f5c8c62d0_0;
    %load/vec4 v0x559f5c8c6c30_0;
    %cmp/e;
    %jmp/0xz  T_20.2, 4;
    %pushi/vec4 0, 0, 28;
    %assign/vec4 v0x559f5c8c62d0_0, 0;
    %load/vec4 v0x559f5c8c6450_0;
    %cmpi/e 1, 0, 8;
    %jmp/0xz  T_20.4, 4;
    %pushi/vec4 128, 0, 8;
    %assign/vec4 v0x559f5c8c6450_0, 0;
    %pushi/vec4 7, 0, 5;
    %assign/vec4 v0x559f5c8c5e70_0, 0;
    %jmp T_20.5;
T_20.4 ;
    %load/vec4 v0x559f5c8c6450_0;
    %ix/load 4, 1, 0;
    %flag_set/imm 4, 0;
    %shiftr 4;
    %assign/vec4 v0x559f5c8c6450_0, 0;
    %load/vec4 v0x559f5c8c5e70_0;
    %subi 1, 0, 5;
    %assign/vec4 v0x559f5c8c5e70_0, 0;
T_20.5 ;
    %jmp T_20.3;
T_20.2 ;
    %load/vec4 v0x559f5c8c62d0_0;
    %addi 1, 0, 28;
    %assign/vec4 v0x559f5c8c62d0_0, 0;
T_20.3 ;
T_20.1 ;
    %jmp T_20;
    .thread T_20;
    .scope S_0x559f5c8c5190;
T_21 ;
    %wait E_0x559f5c8bad90;
    %load/vec4 v0x559f5c8c63b0_0;
    %flag_set/vec4 8;
    %jmp/0xz  T_21.0, 8;
    %pushi/vec4 0, 0, 28;
    %assign/vec4 v0x559f5c8c66b0_0, 0;
    %pushi/vec4 0, 0, 1;
    %assign/vec4 v0x559f5c8c6750_0, 0;
    %jmp T_21.1;
T_21.0 ;
    %load/vec4 v0x559f5c8c66b0_0;
    %load/vec4 v0x559f5c8c6810_0;
    %cmp/e;
    %jmp/0xz  T_21.2, 4;
    %pushi/vec4 0, 0, 28;
    %assign/vec4 v0x559f5c8c66b0_0, 0;
    %load/vec4 v0x559f5c8c6750_0;
    %nor/r;
    %assign/vec4 v0x559f5c8c6750_0, 0;
    %jmp T_21.3;
T_21.2 ;
    %load/vec4 v0x559f5c8c66b0_0;
    %addi 1, 0, 28;
    %assign/vec4 v0x559f5c8c66b0_0, 0;
T_21.3 ;
T_21.1 ;
    %jmp T_21;
    .thread T_21;
    .scope S_0x559f5c8c5190;
T_22 ;
    %wait E_0x559f5c8bad90;
    %load/vec4 v0x559f5c8c63b0_0;
    %flag_set/vec4 8;
    %jmp/0xz  T_22.0, 8;
    %pushi/vec4 0, 0, 1;
    %assign/vec4 v0x559f5c8c69d0_0, 0;
    %jmp T_22.1;
T_22.0 ;
    %load/vec4 v0x559f5c8c68f0_0;
    %load/vec4 v0x559f5c8c5f50_0;
    %cmp/e;
    %jmp/0xz  T_22.2, 4;
    %pushi/vec4 0, 0, 21;
    %assign/vec4 v0x559f5c8c68f0_0, 0;
    %load/vec4 v0x559f5c8c69d0_0;
    %nor/r;
    %assign/vec4 v0x559f5c8c69d0_0, 0;
    %jmp T_22.3;
T_22.2 ;
    %load/vec4 v0x559f5c8c68f0_0;
    %addi 1, 0, 21;
    %assign/vec4 v0x559f5c8c68f0_0, 0;
T_22.3 ;
T_22.1 ;
    %jmp T_22;
    .thread T_22;
    .scope S_0x559f5c8c6ef0;
T_23 ;
    %wait E_0x559f5c8c2f80;
    %load/vec4 v0x559f5c8c7160_0;
    %flag_set/vec4 8;
    %jmp/0xz  T_23.0, 8;
    %load/vec4 v0x559f5c8c7250_0;
    %assign/vec4 v0x559f5c8c7320_0, 0;
T_23.0 ;
    %jmp T_23;
    .thread T_23;
    .scope S_0x559f5c8c2d80;
T_24 ;
    %wait E_0x559f5c8c2f80;
    %load/vec4 v0x559f5c8c31b0_0;
    %flag_set/vec4 8;
    %jmp/0xz  T_24.0, 8;
    %vpi_call/w 8 12 "$write", "%c", v0x559f5c8c30f0_0 {0 0 0};
T_24.0 ;
    %jmp T_24;
    .thread T_24;
    .scope S_0x559f5c877cd0;
T_25 ;
    %vpi_call/w 4 49 "$dumpfile", "xtop.vcd" {0 0 0};
    %vpi_call/w 4 50 "$dumpvars", 32'sb00000000000000000000000000000000, S_0x559f5c877cd0 {0 0 0};
    %pushi/vec4 1, 0, 1;
    %store/vec4 v0x559f5c8c8d70_0, 0, 1;
    %pushi/vec4 0, 0, 1;
    %store/vec4 v0x559f5c8c9f10_0, 0, 1;
    %delay 11000, 0;
    %pushi/vec4 1, 0, 1;
    %store/vec4 v0x559f5c8c9f10_0, 0, 1;
    %delay 10000, 0;
    %pushi/vec4 0, 0, 1;
    %store/vec4 v0x559f5c8c9f10_0, 0, 1;
    %vpi_func 4 66 "$time" 64 {0 0 0};
    %pad/u 32;
    %store/vec4 v0x559f5c8c9fb0_0, 0, 32;
    %pushi/vec4 0, 0, 32;
    %store/vec4 v0x559f5c8c8ef0_0, 0, 32;
T_25.0 ;
    %load/vec4 v0x559f5c8c8ef0_0;
    %cmpi/s 16, 0, 32;
    %jmp/0xz T_25.1, 5;
    %ix/getv/s 4, v0x559f5c8c8ef0_0;
    %load/vec4a v0x559f5c8c4cd0, 4;
    %ix/getv/s 4, v0x559f5c8c8ef0_0;
    %store/vec4a v0x559f5c8c8e30, 4, 0;
    %load/vec4 v0x559f5c8c8ef0_0;
    %addi 1, 0, 32;
    %store/vec4 v0x559f5c8c8ef0_0, 0, 32;
    %jmp T_25.0;
T_25.1 ;
    %delay 10000000, 0;
    %vpi_call/w 4 78 "$finish" {0 0 0};
    %end;
    .thread T_25;
    .scope S_0x559f5c877cd0;
T_26 ;
    %wait E_0x559f5c8c2f80;
    %load/vec4 v0x559f5c8ca090_0;
    %flag_set/vec4 8;
    %jmp/0xz  T_26.0, 8;
    %vpi_func 4 88 "$time" 64 {0 0 0};
    %load/vec4 v0x559f5c8c9fb0_0;
    %pad/u 64;
    %sub;
    %pushi/vec4 10, 0, 64;
    %div;
    %vpi_call/w 4 88 "$display", "Catched Trap at time  %0d clock cycles:", S<0,vec4,u64> {1 0 0};
    %load/vec4 v0x559f5c8c7fd0_0;
    %flag_set/vec4 8;
    %jmp/0 T_26.2, 8;
    %pushi/vec4 1467115892, 0, 32; draw_string_vec4
    %pushi/vec4 101, 0, 8; draw_string_vec4
    %concat/vec4; draw_string_vec4
    %jmp/1 T_26.3, 8;
T_26.2 ; End of true expr.
    %pushi/vec4 5399905, 0, 32; draw_string_vec4
    %pushi/vec4 100, 0, 8; draw_string_vec4
    %concat/vec4; draw_string_vec4
    %jmp/0 T_26.3, 8;
 ; End of false expr.
    %blend;
T_26.3;
    %vpi_call/w 4 89 "$display", "%s address %d, PC 0x%x", S<0,vec4,u40>, v0x559f5c8c7c10_0, v0x559f5c8c8560_0 {1 0 0};
    %vpi_call/w 4 90 "$finish" {0 0 0};
T_26.0 ;
    %jmp T_26;
    .thread T_26;
    .scope S_0x559f5c877cd0;
T_27 ;
    %delay 5000, 0;
    %load/vec4 v0x559f5c8c8d70_0;
    %inv;
    %store/vec4 v0x559f5c8c8d70_0, 0, 1;
    %jmp T_27;
    .thread T_27;
# The file index is used to find the file name in the following table.
:file_names 14;
    "N/A";
    "<interactive>";
    "../../rtl/src/led_driver.v";
    "../../rtl/src/xled.v";
    "../../rtl/testbench/xtop_tb.v";
    "../../rtl/src/xtop.v";
    "../../rtl/src/xaddr_decoder.v";
    "../../rtl/src/xctrl.v";
    "../../rtl/src/xcprint.v";
    "../../rtl/src/xram.v";
    "../../rtl/src/xregf.v";
    "../../rtl/src/sequencer_loop_controller.v";
    "../../rtl/src/push_button_driver.v";
    "../../rtl/src/switch_driver.v";
