This is pdfTeX, Version 3.14159265-2.6-1.40.20 (TeX Live 2019/Arch Linux) (preloaded format=pdflatex 2019.10.7)  20 OCT 2019 13:51
entering extended mode
 restricted \write18 enabled.
 file:line:error style messages enabled.
 %&-line parsing enabled.
**/home/afonsom/Github/SEC-Classes/Project/docs/ug/ug.tex
(/home/afonsom/Github/SEC-Classes/Project/docs/ug/ug.tex
LaTeX2e <2018-12-01>
(/home/afonsom/Github/SEC-Classes/Project/docs/ug/ug.cls (/usr/share/texmf-dist/tex/latex/base/article.cls
Document Class: article 2018/09/03 v1.4i Standard LaTeX document class
(/usr/share/texmf-dist/tex/latex/base/size10.clo
File: size10.clo 2018/09/03 v1.4i Standard LaTeX file (size option)
)
\c@part=\count80
\c@section=\count81
\c@subsection=\count82
\c@subsubsection=\count83
\c@paragraph=\count84
\c@subparagraph=\count85
\c@figure=\count86
\c@table=\count87
\abovecaptionskip=\skip41
\belowcaptionskip=\skip42
\bibindent=\dimen102
)
Document Class: ug 
(/usr/share/texmf-dist/tex/latex/graphics/graphicx.sty
Package: graphicx 2017/06/01 v1.1a Enhanced LaTeX Graphics (DPC,SPQR)
 (/usr/share/texmf-dist/tex/latex/graphics/keyval.sty
Package: keyval 2014/10/28 v1.15 key=value parser (DPC)
\KV@toks@=\toks14
) (/usr/share/texmf-dist/tex/latex/graphics/graphics.sty
Package: graphics 2017/06/25 v1.2c Standard LaTeX Graphics (DPC,SPQR)
 (/usr/share/texmf-dist/tex/latex/graphics/trig.sty
Package: trig 2016/01/03 v1.10 sin cos tan (DPC)
) (/usr/share/texmf-dist/tex/latex/graphics-cfg/graphics.cfg
File: graphics.cfg 2016/06/04 v1.11 sample graphics configuration
)
Package graphics Info: Driver file: pdftex.def on input line 99.
 (/usr/share/texmf-dist/tex/latex/graphics-def/pdftex.def
File: pdftex.def 2018/01/08 v1.0l Graphics/color driver for pdftex
))
\Gin@req@height=\dimen103
\Gin@req@width=\dimen104
) (/usr/share/texmf-dist/tex/latex/psnfss/helvet.sty
Package: helvet 2005/04/12 PSNFSS-v9.2a (WaS) 
) (/usr/share/texmf-dist/tex/latex/fancyhdr/fancyhdr.sty
Package: fancyhdr 2019/01/31 v3.10 Extensive control of page headers and footers
\f@nch@headwidth=\skip43
\f@nch@O@elh=\skip44
\f@nch@O@erh=\skip45
\f@nch@O@olh=\skip46
\f@nch@O@orh=\skip47
\f@nch@O@elf=\skip48
\f@nch@O@erf=\skip49
\f@nch@O@olf=\skip50
\f@nch@O@orf=\skip51
) (/usr/share/texmf-dist/tex/latex/geometry/geometry.sty
Package: geometry 2018/04/16 v5.8 Page Geometry
 (/usr/share/texmf-dist/tex/generic/oberdiek/ifpdf.sty
Package: ifpdf 2018/09/07 v3.3 Provides the ifpdf switch
) (/usr/share/texmf-dist/tex/generic/oberdiek/ifvtex.sty
Package: ifvtex 2016/05/16 v1.6 Detect VTeX and its facilities (HO)
Package ifvtex Info: VTeX not detected.
) (/usr/share/texmf-dist/tex/generic/ifxetex/ifxetex.sty
Package: ifxetex 2010/09/12 v0.6 Provides ifxetex conditional
)
\Gm@cnth=\count88
\Gm@cntv=\count89
\c@Gm@tempcnt=\count90
\Gm@bindingoffset=\dimen105
\Gm@wd@mp=\dimen106
\Gm@odd@mp=\dimen107
\Gm@even@mp=\dimen108
\Gm@layoutwidth=\dimen109
\Gm@layoutheight=\dimen110
\Gm@layouthoffset=\dimen111
\Gm@layoutvoffset=\dimen112
\Gm@dimlist=\toks15
) (/usr/share/texmf-dist/tex/latex/hyperref/hyperref.sty
Package: hyperref 2018/11/30 v6.88e Hypertext links for LaTeX
 (/usr/share/texmf-dist/tex/generic/oberdiek/hobsub-hyperref.sty
Package: hobsub-hyperref 2016/05/16 v1.14 Bundle oberdiek, subset hyperref (HO)
 (/usr/share/texmf-dist/tex/generic/oberdiek/hobsub-generic.sty
Package: hobsub-generic 2016/05/16 v1.14 Bundle oberdiek, subset generic (HO)
Package: hobsub 2016/05/16 v1.14 Construct package bundles (HO)
Package: infwarerr 2016/05/16 v1.4 Providing info/warning/error messages (HO)
Package: ltxcmds 2016/05/16 v1.23 LaTeX kernel commands for general use (HO)
Package: ifluatex 2016/05/16 v1.4 Provides the ifluatex switch (HO)
Package ifluatex Info: LuaTeX not detected.
Package hobsub Info: Skipping package `ifvtex' (already loaded).
Package: intcalc 2016/05/16 v1.2 Expandable calculations with integers (HO)
Package hobsub Info: Skipping package `ifpdf' (already loaded).
Package: etexcmds 2016/05/16 v1.6 Avoid name clashes with e-TeX commands (HO)
Package: kvsetkeys 2016/05/16 v1.17 Key value parser (HO)
Package: kvdefinekeys 2016/05/16 v1.4 Define keys (HO)
Package: pdftexcmds 2018/09/10 v0.29 Utility functions of pdfTeX for LuaTeX (HO)
Package pdftexcmds Info: LuaTeX not detected.
Package pdftexcmds Info: \pdf@primitive is available.
Package pdftexcmds Info: \pdf@ifprimitive is available.
Package pdftexcmds Info: \pdfdraftmode found.
Package: pdfescape 2016/05/16 v1.14 Implements pdfTeX's escape features (HO)
Package: bigintcalc 2016/05/16 v1.4 Expandable calculations on big integers (HO)
Package: bitset 2016/05/16 v1.2 Handle bit-vector datatype (HO)
Package: uniquecounter 2016/05/16 v1.3 Provide unlimited unique counter (HO)
)
Package hobsub Info: Skipping package `hobsub' (already loaded).
Package: letltxmacro 2016/05/16 v1.5 Let assignment for LaTeX macros (HO)
Package: hopatch 2016/05/16 v1.3 Wrapper for package hooks (HO)
Package: xcolor-patch 2016/05/16 xcolor patch
Package: atveryend 2016/05/16 v1.9 Hooks at the very end of document (HO)
Package atveryend Info: \enddocument detected (standard20110627).
Package: atbegshi 2016/06/09 v1.18 At begin shipout hook (HO)
Package: refcount 2016/05/16 v3.5 Data extraction from label references (HO)
Package: hycolor 2016/05/16 v1.8 Color options for hyperref/bookmark (HO)
) (/usr/share/texmf-dist/tex/latex/oberdiek/auxhook.sty
Package: auxhook 2016/05/16 v1.4 Hooks for auxiliary files (HO)
) (/usr/share/texmf-dist/tex/latex/oberdiek/kvoptions.sty
Package: kvoptions 2016/05/16 v3.12 Key value format for package options (HO)
)
\@linkdim=\dimen113
\Hy@linkcounter=\count91
\Hy@pagecounter=\count92
 (/usr/share/texmf-dist/tex/latex/hyperref/pd1enc.def
File: pd1enc.def 2018/11/30 v6.88e Hyperref: PDFDocEncoding definition (HO)
Now handling font encoding PD1 ...
... no UTF-8 mapping file for font encoding PD1
)
\Hy@SavedSpaceFactor=\count93
 (/usr/share/texmf-dist/tex/latex/latexconfig/hyperref.cfg
File: hyperref.cfg 2002/06/06 v1.2 hyperref configuration of TeXLive
)
Package hyperref Info: Hyper figures OFF on input line 4519.
Package hyperref Info: Link nesting OFF on input line 4524.
Package hyperref Info: Hyper index ON on input line 4527.
Package hyperref Info: Plain pages OFF on input line 4534.
Package hyperref Info: Backreferencing OFF on input line 4539.
Package hyperref Info: Implicit mode ON; LaTeX internals redefined.
Package hyperref Info: Bookmarks ON on input line 4772.
\c@Hy@tempcnt=\count94
 (/usr/share/texmf-dist/tex/latex/url/url.sty
\Urlmuskip=\muskip10
Package: url 2013/09/16  ver 3.4  Verb mode for urls, etc.
)
LaTeX Info: Redefining \url on input line 5125.
\XeTeXLinkMargin=\dimen114
\Fld@menulength=\count95
\Field@Width=\dimen115
\Fld@charsize=\dimen116
Package hyperref Info: Hyper figures OFF on input line 6380.
Package hyperref Info: Link nesting OFF on input line 6385.
Package hyperref Info: Hyper index ON on input line 6388.
Package hyperref Info: backreferencing OFF on input line 6395.
Package hyperref Info: Link coloring OFF on input line 6400.
Package hyperref Info: Link coloring with OCG OFF on input line 6405.
Package hyperref Info: PDF/A mode OFF on input line 6410.
LaTeX Info: Redefining \ref on input line 6450.
LaTeX Info: Redefining \pageref on input line 6454.
\Hy@abspage=\count96
\c@Item=\count97
\c@Hfootnote=\count98
)
Package hyperref Info: Driver (autodetected): hpdftex.
 (/usr/share/texmf-dist/tex/latex/hyperref/hpdftex.def
File: hpdftex.def 2018/11/30 v6.88e Hyperref driver for pdfTeX
\Fld@listcount=\count99
\c@bookmark@seq@number=\count100
 (/usr/share/texmf-dist/tex/latex/oberdiek/rerunfilecheck.sty
Package: rerunfilecheck 2016/05/16 v1.8 Rerun checks for auxiliary files (HO)
Package uniquecounter Info: New unique counter `rerunfilecheck' on input line 282.
)
\Hy@SectionHShift=\skip52
) (/usr/share/texmf-dist/tex/latex/multirow/multirow.sty
Package: multirow 2019/01/01 v2.4 Span multiple rows of a table
\multirow@colwidth=\skip53
\multirow@cntb=\count101
\multirow@dima=\skip54
\bigstrutjot=\dimen117
) (/usr/share/texmf-dist/tex/latex/tools/verbatim.sty
Package: verbatim 2014/10/28 v1.5q LaTeX2e package for verbatim enhancements
\every@verbatim=\toks16
\verbatim@line=\toks17
\verbatim@in@stream=\read1
)

Package geometry Warning: Over-specification in `v'-direction.
    `height' (731.23582pt) is ignored.

) (/home/afonsom/Github/SEC-Classes/Project/docs/ug/ug.aux)
\openout1 = `ug.aux'.

LaTeX Font Info:    Checking defaults for OML/cmm/m/it on input line 7.
LaTeX Font Info:    ... okay on input line 7.
LaTeX Font Info:    Checking defaults for T1/cmr/m/n on input line 7.
LaTeX Font Info:    ... okay on input line 7.
LaTeX Font Info:    Checking defaults for OT1/cmr/m/n on input line 7.
LaTeX Font Info:    ... okay on input line 7.
LaTeX Font Info:    Checking defaults for OMS/cmsy/m/n on input line 7.
LaTeX Font Info:    ... okay on input line 7.
LaTeX Font Info:    Checking defaults for OMX/cmex/m/n on input line 7.
LaTeX Font Info:    ... okay on input line 7.
LaTeX Font Info:    Checking defaults for U/cmr/m/n on input line 7.
LaTeX Font Info:    ... okay on input line 7.
LaTeX Font Info:    Checking defaults for PD1/pdf/m/n on input line 7.
LaTeX Font Info:    ... okay on input line 7.
LaTeX Font Info:    Try loading font information for OT1+phv on input line 7.
 (/usr/share/texmf-dist/tex/latex/psnfss/ot1phv.fd
File: ot1phv.fd 2001/06/04 scalable font definitions for OT1/phv.
) (/usr/share/texmf-dist/tex/context/base/mkii/supp-pdf.mkii
[Loading MPS to PDF converter (version 2006.09.02).]
\scratchcounter=\count102
\scratchdimen=\dimen118
\scratchbox=\box27
\nofMPsegments=\count103
\nofMParguments=\count104
\everyMPshowfont=\toks18
\MPscratchCnt=\count105
\MPscratchDim=\dimen119
\MPnumerator=\count106
\makeMPintoPDFobject=\count107
\everyMPtoPDFconversion=\toks19
) (/usr/share/texmf-dist/tex/latex/oberdiek/epstopdf-base.sty
Package: epstopdf-base 2016/05/15 v2.6 Base part for package epstopdf
 (/usr/share/texmf-dist/tex/latex/oberdiek/grfext.sty
Package: grfext 2016/05/16 v1.2 Manage graphics extensions (HO)
)
Package epstopdf-base Info: Redefining graphics rule for `.eps' on input line 438.
Package grfext Info: Graphics extension search list:
(grfext)             [.pdf,.png,.jpg,.mps,.jpeg,.jbig2,.jb2,.PDF,.PNG,.JPG,.JPEG,.JBIG2,.JB2,.eps]
(grfext)             \AppendGraphicsExtensions on input line 456.
 (/usr/share/texmf-dist/tex/latex/latexconfig/epstopdf-sys.cfg
File: epstopdf-sys.cfg 2010/07/13 v1.3 Configuration of (r)epstopdf for TeX Live
))
*geometry* driver: auto-detecting
*geometry* detected driver: pdftex
*geometry* verbose mode - [ preamble ] result:
* driver: pdftex
* paper: a4paper
* layout: <same size as paper>
* layoutoffset:(h,v)=(0.0pt,0.0pt)
* modes: includehead includefoot twoside 
* h-part:(L,W,R)=(56.9055pt, 483.69684pt, 56.90553pt)
* v-part:(T,H,B)=(56.9055pt, 738.14134pt, 50.0pt)
* \paperwidth=597.50787pt
* \paperheight=845.04684pt
* \textwidth=483.69684pt
* \textheight=659.14134pt
* \oddsidemargin=-15.36449pt
* \evensidemargin=-15.36446pt
* \topmargin=-15.36449pt
* \headheight=24.0pt
* \headsep=25.0pt
* \topskip=10.0pt
* \footskip=30.0pt
* \marginparwidth=111.0pt
* \marginparsep=11.0pt
* \columnsep=10.0pt
* \skip\footins=9.0pt plus 4.0pt minus 2.0pt
* \hoffset=0.0pt
* \voffset=0.0pt
* \mag=1000
* \@twocolumnfalse
* \@twosidetrue
* \@mparswitchtrue
* \@reversemarginfalse
* (1in=72.27pt=25.4mm, 1cm=28.453pt)

\AtBeginShipoutBox=\box28
Package hyperref Info: Link coloring OFF on input line 7.
(/usr/share/texmf-dist/tex/latex/hyperref/nameref.sty
Package: nameref 2016/05/21 v2.44 Cross-referencing by name of section
 (/usr/share/texmf-dist/tex/generic/oberdiek/gettitlestring.sty
Package: gettitlestring 2016/05/16 v1.5 Cleanup title references (HO)
)
\c@section@level=\count108
)
LaTeX Info: Redefining \ref on input line 7.
LaTeX Info: Redefining \pageref on input line 7.
LaTeX Info: Redefining \nameref on input line 7.
 (/home/afonsom/Github/SEC-Classes/Project/docs/ug/ug.out) (/home/afonsom/Github/SEC-Classes/Project/docs/ug/ug.out)
\@outlinefile=\write3
\openout3 = `ug.out'.

LaTeX Font Info:    Font shape `OT1/phv/bx/n' in size <24.88> not available
(Font)              Font shape `OT1/phv/b/n' tried instead on input line 9.
<./figures/Logo.png, id=80, 94.10156pt x 103.88812pt>
File: ./figures/Logo.png Graphic file (type png)
<use ./figures/Logo.png>
Package pdftex.def Info: ./figures/Logo.png  used on input line 9.
(pdftex.def)             Requested size: 65.87062pt x 72.72118pt.
 [1

{/var/lib/texmf/fonts/map/pdftex/updmap/pdftex.map} <./figures/Logo.png>]
LaTeX Font Info:    Font shape `OT1/phv/bx/n' in size <10> not available
(Font)              Font shape `OT1/phv/b/n' tried instead on input line 10.
File: ./figures/Logo.png Graphic file (type png)
<use ./figures/Logo.png>
Package pdftex.def Info: ./figures/Logo.png  used on input line 10.
(pdftex.def)             Requested size: 23.52533pt x 25.97195pt.


Package Fancyhdr Warning: \headheight is too small (24.0pt): 
Make it at least 29.57199pt.
We now make it that large for the rest of the document.
This may cause the page layout to be inconsistent, however.

LaTeX Font Info:    Try loading font information for OMS+phv on input line 10.
(/usr/share/texmf-dist/tex/latex/psnfss/omsphv.fd
File: omsphv.fd 
)
LaTeX Font Info:    Font shape `OMS/phv/m/n' in size <10> not available
(Font)              Font shape `OMS/cmsy/m/n' tried instead on input line 10.
LaTeX Font Info:    External font `cmex10' loaded for size
(Font)              <7> on input line 10.
LaTeX Font Info:    External font `cmex10' loaded for size
(Font)              <5> on input line 10.
 [2

]
LaTeX Font Info:    Font shape `OT1/phv/bx/n' in size <14.4> not available
(Font)              Font shape `OT1/phv/b/n' tried instead on input line 12.
 (/home/afonsom/Github/SEC-Classes/Project/docs/ug/ug.toc)
\tf@toc=\write4
\openout4 = `ug.toc'.

File: ./figures/Logo.png Graphic file (type png)
<use ./figures/Logo.png>
Package pdftex.def Info: ./figures/Logo.png  used on input line 13.
(pdftex.def)             Requested size: 23.52533pt x 25.97195pt.
 [3] (/home/afonsom/Github/SEC-Classes/Project/docs/ug/ug.lot)
\tf@lot=\write5
\openout5 = `ug.lot'.

File: ./figures/Logo.png Graphic file (type png)
<use ./figures/Logo.png>
Package pdftex.def Info: ./figures/Logo.png  used on input line 15.
(pdftex.def)             Requested size: 23.52533pt x 25.97195pt.
 [4

] (/home/afonsom/Github/SEC-Classes/Project/docs/ug/ug.lof)
\tf@lof=\write6
\openout6 = `ug.lof'.

File: ./figures/Logo.png Graphic file (type png)
<use ./figures/Logo.png>
Package pdftex.def Info: ./figures/Logo.png  used on input line 17.
(pdftex.def)             Requested size: 23.52533pt x 25.97195pt.
 [5

]
File: ./figures/Logo.png Graphic file (type png)
<use ./figures/Logo.png>
Package pdftex.def Info: ./figures/Logo.png  used on input line 17.
(pdftex.def)             Requested size: 23.52533pt x 25.97195pt.
 [6

] (/home/afonsom/Github/SEC-Classes/Project/docs/ug/intro.tex) (/home/afonsom/Github/SEC-Classes/Project/docs/ug/bd.tex
<./figures/bd.pdf, id=156, 773.28903pt x 322.31284pt>
File: ./figures/bd.pdf Graphic file (type pdf)
<use ./figures/bd.pdf>
Package pdftex.def Info: ./figures/bd.pdf  used on input line 8.
(pdftex.def)             Requested size: 483.69684pt x 201.60732pt.
LaTeX Font Info:    Font shape `OT1/phv/bx/n' in size <12> not available
(Font)              Font shape `OT1/phv/b/n' tried instead on input line 15.

Underfull \vbox (badness 6725) has occurred while \output is active []

File: ./figures/Logo.png Graphic file (type png)
<use ./figures/Logo.png>
Package pdftex.def Info: ./figures/Logo.png  used on input line 29.
(pdftex.def)             Requested size: 23.52533pt x 25.97195pt.
 [7 <./figures/bd.pdf>]) (/home/afonsom/Github/SEC-Classes/Project/docs/ug/is.tex

LaTeX Warning: `h' float specifier changed to `ht'.

<./wavedrom/instr_rd.png, id=173, 481.8pt x 120.45pt>
File: ./wavedrom/instr_rd.png Graphic file (type png)
<use ./wavedrom/instr_rd.png>
Package pdftex.def Info: ./wavedrom/instr_rd.png  used on input line 46.
(pdftex.def)             Requested size: 386.95894pt x 96.7424pt.
<./wavedrom/rw_rd.png, id=176, 481.8pt x 180.675pt>
File: ./wavedrom/rw_rd.png Graphic file (type png)
<use ./wavedrom/rw_rd.png>
Package pdftex.def Info: ./wavedrom/rw_rd.png  used on input line 59.
(pdftex.def)             Requested size: 386.95894pt x 145.11362pt.
<./wavedrom/rw_wr.png, id=177, 481.8pt x 180.675pt>
File: ./wavedrom/rw_wr.png Graphic file (type png)
<use ./wavedrom/rw_wr.png>
Package pdftex.def Info: ./wavedrom/rw_wr.png  used on input line 65.
(pdftex.def)             Requested size: 386.95894pt x 145.11362pt.
) (/home/afonsom/Github/SEC-Classes/Project/docs/ug/periphs.tex
<./figures/periphs.png, id=179, 632.3625pt x 293.59688pt>
File: ./figures/periphs.png Graphic file (type png)
<use ./figures/periphs.png>
Package pdftex.def Info: ./figures/periphs.png  used on input line 7.
(pdftex.def)             Requested size: 483.69684pt x 224.57846pt.
File: ./figures/Logo.png Graphic file (type png)
<use ./figures/Logo.png>
Package pdftex.def Info: ./figures/Logo.png  used on input line 10.
(pdftex.def)             Requested size: 23.52533pt x 25.97195pt.
 [8]
File: ./figures/Logo.png Graphic file (type png)
<use ./figures/Logo.png>
Package pdftex.def Info: ./figures/Logo.png  used on input line 10.
(pdftex.def)             Requested size: 23.52533pt x 25.97195pt.
 [9 <./wavedrom/instr_rd.png> <./wavedrom/rw_rd.png> <./wavedrom/rw_wr.png>]
Underfull \vbox (badness 6364) has occurred while \output is active []

File: ./figures/Logo.png Graphic file (type png)
<use ./figures/Logo.png>
Package pdftex.def Info: ./figures/Logo.png  used on input line 25.
(pdftex.def)             Requested size: 23.52533pt x 25.97195pt.
 [10 <./figures/periphs.png>]) (/home/afonsom/Github/SEC-Classes/Project/docs/ug/mem_map.tex) (/home/afonsom/Github/SEC-Classes/Project/docs/ug/isa.tex) (/home/afonsom/Github/SEC-Classes/Project/docs/ug/progex.tex)
Package atveryend Info: Empty hook `BeforeClearDocument' on input line 37.
File: ./figures/Logo.png Graphic file (type png)
<use ./figures/Logo.png>
Package pdftex.def Info: ./figures/Logo.png  used on input line 37.
(pdftex.def)             Requested size: 23.52533pt x 25.97195pt.
 [11]
Package atveryend Info: Empty hook `AfterLastShipout' on input line 37.
 (/home/afonsom/Github/SEC-Classes/Project/docs/ug/ug.aux)
Package atveryend Info: Executing hook `AtVeryEndDocument' on input line 37.
Package atveryend Info: Executing hook `AtEndAfterFileList' on input line 37.
Package rerunfilecheck Info: File `ug.out' has not changed.
(rerunfilecheck)             Checksum: 1B65A45C4520FC649CC730B0BAC5D753;1163.
Package atveryend Info: Empty hook `AtVeryVeryEnd' on input line 37.
 ) 
Here is how much of TeX's memory you used:
 5880 strings out of 492623
 87755 string characters out of 6135669
 189539 words of memory out of 5000000
 9671 multiletter control sequences out of 15000+600000
 19912 words of font info for 35 fonts, out of 8000000 for 9000
 1141 hyphenation exceptions out of 8191
 35i,15n,45p,390b,414s stack positions out of 5000i,500n,10000p,200000b,80000s
{/usr/share/texmf-dist/fonts/enc/dvips/base/8r.enc}</usr/share/texmf-dist/fonts/type1/public/amsfonts/cm/cmsy10.pfb></usr/share/texmf-dist/fonts/type1/public/amsfonts/cm/cmtt10.pfb></usr/share/texmf-dist/fonts/type1/urw/helvetic/uhvb8a.pfb></usr/share/texmf-dist/fonts/type1/urw/helvetic/uhvr8a.pfb>
Output written on /home/afonsom/Github/SEC-Classes/Project/docs/ug/ug.pdf (11 pages, 132905 bytes).
PDF statistics:
 235 PDF objects out of 1000 (max. 8388607)
 203 compressed objects within 3 object streams
 42 named destinations out of 1000 (max. 500000)
 183 words of extra memory for PDF output out of 10000 (max. 10000000)

