#! /usr/local/bin/vvp
:ivl_version "10.3 (stable)" "(v10_3)";
:ivl_delay_selection "TYPICAL";
:vpi_time_precision - 12;
:vpi_module "system";
:vpi_module "vhdl_sys";
:vpi_module "v2005_math";
:vpi_module "va_math";
:vpi_module "v2009";
S_0x5577e46c9880 .scope module, "xtop_tb" "xtop_tb" 2 5;
 .timescale -9 -12;
P_0x5577e465ef30 .param/l "clk_period" 0 2 8, +C4<00000000000000000000000000001010>;
v0x5577e46fc380_0 .array/port v0x5577e46fc380, 0;
L_0x5577e47186d0 .functor BUFZ 32, v0x5577e46fc380_0, C4<00000000000000000000000000000000>, C4<00000000000000000000000000000000>, C4<00000000000000000000000000000000>;
v0x5577e46fc380_1 .array/port v0x5577e46fc380, 1;
L_0x5577e4718740 .functor BUFZ 32, v0x5577e46fc380_1, C4<00000000000000000000000000000000>, C4<00000000000000000000000000000000>, C4<00000000000000000000000000000000>;
v0x5577e46fc380_2 .array/port v0x5577e46fc380, 2;
L_0x5577e47187e0 .functor BUFZ 32, v0x5577e46fc380_2, C4<00000000000000000000000000000000>, C4<00000000000000000000000000000000>, C4<00000000000000000000000000000000>;
v0x5577e46fc380_3 .array/port v0x5577e46fc380, 3;
L_0x5577e47188b0 .functor BUFZ 32, v0x5577e46fc380_3, C4<00000000000000000000000000000000>, C4<00000000000000000000000000000000>, C4<00000000000000000000000000000000>;
v0x5577e46fc380_4 .array/port v0x5577e46fc380, 4;
L_0x5577e47189b0 .functor BUFZ 32, v0x5577e46fc380_4, C4<00000000000000000000000000000000>, C4<00000000000000000000000000000000>, C4<00000000000000000000000000000000>;
v0x5577e46fc380_5 .array/port v0x5577e46fc380, 5;
L_0x5577e4718a80 .functor BUFZ 32, v0x5577e46fc380_5, C4<00000000000000000000000000000000>, C4<00000000000000000000000000000000>, C4<00000000000000000000000000000000>;
v0x5577e46fc380_6 .array/port v0x5577e46fc380, 6;
L_0x5577e4718b90 .functor BUFZ 32, v0x5577e46fc380_6, C4<00000000000000000000000000000000>, C4<00000000000000000000000000000000>, C4<00000000000000000000000000000000>;
v0x5577e46fc380_7 .array/port v0x5577e46fc380, 7;
L_0x5577e4718c30 .functor BUFZ 32, v0x5577e46fc380_7, C4<00000000000000000000000000000000>, C4<00000000000000000000000000000000>, C4<00000000000000000000000000000000>;
v0x5577e46fc380_8 .array/port v0x5577e46fc380, 8;
L_0x5577e4718d50 .functor BUFZ 32, v0x5577e46fc380_8, C4<00000000000000000000000000000000>, C4<00000000000000000000000000000000>, C4<00000000000000000000000000000000>;
v0x5577e46fc380_9 .array/port v0x5577e46fc380, 9;
L_0x5577e4718e20 .functor BUFZ 32, v0x5577e46fc380_9, C4<00000000000000000000000000000000>, C4<00000000000000000000000000000000>, C4<00000000000000000000000000000000>;
v0x5577e46fc380_10 .array/port v0x5577e46fc380, 10;
L_0x5577e4718ef0 .functor BUFZ 32, v0x5577e46fc380_10, C4<00000000000000000000000000000000>, C4<00000000000000000000000000000000>, C4<00000000000000000000000000000000>;
v0x5577e46fc380_11 .array/port v0x5577e46fc380, 11;
L_0x5577e4718fc0 .functor BUFZ 32, v0x5577e46fc380_11, C4<00000000000000000000000000000000>, C4<00000000000000000000000000000000>, C4<00000000000000000000000000000000>;
v0x5577e46fc380_12 .array/port v0x5577e46fc380, 12;
L_0x5577e4719100 .functor BUFZ 32, v0x5577e46fc380_12, C4<00000000000000000000000000000000>, C4<00000000000000000000000000000000>, C4<00000000000000000000000000000000>;
v0x5577e46fc380_13 .array/port v0x5577e46fc380, 13;
L_0x5577e47191d0 .functor BUFZ 32, v0x5577e46fc380_13, C4<00000000000000000000000000000000>, C4<00000000000000000000000000000000>, C4<00000000000000000000000000000000>;
v0x5577e46fc380_14 .array/port v0x5577e46fc380, 14;
L_0x5577e4719090 .functor BUFZ 32, v0x5577e46fc380_14, C4<00000000000000000000000000000000>, C4<00000000000000000000000000000000>, C4<00000000000000000000000000000000>;
v0x5577e46fc380_15 .array/port v0x5577e46fc380, 15;
L_0x5577e4719380 .functor BUFZ 32, v0x5577e46fc380_15, C4<00000000000000000000000000000000>, C4<00000000000000000000000000000000>, C4<00000000000000000000000000000000>;
v0x5577e46fde90_0 .var "clk", 0 0;
v0x5577e46fdf50 .array "data", 0 15, 31 0;
v0x5577e46fe010_0 .var/i "k", 31 0;
v0x5577e46fe0d0_0 .net "par_addr", 13 0, L_0x5577e46ff430;  1 drivers
v0x5577e46fe190_0 .var "par_in", 31 0;
v0x5577e46fe230_0 .net "par_out", 31 0, L_0x5577e46ff690;  1 drivers
v0x5577e46fe2d0_0 .net "par_we", 0 0, L_0x5577e46ff750;  1 drivers
v0x5577e46fe370_0 .net "r0", 31 0, L_0x5577e47186d0;  1 drivers
v0x5577e46fe410_0 .net "r1", 31 0, L_0x5577e4718740;  1 drivers
v0x5577e46fe4f0_0 .net "r10", 31 0, L_0x5577e4718ef0;  1 drivers
v0x5577e46fe5d0_0 .net "r11", 31 0, L_0x5577e4718fc0;  1 drivers
v0x5577e46fe6b0_0 .net "r12", 31 0, L_0x5577e4719100;  1 drivers
v0x5577e46fe790_0 .net "r13", 31 0, L_0x5577e47191d0;  1 drivers
v0x5577e46fe870_0 .net "r14", 31 0, L_0x5577e4719090;  1 drivers
v0x5577e46fe950_0 .net "r15", 31 0, L_0x5577e4719380;  1 drivers
v0x5577e46fea30_0 .net "r2", 31 0, L_0x5577e47187e0;  1 drivers
v0x5577e46feb10_0 .net "r3", 31 0, L_0x5577e47188b0;  1 drivers
v0x5577e46febf0_0 .net "r4", 31 0, L_0x5577e47189b0;  1 drivers
v0x5577e46fecd0_0 .net "r5", 31 0, L_0x5577e4718a80;  1 drivers
v0x5577e46fedb0_0 .net "r6", 31 0, L_0x5577e4718b90;  1 drivers
v0x5577e46fee90_0 .net "r7", 31 0, L_0x5577e4718c30;  1 drivers
v0x5577e46fef70_0 .net "r8", 31 0, L_0x5577e4718d50;  1 drivers
v0x5577e46ff050_0 .net "r9", 31 0, L_0x5577e4718e20;  1 drivers
v0x5577e46ff130_0 .var "rst", 0 0;
v0x5577e46ff1d0_0 .var/i "start_time", 31 0;
v0x5577e46ff2b0_0 .net "trap", 0 0, v0x5577e46f0dc0_0;  1 drivers
S_0x5577e46b9470 .scope module, "uut" "xtop" 2 31, 3 4 0, S_0x5577e46c9880;
 .timescale -9 -12;
    .port_info 0 /INPUT 1 "clk"
    .port_info 1 /INPUT 1 "rst"
    .port_info 2 /OUTPUT 1 "trap"
    .port_info 3 /OUTPUT 14 "par_addr"
    .port_info 4 /INPUT 32 "par_in"
    .port_info 5 /OUTPUT 1 "par_re"
    .port_info 6 /OUTPUT 32 "par_out"
    .port_info 7 /OUTPUT 1 "par_we"
    .port_info 8 /OUTPUT 1 "led"
L_0x5577e4694350 .functor BUFZ 32, v0x5577e46fe190_0, C4<00000000000000000000000000000000>, C4<00000000000000000000000000000000>, C4<00000000000000000000000000000000>;
L_0x5577e46ff540 .functor NOT 1, L_0x5577e4715d70, C4<0>, C4<0>, C4<0>;
L_0x5577e46ff5d0 .functor AND 1, v0x5577e46c43b0_0, L_0x5577e46ff540, C4<1>, C4<1>;
L_0x5577e46ff690 .functor BUFZ 32, L_0x5577e4715de0, C4<00000000000000000000000000000000>, C4<00000000000000000000000000000000>, C4<00000000000000000000000000000000>;
L_0x5577e46ff750 .functor AND 1, v0x5577e46c43b0_0, L_0x5577e4715d70, C4<1>, C4<1>;
L_0x5577e4718530 .functor AND 1, v0x5577e46c3a90_0, L_0x5577e4715d70, C4<1>, C4<1>;
v0x5577e46fc840_0 .net *"_s4", 0 0, L_0x5577e46ff540;  1 drivers
v0x5577e46fc940_0 .net "clk", 0 0, v0x5577e46fde90_0;  1 drivers
v0x5577e46fca00_0 .net "cprt_sel", 0 0, v0x5577e46c3a90_0;  1 drivers
v0x5577e46fcad0_0 .net "data_addr", 14 0, v0x5577e46f9340_0;  1 drivers
v0x5577e46fcbc0_0 .net "data_sel", 0 0, L_0x5577e4715bb0;  1 drivers
v0x5577e46fcd00_0 .net "data_to_rd", 31 0, v0x5577e46c3b30_0;  1 drivers
v0x5577e46fcdf0_0 .net "data_to_wr", 31 0, L_0x5577e4715de0;  1 drivers
v0x5577e46fce90_0 .net "data_we", 0 0, L_0x5577e4715d70;  1 drivers
v0x5577e46fcf30_0 .net "ext_data_to_rd", 31 0, L_0x5577e4694350;  1 drivers
v0x5577e46fcff0_0 .net "ext_sel", 0 0, v0x5577e46c43b0_0;  1 drivers
v0x5577e46fd090_0 .net "instruction", 31 0, v0x5577e46fb700_0;  1 drivers
v0x5577e46fd130_0 .net "led", 0 0, v0x5577e46fa780_0;  1 drivers
v0x5577e46fd1d0_0 .net "led_sel", 0 0, v0x5577e46c48c0_0;  1 drivers
v0x5577e46fd2c0_0 .net "mem_data_to_rd", 31 0, L_0x5577e4717f50;  1 drivers
v0x5577e46fd3b0_0 .net "mem_sel", 0 0, v0x5577e46f0aa0_0;  1 drivers
v0x5577e46fd4a0_0 .net "par_addr", 13 0, L_0x5577e46ff430;  alias, 1 drivers
v0x5577e46fd560_0 .net "par_in", 31 0, v0x5577e46fe190_0;  1 drivers
v0x5577e46fd640_0 .net "par_out", 31 0, L_0x5577e46ff690;  alias, 1 drivers
v0x5577e46fd720_0 .net "par_re", 0 0, L_0x5577e46ff5d0;  1 drivers
v0x5577e46fd7e0_0 .net "par_we", 0 0, L_0x5577e46ff750;  alias, 1 drivers
v0x5577e46fd8a0_0 .net "pc", 13 0, v0x5577e46f9940_0;  1 drivers
v0x5577e46fd9b0_0 .net "regf_data_to_rd", 31 0, L_0x5577e47182d0;  1 drivers
v0x5577e46fdac0_0 .net "regf_sel", 0 0, v0x5577e46f0c40_0;  1 drivers
v0x5577e46fdbb0_0 .net "rst", 0 0, v0x5577e46ff130_0;  1 drivers
v0x5577e46fdca0_0 .net "trap", 0 0, v0x5577e46f0dc0_0;  alias, 1 drivers
L_0x5577e46ff430 .part v0x5577e46f9340_0, 0, 14;
L_0x5577e46ff7c0 .part L_0x5577e4715de0, 0, 1;
L_0x5577e4717ff0 .part v0x5577e46f9340_0, 0, 14;
L_0x5577e4718410 .part v0x5577e46f9340_0, 0, 4;
L_0x5577e4718630 .part L_0x5577e4715de0, 0, 8;
S_0x5577e46a1ae0 .scope module, "addr_decoder" "xaddr_decoder" 3 125, 4 2 0, S_0x5577e46b9470;
 .timescale -9 -12;
    .port_info 0 /INPUT 15 "addr"
    .port_info 1 /INPUT 1 "sel"
    .port_info 2 /OUTPUT 1 "mem_sel"
    .port_info 3 /INPUT 32 "mem_data_to_rd"
    .port_info 4 /OUTPUT 1 "regf_sel"
    .port_info 5 /INPUT 32 "regf_data_to_rd"
    .port_info 6 /OUTPUT 1 "cprt_sel"
    .port_info 7 /OUTPUT 1 "ext_sel"
    .port_info 8 /INPUT 32 "ext_data_to_rd"
    .port_info 9 /OUTPUT 1 "trap_sel"
    .port_info 10 /OUTPUT 1 "led_sel"
    .port_info 11 /OUTPUT 32 "data_to_rd"
v0x5577e465d0e0_0 .net "addr", 14 0, v0x5577e46f9340_0;  alias, 1 drivers
v0x5577e46c3a90_0 .var "cprt_sel", 0 0;
v0x5577e46c3b30_0 .var "data_to_rd", 31 0;
v0x5577e46c4310_0 .net "ext_data_to_rd", 31 0, L_0x5577e4694350;  alias, 1 drivers
v0x5577e46c43b0_0 .var "ext_sel", 0 0;
v0x5577e46c48c0_0 .var "led_sel", 0 0;
v0x5577e46c4960_0 .net "mem_data_to_rd", 31 0, L_0x5577e4717f50;  alias, 1 drivers
v0x5577e46f0aa0_0 .var "mem_sel", 0 0;
v0x5577e46f0b60_0 .net "regf_data_to_rd", 31 0, L_0x5577e47182d0;  alias, 1 drivers
v0x5577e46f0c40_0 .var "regf_sel", 0 0;
v0x5577e46f0d00_0 .net "sel", 0 0, L_0x5577e4715bb0;  alias, 1 drivers
v0x5577e46f0dc0_0 .var "trap_sel", 0 0;
E_0x5577e4667b00/0 .event edge, v0x5577e46f0aa0_0, v0x5577e46c4960_0, v0x5577e46f0c40_0, v0x5577e46f0b60_0;
E_0x5577e4667b00/1 .event edge, v0x5577e46c43b0_0, v0x5577e46c4310_0;
E_0x5577e4667b00 .event/or E_0x5577e4667b00/0, E_0x5577e4667b00/1;
E_0x5577e46ae510 .event edge, v0x5577e465d0e0_0, v0x5577e46f0d00_0;
S_0x5577e46a4280 .scope module, "controller" "xctrl" 3 80, 5 7 0, S_0x5577e46b9470;
 .timescale -9 -12;
    .port_info 0 /INPUT 1 "clk"
    .port_info 1 /INPUT 1 "rst"
    .port_info 2 /OUTPUT 14 "pc"
    .port_info 3 /INPUT 32 "instruction"
    .port_info 4 /OUTPUT 1 "mem_sel"
    .port_info 5 /OUTPUT 1 "mem_we"
    .port_info 6 /OUTPUT 15 "mem_addr"
    .port_info 7 /INPUT 32 "mem_data_from"
    .port_info 8 /OUTPUT 32 "mem_data_to"
L_0x5577e470fd20 .functor OR 1, L_0x5577e470f960, L_0x5577e470fbe0, C4<0>, C4<0>;
L_0x5577e47103b0 .functor OR 1, L_0x5577e470ff70, L_0x5577e4710220, C4<0>, C4<0>;
L_0x5577e47104c0 .functor OR 1, L_0x5577e470fd20, L_0x5577e47103b0, C4<0>, C4<0>;
L_0x5577e4710af0 .functor OR 1, L_0x5577e4710750, L_0x5577e4710940, C4<0>, C4<0>;
L_0x5577e4710a80 .functor OR 1, L_0x5577e4710d20, L_0x5577e47110e0, C4<0>, C4<0>;
L_0x5577e4711a10 .functor OR 1, L_0x5577e4711550, L_0x5577e4711820, C4<0>, C4<0>;
L_0x5577e4711db0 .functor OR 1, L_0x5577e4711a10, L_0x5577e4711bb0, C4<0>, C4<0>;
L_0x5577e47124d0 .functor OR 1, L_0x5577e4711fb0, L_0x5577e47122b0, C4<0>, C4<0>;
L_0x5577e4712950 .functor AND 1, L_0x5577e4711db0, L_0x5577e4712720, C4<1>, C4<1>;
L_0x5577e4712a60 .functor OR 1, L_0x5577e4712950, L_0x5577e47124d0, C4<0>, C4<0>;
L_0x5577e4712b70 .functor OR 1, L_0x5577e4710a80, L_0x5577e47124d0, C4<0>, C4<0>;
L_0x5577e4712be0 .functor OR 1, L_0x5577e4712b70, L_0x5577e4711db0, C4<0>, C4<0>;
L_0x5577e4712d10 .functor OR 1, L_0x5577e470fd20, L_0x5577e4710a80, C4<0>, C4<0>;
L_0x5577e4713420 .functor OR 1, L_0x5577e4712e70, L_0x5577e47131a0, C4<0>, C4<0>;
L_0x5577e4712ca0 .functor OR 1, L_0x5577e4713420, L_0x5577e47138b0, C4<0>, C4<0>;
L_0x5577e47139f0 .functor OR 1, L_0x5577e4712ca0, L_0x5577e4713ca0, C4<0>, C4<0>;
L_0x5577e47150f0 .functor OR 1, L_0x5577e4710af0, L_0x5577e47103b0, C4<0>, C4<0>;
L_0x5577e47151b0 .functor OR 1, L_0x5577e47150f0, L_0x5577e4712a60, C4<0>, C4<0>;
L_0x5577e47156d0 .functor AND 1, L_0x5577e47151b0, L_0x5577e4715590, C4<1>, C4<1>;
L_0x5577e4715bb0 .functor AND 1, L_0x5577e47156d0, L_0x5577e4715a70, C4<1>, C4<1>;
L_0x5577e4715d70 .functor BUFZ 1, L_0x5577e4710af0, C4<0>, C4<0>, C4<0>;
L_0x5577e4715de0 .functor BUFZ 32, v0x5577e46f9a20_0, C4<00000000000000000000000000000000>, C4<00000000000000000000000000000000>, C4<00000000000000000000000000000000>;
L_0x5577e4716340 .functor AND 32, v0x5577e46f9a20_0, L_0x5577e47165c0, C4<11111111111111111111111111111111>, C4<11111111111111111111111111111111>;
L_0x5577e4717b90 .functor XOR 32, v0x5577e46f9a20_0, L_0x5577e47165c0, C4<00000000000000000000000000000000>, C4<00000000000000000000000000000000>;
v0x5577e46f1260_0 .net *"_s0", 31 0, L_0x5577e46ff860;  1 drivers
v0x5577e46f1340_0 .net *"_s102", 31 0, L_0x5577e4711ec0;  1 drivers
L_0x7fb23c0ab648 .functor BUFT 1, C4<0000000000000000000000000000>, C4<0>, C4<0>, C4<0>;
v0x5577e46f1420_0 .net *"_s105", 27 0, L_0x7fb23c0ab648;  1 drivers
L_0x7fb23c0ab690 .functor BUFT 1, C4<00000000000000000000000000000100>, C4<0>, C4<0>, C4<0>;
v0x5577e46f14e0_0 .net/2u *"_s106", 31 0, L_0x7fb23c0ab690;  1 drivers
v0x5577e46f15c0_0 .net *"_s108", 0 0, L_0x5577e4711fb0;  1 drivers
L_0x7fb23c0ab0a8 .functor BUFT 1, C4<0000000000000000000000000000>, C4<0>, C4<0>, C4<0>;
v0x5577e46f16d0_0 .net *"_s11", 27 0, L_0x7fb23c0ab0a8;  1 drivers
v0x5577e46f17b0_0 .net *"_s110", 31 0, L_0x5577e47121c0;  1 drivers
L_0x7fb23c0ab6d8 .functor BUFT 1, C4<0000000000000000000000000000>, C4<0>, C4<0>, C4<0>;
v0x5577e46f1890_0 .net *"_s113", 27 0, L_0x7fb23c0ab6d8;  1 drivers
L_0x7fb23c0ab720 .functor BUFT 1, C4<00000000000000000000000000000101>, C4<0>, C4<0>, C4<0>;
v0x5577e46f1970_0 .net/2u *"_s114", 31 0, L_0x7fb23c0ab720;  1 drivers
v0x5577e46f1a50_0 .net *"_s116", 0 0, L_0x5577e47122b0;  1 drivers
L_0x7fb23c0ab0f0 .functor BUFT 1, C4<00000000000000000000000000000111>, C4<0>, C4<0>, C4<0>;
v0x5577e46f1b10_0 .net/2u *"_s12", 31 0, L_0x7fb23c0ab0f0;  1 drivers
v0x5577e46f1bf0_0 .net *"_s120", 31 0, L_0x5577e4712630;  1 drivers
L_0x7fb23c0ab768 .functor BUFT 1, C4<0000000000000000000000000000>, C4<0>, C4<0>, C4<0>;
v0x5577e46f1cd0_0 .net *"_s123", 27 0, L_0x7fb23c0ab768;  1 drivers
L_0x7fb23c0ab7b0 .functor BUFT 1, C4<00000000000000000000000000000000>, C4<0>, C4<0>, C4<0>;
v0x5577e46f1db0_0 .net/2u *"_s124", 31 0, L_0x7fb23c0ab7b0;  1 drivers
v0x5577e46f1e90_0 .net *"_s126", 0 0, L_0x5577e4712720;  1 drivers
v0x5577e46f1f50_0 .net *"_s128", 0 0, L_0x5577e4712950;  1 drivers
v0x5577e46f2010_0 .net *"_s132", 0 0, L_0x5577e4712b70;  1 drivers
v0x5577e46f20f0_0 .net *"_s138", 31 0, L_0x5577e4712d80;  1 drivers
v0x5577e46f21d0_0 .net *"_s14", 0 0, L_0x5577e470fbe0;  1 drivers
L_0x7fb23c0ab7f8 .functor BUFT 1, C4<0000000000000000000000000000>, C4<0>, C4<0>, C4<0>;
v0x5577e46f2290_0 .net *"_s141", 27 0, L_0x7fb23c0ab7f8;  1 drivers
L_0x7fb23c0ab840 .functor BUFT 1, C4<00000000000000000000000000001100>, C4<0>, C4<0>, C4<0>;
v0x5577e46f2370_0 .net/2u *"_s142", 31 0, L_0x7fb23c0ab840;  1 drivers
v0x5577e46f2450_0 .net *"_s144", 0 0, L_0x5577e4712e70;  1 drivers
v0x5577e46f2510_0 .net *"_s146", 31 0, L_0x5577e47130b0;  1 drivers
L_0x7fb23c0ab888 .functor BUFT 1, C4<0000000000000000000000000000>, C4<0>, C4<0>, C4<0>;
v0x5577e46f25f0_0 .net *"_s149", 27 0, L_0x7fb23c0ab888;  1 drivers
L_0x7fb23c0ab8d0 .functor BUFT 1, C4<00000000000000000000000000001110>, C4<0>, C4<0>, C4<0>;
v0x5577e46f26d0_0 .net/2u *"_s150", 31 0, L_0x7fb23c0ab8d0;  1 drivers
v0x5577e46f27b0_0 .net *"_s152", 0 0, L_0x5577e47131a0;  1 drivers
v0x5577e46f2870_0 .net *"_s154", 0 0, L_0x5577e4713420;  1 drivers
v0x5577e46f2930_0 .net *"_s156", 31 0, L_0x5577e47135b0;  1 drivers
L_0x7fb23c0ab918 .functor BUFT 1, C4<0000000000000000000000000000>, C4<0>, C4<0>, C4<0>;
v0x5577e46f2a10_0 .net *"_s159", 27 0, L_0x7fb23c0ab918;  1 drivers
L_0x7fb23c0ab960 .functor BUFT 1, C4<00000000000000000000000000001101>, C4<0>, C4<0>, C4<0>;
v0x5577e46f2af0_0 .net/2u *"_s160", 31 0, L_0x7fb23c0ab960;  1 drivers
v0x5577e46f2bd0_0 .net *"_s162", 0 0, L_0x5577e47138b0;  1 drivers
v0x5577e46f2c90_0 .net *"_s164", 0 0, L_0x5577e4712ca0;  1 drivers
v0x5577e46f2d50_0 .net *"_s166", 31 0, L_0x5577e4713bb0;  1 drivers
L_0x7fb23c0ab9a8 .functor BUFT 1, C4<0000000000000000000000000000>, C4<0>, C4<0>, C4<0>;
v0x5577e46f3040_0 .net *"_s169", 27 0, L_0x7fb23c0ab9a8;  1 drivers
L_0x7fb23c0ab9f0 .functor BUFT 1, C4<00000000000000000000000000001111>, C4<0>, C4<0>, C4<0>;
v0x5577e46f3120_0 .net/2u *"_s170", 31 0, L_0x7fb23c0ab9f0;  1 drivers
v0x5577e46f3200_0 .net *"_s172", 0 0, L_0x5577e4713ca0;  1 drivers
v0x5577e46f32c0_0 .net *"_s178", 31 0, L_0x5577e4714040;  1 drivers
v0x5577e46f33a0_0 .net *"_s18", 31 0, L_0x5577e470fe30;  1 drivers
L_0x7fb23c0aba38 .functor BUFT 1, C4<0000000000000000000000000000>, C4<0>, C4<0>, C4<0>;
v0x5577e46f3480_0 .net *"_s181", 27 0, L_0x7fb23c0aba38;  1 drivers
L_0x7fb23c0aba80 .functor BUFT 1, C4<00000000000000000000000000000111>, C4<0>, C4<0>, C4<0>;
v0x5577e46f3560_0 .net/2u *"_s182", 31 0, L_0x7fb23c0aba80;  1 drivers
v0x5577e46f3640_0 .net *"_s184", 0 0, L_0x5577e4714270;  1 drivers
v0x5577e46f3700_0 .net *"_s187", 15 0, L_0x5577e47143b0;  1 drivers
v0x5577e46f37e0_0 .net *"_s189", 15 0, L_0x5577e47145a0;  1 drivers
v0x5577e46f38c0_0 .net *"_s190", 31 0, L_0x5577e4714670;  1 drivers
v0x5577e46f39a0_0 .net *"_s193", 0 0, L_0x5577e47148f0;  1 drivers
v0x5577e46f3a80_0 .net *"_s194", 3 0, L_0x5577e4714990;  1 drivers
v0x5577e46f3b60_0 .net *"_s197", 27 0, L_0x5577e4714c20;  1 drivers
v0x5577e46f3c40_0 .net *"_s198", 31 0, L_0x5577e4714cc0;  1 drivers
v0x5577e46f3d20_0 .net *"_s202", 0 0, L_0x5577e47150f0;  1 drivers
v0x5577e46f3e00_0 .net *"_s204", 0 0, L_0x5577e47151b0;  1 drivers
v0x5577e46f3ee0_0 .net *"_s206", 31 0, L_0x5577e4715360;  1 drivers
L_0x7fb23c0abac8 .functor BUFT 1, C4<00000000000000000>, C4<0>, C4<0>, C4<0>;
v0x5577e46f3fc0_0 .net *"_s209", 16 0, L_0x7fb23c0abac8;  1 drivers
L_0x7fb23c0ab138 .functor BUFT 1, C4<0000000000000000000000000000>, C4<0>, C4<0>, C4<0>;
v0x5577e46f40a0_0 .net *"_s21", 27 0, L_0x7fb23c0ab138;  1 drivers
L_0x7fb23c0abb10 .functor BUFT 1, C4<00000000000000000100000000010000>, C4<0>, C4<0>, C4<0>;
v0x5577e46f4180_0 .net/2u *"_s210", 31 0, L_0x7fb23c0abb10;  1 drivers
v0x5577e46f4260_0 .net *"_s212", 0 0, L_0x5577e4715590;  1 drivers
v0x5577e46f4320_0 .net *"_s214", 0 0, L_0x5577e47156d0;  1 drivers
v0x5577e46f43e0_0 .net *"_s216", 31 0, L_0x5577e47157e0;  1 drivers
L_0x7fb23c0abb58 .functor BUFT 1, C4<00000000000000000>, C4<0>, C4<0>, C4<0>;
v0x5577e46f44c0_0 .net *"_s219", 16 0, L_0x7fb23c0abb58;  1 drivers
L_0x7fb23c0ab180 .functor BUFT 1, C4<00000000000000000000000000001000>, C4<0>, C4<0>, C4<0>;
v0x5577e46f45a0_0 .net/2u *"_s22", 31 0, L_0x7fb23c0ab180;  1 drivers
L_0x7fb23c0abba0 .functor BUFT 1, C4<00000000000000000100000000010001>, C4<0>, C4<0>, C4<0>;
v0x5577e46f4680_0 .net/2u *"_s220", 31 0, L_0x7fb23c0abba0;  1 drivers
v0x5577e46f4760_0 .net *"_s222", 0 0, L_0x5577e4715a70;  1 drivers
v0x5577e46f4820_0 .net *"_s230", 31 0, L_0x5577e47152c0;  1 drivers
L_0x7fb23c0abbe8 .functor BUFT 1, C4<0000000000000000000000000000>, C4<0>, C4<0>, C4<0>;
v0x5577e46f4900_0 .net *"_s233", 27 0, L_0x7fb23c0abbe8;  1 drivers
L_0x7fb23c0abc30 .functor BUFT 1, C4<00000000000000000000000000000010>, C4<0>, C4<0>, C4<0>;
v0x5577e46f49e0_0 .net/2u *"_s234", 31 0, L_0x7fb23c0abc30;  1 drivers
v0x5577e46f4ac0_0 .net *"_s236", 0 0, L_0x5577e4716160;  1 drivers
L_0x7fb23c0abc78 .functor BUFT 1, C4<00000000000000000000000000000000>, C4<0>, C4<0>, C4<0>;
v0x5577e46f4f90_0 .net *"_s238", 31 0, L_0x7fb23c0abc78;  1 drivers
v0x5577e46f5070_0 .net *"_s24", 0 0, L_0x5577e470ff70;  1 drivers
v0x5577e46f5130_0 .net *"_s241", 31 0, L_0x5577e47162a0;  1 drivers
v0x5577e46f5210_0 .net *"_s245", 30 0, L_0x5577e4716750;  1 drivers
v0x5577e46f52f0_0 .net *"_s246", 31 0, L_0x5577e47169c0;  1 drivers
L_0x7fb23c0abcc0 .functor BUFT 1, C4<0>, C4<0>, C4<0>, C4<0>;
v0x5577e46f53d0_0 .net *"_s249", 0 0, L_0x7fb23c0abcc0;  1 drivers
v0x5577e46f54b0_0 .net *"_s251", 30 0, L_0x5577e4716b00;  1 drivers
v0x5577e46f5590_0 .net *"_s252", 31 0, L_0x5577e4716dd0;  1 drivers
L_0x7fb23c0abd08 .functor BUFT 1, C4<0>, C4<0>, C4<0>, C4<0>;
v0x5577e46f5670_0 .net *"_s255", 0 0, L_0x7fb23c0abd08;  1 drivers
v0x5577e46f5750_0 .net *"_s258", 32 0, L_0x5577e4717240;  1 drivers
v0x5577e46f5830_0 .net *"_s26", 31 0, L_0x5577e47100f0;  1 drivers
L_0x7fb23c0abd50 .functor BUFT 1, C4<0>, C4<0>, C4<0>, C4<0>;
v0x5577e46f5910_0 .net *"_s261", 0 0, L_0x7fb23c0abd50;  1 drivers
v0x5577e46f59f0_0 .net *"_s262", 32 0, L_0x5577e47172e0;  1 drivers
L_0x7fb23c0abd98 .functor BUFT 1, C4<0>, C4<0>, C4<0>, C4<0>;
v0x5577e46f5ad0_0 .net *"_s265", 0 0, L_0x7fb23c0abd98;  1 drivers
L_0x7fb23c0ab1c8 .functor BUFT 1, C4<0000000000000000000000000000>, C4<0>, C4<0>, C4<0>;
v0x5577e46f5bb0_0 .net *"_s29", 27 0, L_0x7fb23c0ab1c8;  1 drivers
L_0x7fb23c0ab018 .functor BUFT 1, C4<0000000000000000000000000000>, C4<0>, C4<0>, C4<0>;
v0x5577e46f5c90_0 .net *"_s3", 27 0, L_0x7fb23c0ab018;  1 drivers
L_0x7fb23c0ab210 .functor BUFT 1, C4<00000000000000000000000000001010>, C4<0>, C4<0>, C4<0>;
v0x5577e46f5d70_0 .net/2u *"_s30", 31 0, L_0x7fb23c0ab210;  1 drivers
v0x5577e46f5e50_0 .net *"_s32", 0 0, L_0x5577e4710220;  1 drivers
v0x5577e46f5f10_0 .net *"_s38", 31 0, L_0x5577e47105d0;  1 drivers
L_0x7fb23c0ab060 .functor BUFT 1, C4<00000000000000000000000000000110>, C4<0>, C4<0>, C4<0>;
v0x5577e46f5ff0_0 .net/2u *"_s4", 31 0, L_0x7fb23c0ab060;  1 drivers
L_0x7fb23c0ab258 .functor BUFT 1, C4<0000000000000000000000000000>, C4<0>, C4<0>, C4<0>;
v0x5577e46f60d0_0 .net *"_s41", 27 0, L_0x7fb23c0ab258;  1 drivers
L_0x7fb23c0ab2a0 .functor BUFT 1, C4<00000000000000000000000000001001>, C4<0>, C4<0>, C4<0>;
v0x5577e46f61b0_0 .net/2u *"_s42", 31 0, L_0x7fb23c0ab2a0;  1 drivers
v0x5577e46f6290_0 .net *"_s44", 0 0, L_0x5577e4710750;  1 drivers
v0x5577e46f6350_0 .net *"_s46", 31 0, L_0x5577e47108a0;  1 drivers
L_0x7fb23c0ab2e8 .functor BUFT 1, C4<0000000000000000000000000000>, C4<0>, C4<0>, C4<0>;
v0x5577e46f6430_0 .net *"_s49", 27 0, L_0x7fb23c0ab2e8;  1 drivers
L_0x7fb23c0ab330 .functor BUFT 1, C4<00000000000000000000000000001011>, C4<0>, C4<0>, C4<0>;
v0x5577e46f6510_0 .net/2u *"_s50", 31 0, L_0x7fb23c0ab330;  1 drivers
v0x5577e46f65f0_0 .net *"_s52", 0 0, L_0x5577e4710940;  1 drivers
v0x5577e46f66b0_0 .net *"_s56", 31 0, L_0x5577e4710c30;  1 drivers
L_0x7fb23c0ab378 .functor BUFT 1, C4<0000000000000000000000000000>, C4<0>, C4<0>, C4<0>;
v0x5577e46f6790_0 .net *"_s59", 27 0, L_0x7fb23c0ab378;  1 drivers
v0x5577e46f6870_0 .net *"_s6", 0 0, L_0x5577e470f960;  1 drivers
L_0x7fb23c0ab3c0 .functor BUFT 1, C4<00000000000000000000000000000000>, C4<0>, C4<0>, C4<0>;
v0x5577e46f6930_0 .net/2u *"_s60", 31 0, L_0x7fb23c0ab3c0;  1 drivers
v0x5577e46f6a10_0 .net *"_s62", 0 0, L_0x5577e4710d20;  1 drivers
v0x5577e46f6ad0_0 .net *"_s64", 31 0, L_0x5577e4710ee0;  1 drivers
L_0x7fb23c0ab408 .functor BUFT 1, C4<0000000000000000000000000000>, C4<0>, C4<0>, C4<0>;
v0x5577e46f6bb0_0 .net *"_s67", 27 0, L_0x7fb23c0ab408;  1 drivers
L_0x7fb23c0ab450 .functor BUFT 1, C4<00000000000000000000000000000011>, C4<0>, C4<0>, C4<0>;
v0x5577e46f6c90_0 .net/2u *"_s68", 31 0, L_0x7fb23c0ab450;  1 drivers
v0x5577e46f6d70_0 .net *"_s70", 0 0, L_0x5577e47110e0;  1 drivers
v0x5577e46f6e30_0 .net *"_s74", 31 0, L_0x5577e4711350;  1 drivers
L_0x7fb23c0ab498 .functor BUFT 1, C4<0000000000000000000000000000>, C4<0>, C4<0>, C4<0>;
v0x5577e46f6f10_0 .net *"_s77", 27 0, L_0x7fb23c0ab498;  1 drivers
L_0x7fb23c0ab4e0 .functor BUFT 1, C4<00000000000000000000000000000000>, C4<0>, C4<0>, C4<0>;
v0x5577e46f6ff0_0 .net/2u *"_s78", 31 0, L_0x7fb23c0ab4e0;  1 drivers
v0x5577e46f70d0_0 .net *"_s8", 31 0, L_0x5577e470faa0;  1 drivers
v0x5577e46f71b0_0 .net *"_s80", 0 0, L_0x5577e4711550;  1 drivers
v0x5577e46f7270_0 .net *"_s82", 31 0, L_0x5577e4711730;  1 drivers
L_0x7fb23c0ab528 .functor BUFT 1, C4<0000000000000000000000000000>, C4<0>, C4<0>, C4<0>;
v0x5577e46f7350_0 .net *"_s85", 27 0, L_0x7fb23c0ab528;  1 drivers
L_0x7fb23c0ab570 .functor BUFT 1, C4<00000000000000000000000000000001>, C4<0>, C4<0>, C4<0>;
v0x5577e46f7430_0 .net/2u *"_s86", 31 0, L_0x7fb23c0ab570;  1 drivers
v0x5577e46f7510_0 .net *"_s88", 0 0, L_0x5577e4711820;  1 drivers
v0x5577e46f75d0_0 .net *"_s90", 0 0, L_0x5577e4711a10;  1 drivers
v0x5577e46f7690_0 .net *"_s92", 31 0, L_0x5577e4711690;  1 drivers
L_0x7fb23c0ab5b8 .functor BUFT 1, C4<0000000000000000000000000000>, C4<0>, C4<0>, C4<0>;
v0x5577e46f7770_0 .net *"_s95", 27 0, L_0x7fb23c0ab5b8;  1 drivers
L_0x7fb23c0ab600 .functor BUFT 1, C4<00000000000000000000000000000010>, C4<0>, C4<0>, C4<0>;
v0x5577e46f7850_0 .net/2u *"_s96", 31 0, L_0x7fb23c0ab600;  1 drivers
v0x5577e46f7930_0 .net *"_s98", 0 0, L_0x5577e4711bb0;  1 drivers
v0x5577e46f79f0_0 .net "adder_res_1", 31 0, L_0x5577e4716f10;  1 drivers
v0x5577e46f7ad0_0 .net "adder_res_2", 32 0, L_0x5577e47175d0;  1 drivers
v0x5577e46f7bb0_0 .net "alu_arith_ops", 0 0, L_0x5577e4711db0;  1 drivers
v0x5577e46f7c70_0 .var "alu_carry", 0 0;
v0x5577e46f7d30_0 .net "alu_imm_ops", 0 0, L_0x5577e4710a80;  1 drivers
v0x5577e46f7df0_0 .net "alu_logic_ops", 0 0, L_0x5577e47124d0;  1 drivers
v0x5577e46f7eb0_0 .net "alu_mem_ops", 0 0, L_0x5577e4712a60;  1 drivers
v0x5577e46f7f70_0 .var "alu_negative", 0 0;
v0x5577e46f8030_0 .net "alu_ops", 0 0, L_0x5577e4712be0;  1 drivers
v0x5577e46f80f0_0 .var "alu_overflow", 0 0;
v0x5577e46f81b0_0 .var "alu_result", 32 0;
v0x5577e46f8290_0 .net "and_res", 31 0, L_0x5577e4716340;  1 drivers
v0x5577e46f8370_0 .net "branch_ops", 0 0, L_0x5577e47139f0;  1 drivers
v0x5577e46f8430_0 .net "carry_n", 0 0, L_0x5577e4717a10;  1 drivers
v0x5577e46f8d00_0 .net "carry_n_1", 0 0, L_0x5577e4717710;  1 drivers
v0x5577e46f8dc0_0 .net "clk", 0 0, v0x5577e46fde90_0;  alias, 1 drivers
v0x5577e46f8e80_0 .net/s "imm", 31 0, L_0x5577e4714f60;  1 drivers
v0x5577e46f8f60_0 .net "imm_ops", 0 0, L_0x5577e4712d10;  1 drivers
v0x5577e46f9020_0 .net "instruction", 31 0, v0x5577e46fb700_0;  alias, 1 drivers
v0x5577e46f9100_0 .net "load_imm_ops", 0 0, L_0x5577e470fd20;  1 drivers
v0x5577e46f91c0_0 .net "load_mem_ops", 0 0, L_0x5577e47103b0;  1 drivers
v0x5577e46f9280_0 .net "load_ops", 0 0, L_0x5577e47104c0;  1 drivers
v0x5577e46f9340_0 .var "mem_addr", 14 0;
v0x5577e46f9400_0 .net "mem_data_from", 31 0, v0x5577e46c3b30_0;  alias, 1 drivers
v0x5577e46f94a0_0 .net "mem_data_to", 31 0, L_0x5577e4715de0;  alias, 1 drivers
v0x5577e46f9560_0 .net "mem_sel", 0 0, L_0x5577e4715bb0;  alias, 1 drivers
v0x5577e46f9600_0 .net "mem_we", 0 0, L_0x5577e4715d70;  alias, 1 drivers
v0x5577e46f96a0_0 .net "opcode", 3 0, L_0x5577e4713fa0;  1 drivers
v0x5577e46f9780_0 .net "operand", 31 0, L_0x5577e47165c0;  1 drivers
v0x5577e46f9860_0 .var "operand_int", 31 0;
v0x5577e46f9940_0 .var "pc", 13 0;
v0x5577e46f9a20_0 .var "regA", 31 0;
v0x5577e46f9b00_0 .var "regB", 31 0;
v0x5577e46f9be0_0 .var "regC", 31 0;
v0x5577e46f9cc0_0 .net "rst", 0 0, v0x5577e46ff130_0;  alias, 1 drivers
v0x5577e46f9d80_0 .net "store_mem_ops", 0 0, L_0x5577e4710af0;  1 drivers
v0x5577e46f9e40_0 .net "xor_res", 31 0, L_0x5577e4717b90;  1 drivers
E_0x5577e46c8b40/0 .event edge, v0x5577e46f7bb0_0, v0x5577e46f7ad0_0, v0x5577e46f8430_0, v0x5577e46f8d00_0;
E_0x5577e46c8b40/1 .event edge, v0x5577e46f96a0_0, v0x5577e46f9780_0, v0x5577e46f9a20_0, v0x5577e46f8290_0;
E_0x5577e46c8b40/2 .event edge, v0x5577e46f9e40_0;
E_0x5577e46c8b40 .event/or E_0x5577e46c8b40/0, E_0x5577e46c8b40/1, E_0x5577e46c8b40/2;
E_0x5577e4667700 .event posedge, v0x5577e46f9cc0_0, v0x5577e46f8dc0_0;
E_0x5577e4666e50/0 .event edge, v0x5577e46f9280_0, v0x5577e46f8030_0, v0x5577e465d0e0_0, v0x5577e46f9b00_0;
E_0x5577e4666e50/1 .event edge, v0x5577e46f9be0_0, v0x5577e46f8f60_0, v0x5577e46f8e80_0, v0x5577e46f0d00_0;
E_0x5577e4666e50/2 .event edge, v0x5577e46c3b30_0;
E_0x5577e4666e50 .event/or E_0x5577e4666e50/0, E_0x5577e4666e50/1, E_0x5577e4666e50/2;
E_0x5577e4668690 .event edge, v0x5577e46f96a0_0, v0x5577e46f9b00_0, v0x5577e46f8e80_0;
L_0x5577e46ff860 .concat [ 4 28 0 0], L_0x5577e4713fa0, L_0x7fb23c0ab018;
L_0x5577e470f960 .cmp/eq 32, L_0x5577e46ff860, L_0x7fb23c0ab060;
L_0x5577e470faa0 .concat [ 4 28 0 0], L_0x5577e4713fa0, L_0x7fb23c0ab0a8;
L_0x5577e470fbe0 .cmp/eq 32, L_0x5577e470faa0, L_0x7fb23c0ab0f0;
L_0x5577e470fe30 .concat [ 4 28 0 0], L_0x5577e4713fa0, L_0x7fb23c0ab138;
L_0x5577e470ff70 .cmp/eq 32, L_0x5577e470fe30, L_0x7fb23c0ab180;
L_0x5577e47100f0 .concat [ 4 28 0 0], L_0x5577e4713fa0, L_0x7fb23c0ab1c8;
L_0x5577e4710220 .cmp/eq 32, L_0x5577e47100f0, L_0x7fb23c0ab210;
L_0x5577e47105d0 .concat [ 4 28 0 0], L_0x5577e4713fa0, L_0x7fb23c0ab258;
L_0x5577e4710750 .cmp/eq 32, L_0x5577e47105d0, L_0x7fb23c0ab2a0;
L_0x5577e47108a0 .concat [ 4 28 0 0], L_0x5577e4713fa0, L_0x7fb23c0ab2e8;
L_0x5577e4710940 .cmp/eq 32, L_0x5577e47108a0, L_0x7fb23c0ab330;
L_0x5577e4710c30 .concat [ 4 28 0 0], L_0x5577e4713fa0, L_0x7fb23c0ab378;
L_0x5577e4710d20 .cmp/eq 32, L_0x5577e4710c30, L_0x7fb23c0ab3c0;
L_0x5577e4710ee0 .concat [ 4 28 0 0], L_0x5577e4713fa0, L_0x7fb23c0ab408;
L_0x5577e47110e0 .cmp/eq 32, L_0x5577e4710ee0, L_0x7fb23c0ab450;
L_0x5577e4711350 .concat [ 4 28 0 0], L_0x5577e4713fa0, L_0x7fb23c0ab498;
L_0x5577e4711550 .cmp/eq 32, L_0x5577e4711350, L_0x7fb23c0ab4e0;
L_0x5577e4711730 .concat [ 4 28 0 0], L_0x5577e4713fa0, L_0x7fb23c0ab528;
L_0x5577e4711820 .cmp/eq 32, L_0x5577e4711730, L_0x7fb23c0ab570;
L_0x5577e4711690 .concat [ 4 28 0 0], L_0x5577e4713fa0, L_0x7fb23c0ab5b8;
L_0x5577e4711bb0 .cmp/eq 32, L_0x5577e4711690, L_0x7fb23c0ab600;
L_0x5577e4711ec0 .concat [ 4 28 0 0], L_0x5577e4713fa0, L_0x7fb23c0ab648;
L_0x5577e4711fb0 .cmp/eq 32, L_0x5577e4711ec0, L_0x7fb23c0ab690;
L_0x5577e47121c0 .concat [ 4 28 0 0], L_0x5577e4713fa0, L_0x7fb23c0ab6d8;
L_0x5577e47122b0 .cmp/eq 32, L_0x5577e47121c0, L_0x7fb23c0ab720;
L_0x5577e4712630 .concat [ 4 28 0 0], L_0x5577e4713fa0, L_0x7fb23c0ab768;
L_0x5577e4712720 .cmp/ne 32, L_0x5577e4712630, L_0x7fb23c0ab7b0;
L_0x5577e4712d80 .concat [ 4 28 0 0], L_0x5577e4713fa0, L_0x7fb23c0ab7f8;
L_0x5577e4712e70 .cmp/eq 32, L_0x5577e4712d80, L_0x7fb23c0ab840;
L_0x5577e47130b0 .concat [ 4 28 0 0], L_0x5577e4713fa0, L_0x7fb23c0ab888;
L_0x5577e47131a0 .cmp/eq 32, L_0x5577e47130b0, L_0x7fb23c0ab8d0;
L_0x5577e47135b0 .concat [ 4 28 0 0], L_0x5577e4713fa0, L_0x7fb23c0ab918;
L_0x5577e47138b0 .cmp/eq 32, L_0x5577e47135b0, L_0x7fb23c0ab960;
L_0x5577e4713bb0 .concat [ 4 28 0 0], L_0x5577e4713fa0, L_0x7fb23c0ab9a8;
L_0x5577e4713ca0 .cmp/eq 32, L_0x5577e4713bb0, L_0x7fb23c0ab9f0;
L_0x5577e4713fa0 .part v0x5577e46fb700_0, 28, 4;
L_0x5577e4714040 .concat [ 4 28 0 0], L_0x5577e4713fa0, L_0x7fb23c0aba38;
L_0x5577e4714270 .cmp/eq 32, L_0x5577e4714040, L_0x7fb23c0aba80;
L_0x5577e47143b0 .part v0x5577e46fb700_0, 0, 16;
L_0x5577e47145a0 .part v0x5577e46f9a20_0, 0, 16;
L_0x5577e4714670 .concat [ 16 16 0 0], L_0x5577e47145a0, L_0x5577e47143b0;
L_0x5577e47148f0 .part v0x5577e46fb700_0, 27, 1;
L_0x5577e4714990 .concat [ 1 1 1 1], L_0x5577e47148f0, L_0x5577e47148f0, L_0x5577e47148f0, L_0x5577e47148f0;
L_0x5577e4714c20 .part v0x5577e46fb700_0, 0, 28;
L_0x5577e4714cc0 .concat [ 28 4 0 0], L_0x5577e4714c20, L_0x5577e4714990;
L_0x5577e4714f60 .functor MUXZ 32, L_0x5577e4714cc0, L_0x5577e4714670, L_0x5577e4714270, C4<>;
L_0x5577e4715360 .concat [ 15 17 0 0], v0x5577e46f9340_0, L_0x7fb23c0abac8;
L_0x5577e4715590 .cmp/ne 32, L_0x5577e4715360, L_0x7fb23c0abb10;
L_0x5577e47157e0 .concat [ 15 17 0 0], v0x5577e46f9340_0, L_0x7fb23c0abb58;
L_0x5577e4715a70 .cmp/ne 32, L_0x5577e47157e0, L_0x7fb23c0abba0;
L_0x5577e47152c0 .concat [ 4 28 0 0], L_0x5577e4713fa0, L_0x7fb23c0abbe8;
L_0x5577e4716160 .cmp/eq 32, L_0x5577e47152c0, L_0x7fb23c0abc30;
L_0x5577e47162a0 .arith/sub 32, L_0x7fb23c0abc78, v0x5577e46f9860_0;
L_0x5577e47165c0 .functor MUXZ 32, v0x5577e46f9860_0, L_0x5577e47162a0, L_0x5577e4716160, C4<>;
L_0x5577e4716750 .part v0x5577e46f9a20_0, 0, 31;
L_0x5577e47169c0 .concat [ 31 1 0 0], L_0x5577e4716750, L_0x7fb23c0abcc0;
L_0x5577e4716b00 .part L_0x5577e47165c0, 0, 31;
L_0x5577e4716dd0 .concat [ 31 1 0 0], L_0x5577e4716b00, L_0x7fb23c0abd08;
L_0x5577e4716f10 .arith/sum 32, L_0x5577e47169c0, L_0x5577e4716dd0;
L_0x5577e4717240 .concat [ 32 1 0 0], v0x5577e46f9a20_0, L_0x7fb23c0abd50;
L_0x5577e47172e0 .concat [ 32 1 0 0], L_0x5577e47165c0, L_0x7fb23c0abd98;
L_0x5577e47175d0 .arith/sum 33, L_0x5577e4717240, L_0x5577e47172e0;
L_0x5577e4717710 .part L_0x5577e4716f10, 31, 1;
L_0x5577e4717a10 .part L_0x5577e47175d0, 32, 1;
S_0x5577e46a65e0 .scope module, "cprint" "xcprint" 3 161, 6 4 0, S_0x5577e46b9470;
 .timescale -9 -12;
    .port_info 0 /INPUT 1 "clk"
    .port_info 1 /INPUT 1 "sel"
    .port_info 2 /INPUT 8 "data_in"
v0x5577e46fa0d0_0 .net "clk", 0 0, v0x5577e46fde90_0;  alias, 1 drivers
v0x5577e46fa1c0_0 .net "data_in", 7 0, L_0x5577e4718630;  1 drivers
v0x5577e46fa280_0 .net "sel", 0 0, L_0x5577e4718530;  1 drivers
E_0x5577e46db060 .event posedge, v0x5577e46f8dc0_0;
S_0x5577e46fa3d0 .scope module, "ledcontroller" "xled" 3 69, 7 4 0, S_0x5577e46b9470;
 .timescale -9 -12;
    .port_info 0 /INPUT 1 "sel"
    .port_info 1 /INPUT 1 "data_in"
    .port_info 2 /OUTPUT 1 "data_out"
    .port_info 3 /INPUT 1 "clk"
    .port_info 4 /INPUT 1 "rst"
v0x5577e46fa5d0_0 .net "clk", 0 0, v0x5577e46fde90_0;  alias, 1 drivers
v0x5577e46fa6c0_0 .net "data_in", 0 0, L_0x5577e46ff7c0;  1 drivers
v0x5577e46fa780_0 .var "data_out", 0 0;
v0x5577e46fa820_0 .net "rst", 0 0, v0x5577e46ff130_0;  alias, 1 drivers
v0x5577e46fa8f0_0 .net "sel", 0 0, v0x5577e46c48c0_0;  alias, 1 drivers
S_0x5577e46faa70 .scope module, "ram" "xram" 3 97, 8 4 0, S_0x5577e46b9470;
 .timescale -9 -12;
    .port_info 0 /INPUT 1 "clk"
    .port_info 1 /INPUT 14 "pc"
    .port_info 2 /OUTPUT 32 "instruction"
    .port_info 3 /INPUT 1 "data_sel"
    .port_info 4 /INPUT 1 "data_we"
    .port_info 5 /INPUT 14 "data_addr"
    .port_info 6 /INPUT 32 "data_in"
    .port_info 7 /OUTPUT 32 "data_out"
L_0x5577e4717cd0 .functor BUFZ 14, L_0x5577e4717ff0, C4<00000000000000>, C4<00000000000000>, C4<00000000000000>;
L_0x5577e4717d40 .functor BUFZ 1, L_0x5577e4715d70, C4<0>, C4<0>, C4<0>;
L_0x5577e4717de0 .functor BUFZ 32, L_0x5577e4715de0, C4<00000000000000000000000000000000>, C4<00000000000000000000000000000000>, C4<00000000000000000000000000000000>;
L_0x5577e4717e80 .functor BUFZ 1, v0x5577e46f0aa0_0, C4<0>, C4<0>, C4<0>;
L_0x5577e4717f50 .functor BUFZ 32, v0x5577e46fb360_0, C4<00000000000000000000000000000000>, C4<00000000000000000000000000000000>, C4<00000000000000000000000000000000>;
v0x5577e46fadb0_0 .net "clk", 0 0, v0x5577e46fde90_0;  alias, 1 drivers
v0x5577e46fae70_0 .net "data_addr", 13 0, L_0x5577e4717ff0;  1 drivers
v0x5577e46faf50_0 .net "data_addr_int", 13 0, L_0x5577e4717cd0;  1 drivers
v0x5577e46fb010_0 .net "data_en_int", 0 0, L_0x5577e4717e80;  1 drivers
v0x5577e46fb0d0_0 .net "data_in", 31 0, L_0x5577e4715de0;  alias, 1 drivers
v0x5577e46fb1e0_0 .net "data_in_int", 31 0, L_0x5577e4717de0;  1 drivers
v0x5577e46fb2a0_0 .net "data_out", 31 0, L_0x5577e4717f50;  alias, 1 drivers
v0x5577e46fb360_0 .var "data_out_int", 31 0;
v0x5577e46fb420_0 .net "data_sel", 0 0, v0x5577e46f0aa0_0;  alias, 1 drivers
v0x5577e46fb4f0_0 .net "data_we", 0 0, L_0x5577e4715d70;  alias, 1 drivers
v0x5577e46fb5c0_0 .net "data_we_int", 0 0, L_0x5577e4717d40;  1 drivers
L_0x7fb23c0abde0 .functor BUFT 1, C4<1>, C4<0>, C4<0>, C4<0>;
v0x5577e46fb660_0 .net "instr_en", 0 0, L_0x7fb23c0abde0;  1 drivers
v0x5577e46fb700_0 .var "instruction", 31 0;
v0x5577e46fb7f0 .array "mem", 0 16383, 31 0;
v0x5577e46fb890_0 .net "pc", 13 0, v0x5577e46f9940_0;  alias, 1 drivers
S_0x5577e46fba60 .scope module, "regf" "xregf" 3 114, 9 4 0, S_0x5577e46b9470;
 .timescale -9 -12;
    .port_info 0 /INPUT 1 "clk"
    .port_info 1 /INPUT 1 "sel"
    .port_info 2 /INPUT 1 "we"
    .port_info 3 /INPUT 4 "addr"
    .port_info 4 /INPUT 32 "data_in"
    .port_info 5 /OUTPUT 32 "data_out"
v0x5577e46fbc80_0 .net *"_s0", 31 0, L_0x5577e4718090;  1 drivers
v0x5577e46fbd80_0 .net *"_s2", 5 0, L_0x5577e4718160;  1 drivers
L_0x7fb23c0abe28 .functor BUFT 1, C4<00>, C4<0>, C4<0>, C4<0>;
v0x5577e46fbe60_0 .net *"_s5", 1 0, L_0x7fb23c0abe28;  1 drivers
L_0x7fb23c0abe70 .functor BUFT 1, C4<00000000000000000000000000000000>, C4<0>, C4<0>, C4<0>;
v0x5577e46fbf50_0 .net/2u *"_s6", 31 0, L_0x7fb23c0abe70;  1 drivers
v0x5577e46fc030_0 .net "addr", 3 0, L_0x5577e4718410;  1 drivers
v0x5577e46fc160_0 .net "clk", 0 0, v0x5577e46fde90_0;  alias, 1 drivers
v0x5577e46fc200_0 .net "data_in", 31 0, L_0x5577e4715de0;  alias, 1 drivers
v0x5577e46fc2c0_0 .net "data_out", 31 0, L_0x5577e47182d0;  alias, 1 drivers
v0x5577e46fc380 .array "regf", 0 15, 31 0;
v0x5577e46fc620_0 .net "sel", 0 0, v0x5577e46f0c40_0;  alias, 1 drivers
v0x5577e46fc6c0_0 .net "we", 0 0, L_0x5577e4715d70;  alias, 1 drivers
L_0x5577e4718090 .array/port v0x5577e46fc380, L_0x5577e4718160;
L_0x5577e4718160 .concat [ 4 2 0 0], L_0x5577e4718410, L_0x7fb23c0abe28;
L_0x5577e47182d0 .functor MUXZ 32, L_0x7fb23c0abe70, L_0x5577e4718090, v0x5577e46f0c40_0, C4<>;
    .scope S_0x5577e46fa3d0;
T_0 ;
    %wait E_0x5577e4667700;
    %load/vec4 v0x5577e46fa820_0;
    %flag_set/vec4 8;
    %jmp/0xz  T_0.0, 8;
    %pushi/vec4 0, 0, 1;
    %assign/vec4 v0x5577e46fa780_0, 0;
    %jmp T_0.1;
T_0.0 ;
    %load/vec4 v0x5577e46fa8f0_0;
    %flag_set/vec4 8;
    %jmp/0xz  T_0.2, 8;
    %load/vec4 v0x5577e46fa6c0_0;
    %assign/vec4 v0x5577e46fa780_0, 0;
T_0.2 ;
T_0.1 ;
    %jmp T_0;
    .thread T_0;
    .scope S_0x5577e46a4280;
T_1 ;
    %wait E_0x5577e4668690;
    %load/vec4 v0x5577e46f96a0_0;
    %pad/u 32;
    %cmpi/e 10, 0, 32;
    %flag_mov 8, 4;
    %load/vec4 v0x5577e46f96a0_0;
    %pad/u 32;
    %cmpi/e 11, 0, 32;
    %flag_or 4, 8;
    %jmp/0xz  T_1.0, 4;
    %load/vec4 v0x5577e46f9b00_0;
    %parti/s 15, 0, 2;
    %store/vec4 v0x5577e46f9340_0, 0, 15;
    %jmp T_1.1;
T_1.0 ;
    %load/vec4 v0x5577e46f8e80_0;
    %parti/s 15, 0, 2;
    %store/vec4 v0x5577e46f9340_0, 0, 15;
T_1.1 ;
    %jmp T_1;
    .thread T_1, $push;
    .scope S_0x5577e46a4280;
T_2 ;
    %wait E_0x5577e4666e50;
    %pushi/vec4 0, 0, 32;
    %store/vec4 v0x5577e46f9860_0, 0, 32;
    %load/vec4 v0x5577e46f9280_0;
    %flag_set/vec4 8;
    %load/vec4 v0x5577e46f8030_0;
    %flag_set/vec4 9;
    %flag_or 9, 8;
    %jmp/0xz  T_2.0, 9;
    %load/vec4 v0x5577e46f9340_0;
    %pad/u 32;
    %cmpi/e 16400, 0, 32;
    %jmp/0xz  T_2.2, 4;
    %load/vec4 v0x5577e46f9b00_0;
    %store/vec4 v0x5577e46f9860_0, 0, 32;
    %jmp T_2.3;
T_2.2 ;
    %load/vec4 v0x5577e46f9340_0;
    %pad/u 32;
    %cmpi/e 16401, 0, 32;
    %jmp/0xz  T_2.4, 4;
    %load/vec4 v0x5577e46f9be0_0;
    %store/vec4 v0x5577e46f9860_0, 0, 32;
    %jmp T_2.5;
T_2.4 ;
    %load/vec4 v0x5577e46f8f60_0;
    %flag_set/vec4 8;
    %jmp/0xz  T_2.6, 8;
    %load/vec4 v0x5577e46f8e80_0;
    %store/vec4 v0x5577e46f9860_0, 0, 32;
    %jmp T_2.7;
T_2.6 ;
    %load/vec4 v0x5577e46f9560_0;
    %flag_set/vec4 8;
    %jmp/0xz  T_2.8, 8;
    %load/vec4 v0x5577e46f9400_0;
    %store/vec4 v0x5577e46f9860_0, 0, 32;
T_2.8 ;
T_2.7 ;
T_2.5 ;
T_2.3 ;
T_2.0 ;
    %jmp T_2;
    .thread T_2, $push;
    .scope S_0x5577e46a4280;
T_3 ;
    %wait E_0x5577e4667700;
    %load/vec4 v0x5577e46f9cc0_0;
    %flag_set/vec4 8;
    %jmp/0xz  T_3.0, 8;
    %pushi/vec4 0, 0, 14;
    %assign/vec4 v0x5577e46f9940_0, 0;
    %jmp T_3.1;
T_3.0 ;
    %load/vec4 v0x5577e46f9940_0;
    %addi 1, 0, 14;
    %assign/vec4 v0x5577e46f9940_0, 0;
    %load/vec4 v0x5577e46f96a0_0;
    %pad/u 32;
    %pushi/vec4 12, 0, 32;
    %cmp/e;
    %flag_get/vec4 4;
    %load/vec4 v0x5577e46f9a20_0;
    %pushi/vec4 0, 0, 32;
    %cmp/e;
    %flag_get/vec4 4;
    %and;
    %flag_set/vec4 8;
    %jmp/0xz  T_3.2, 8;
    %load/vec4 v0x5577e46f8e80_0;
    %parti/s 15, 0, 2;
    %pad/u 14;
    %assign/vec4 v0x5577e46f9940_0, 0;
    %jmp T_3.3;
T_3.2 ;
    %load/vec4 v0x5577e46f96a0_0;
    %pad/u 32;
    %pushi/vec4 14, 0, 32;
    %cmp/e;
    %flag_get/vec4 4;
    %load/vec4 v0x5577e46f9a20_0;
    %pushi/vec4 0, 0, 32;
    %cmp/e;
    %flag_get/vec4 4;
    %inv;
    %and;
    %flag_set/vec4 8;
    %jmp/0xz  T_3.4, 8;
    %load/vec4 v0x5577e46f8e80_0;
    %parti/s 15, 0, 2;
    %pad/u 14;
    %assign/vec4 v0x5577e46f9940_0, 0;
    %jmp T_3.5;
T_3.4 ;
    %load/vec4 v0x5577e46f96a0_0;
    %pad/u 32;
    %pushi/vec4 13, 0, 32;
    %cmp/e;
    %flag_get/vec4 4;
    %load/vec4 v0x5577e46f9a20_0;
    %pushi/vec4 0, 0, 32;
    %cmp/e;
    %flag_get/vec4 4;
    %and;
    %flag_set/vec4 8;
    %jmp/0xz  T_3.6, 8;
    %load/vec4 v0x5577e46f9b00_0;
    %parti/s 15, 0, 2;
    %pad/u 14;
    %assign/vec4 v0x5577e46f9940_0, 0;
    %jmp T_3.7;
T_3.6 ;
    %load/vec4 v0x5577e46f96a0_0;
    %pad/u 32;
    %pushi/vec4 15, 0, 32;
    %cmp/e;
    %flag_get/vec4 4;
    %load/vec4 v0x5577e46f9a20_0;
    %pushi/vec4 0, 0, 32;
    %cmp/e;
    %flag_get/vec4 4;
    %inv;
    %and;
    %flag_set/vec4 8;
    %jmp/0xz  T_3.8, 8;
    %load/vec4 v0x5577e46f9b00_0;
    %parti/s 15, 0, 2;
    %pad/u 14;
    %assign/vec4 v0x5577e46f9940_0, 0;
T_3.8 ;
T_3.7 ;
T_3.5 ;
T_3.3 ;
T_3.1 ;
    %jmp T_3;
    .thread T_3;
    .scope S_0x5577e46a4280;
T_4 ;
    %wait E_0x5577e4667700;
    %load/vec4 v0x5577e46f9cc0_0;
    %flag_set/vec4 8;
    %jmp/0xz  T_4.0, 8;
    %pushi/vec4 0, 0, 32;
    %assign/vec4 v0x5577e46f9a20_0, 0;
    %jmp T_4.1;
T_4.0 ;
    %load/vec4 v0x5577e46f9280_0;
    %flag_set/vec4 8;
    %jmp/0xz  T_4.2, 8;
    %load/vec4 v0x5577e46f9780_0;
    %assign/vec4 v0x5577e46f9a20_0, 0;
    %jmp T_4.3;
T_4.2 ;
    %load/vec4 v0x5577e46f8030_0;
    %flag_set/vec4 8;
    %jmp/0xz  T_4.4, 8;
    %load/vec4 v0x5577e46f81b0_0;
    %pad/u 32;
    %assign/vec4 v0x5577e46f9a20_0, 0;
    %jmp T_4.5;
T_4.4 ;
    %load/vec4 v0x5577e46f8370_0;
    %flag_set/vec4 8;
    %jmp/0xz  T_4.6, 8;
    %load/vec4 v0x5577e46f9a20_0;
    %subi 1, 0, 32;
    %assign/vec4 v0x5577e46f9a20_0, 0;
T_4.6 ;
T_4.5 ;
T_4.3 ;
T_4.1 ;
    %jmp T_4;
    .thread T_4;
    .scope S_0x5577e46a4280;
T_5 ;
    %wait E_0x5577e4667700;
    %load/vec4 v0x5577e46f9cc0_0;
    %flag_set/vec4 8;
    %jmp/0xz  T_5.0, 8;
    %pushi/vec4 0, 0, 32;
    %assign/vec4 v0x5577e46f9b00_0, 0;
    %jmp T_5.1;
T_5.0 ;
    %load/vec4 v0x5577e46f9340_0;
    %pad/u 32;
    %pushi/vec4 16400, 0, 32;
    %cmp/e;
    %flag_get/vec4 4;
    %load/vec4 v0x5577e46f9600_0;
    %and;
    %flag_set/vec4 8;
    %jmp/0xz  T_5.2, 8;
    %load/vec4 v0x5577e46f9a20_0;
    %assign/vec4 v0x5577e46f9b00_0, 0;
T_5.2 ;
T_5.1 ;
    %jmp T_5;
    .thread T_5;
    .scope S_0x5577e46a4280;
T_6 ;
    %wait E_0x5577e4667700;
    %load/vec4 v0x5577e46f9cc0_0;
    %flag_set/vec4 8;
    %jmp/0xz  T_6.0, 8;
    %pushi/vec4 0, 0, 32;
    %assign/vec4 v0x5577e46f9be0_0, 0;
    %jmp T_6.1;
T_6.0 ;
    %load/vec4 v0x5577e46f8030_0;
    %flag_set/vec4 8;
    %jmp/0xz  T_6.2, 8;
    %load/vec4 v0x5577e46f7f70_0;
    %load/vec4 v0x5577e46f80f0_0;
    %concat/vec4; draw_concat_vec4
    %load/vec4 v0x5577e46f7c70_0;
    %concat/vec4; draw_concat_vec4
    %pad/u 32;
    %pushi/vec4 0, 0, 32;
    %or;
    %assign/vec4 v0x5577e46f9be0_0, 0;
T_6.2 ;
T_6.1 ;
    %jmp T_6;
    .thread T_6;
    .scope S_0x5577e46a4280;
T_7 ;
    %wait E_0x5577e46c8b40;
    %pushi/vec4 0, 0, 33;
    %store/vec4 v0x5577e46f81b0_0, 0, 33;
    %pushi/vec4 0, 0, 1;
    %store/vec4 v0x5577e46f7c70_0, 0, 1;
    %pushi/vec4 0, 0, 1;
    %store/vec4 v0x5577e46f7f70_0, 0, 1;
    %pushi/vec4 0, 0, 1;
    %store/vec4 v0x5577e46f80f0_0, 0, 1;
    %load/vec4 v0x5577e46f7bb0_0;
    %flag_set/vec4 8;
    %jmp/0xz  T_7.0, 8;
    %load/vec4 v0x5577e46f7ad0_0;
    %store/vec4 v0x5577e46f81b0_0, 0, 33;
    %load/vec4 v0x5577e46f8430_0;
    %store/vec4 v0x5577e46f7c70_0, 0, 1;
    %load/vec4 v0x5577e46f8430_0;
    %load/vec4 v0x5577e46f8d00_0;
    %xor;
    %store/vec4 v0x5577e46f80f0_0, 0, 1;
    %load/vec4 v0x5577e46f7ad0_0;
    %parti/s 1, 31, 6;
    %store/vec4 v0x5577e46f7f70_0, 0, 1;
    %jmp T_7.1;
T_7.0 ;
    %load/vec4 v0x5577e46f96a0_0;
    %pad/u 32;
    %cmpi/e 3, 0, 32;
    %jmp/0xz  T_7.2, 4;
    %load/vec4 v0x5577e46f9780_0;
    %parti/s 1, 31, 6;
    %flag_set/vec4 8;
    %jmp/0xz  T_7.4, 8;
    %load/vec4 v0x5577e46f9a20_0;
    %pad/u 33;
    %ix/load 4, 1, 0;
    %flag_set/imm 4, 0;
    %shiftl 4;
    %store/vec4 v0x5577e46f81b0_0, 0, 33;
    %load/vec4 v0x5577e46f9a20_0;
    %parti/s 1, 31, 6;
    %store/vec4 v0x5577e46f7c70_0, 0, 1;
    %load/vec4 v0x5577e46f9a20_0;
    %parti/s 1, 31, 6;
    %load/vec4 v0x5577e46f9a20_0;
    %parti/s 1, 30, 6;
    %xor;
    %store/vec4 v0x5577e46f80f0_0, 0, 1;
    %load/vec4 v0x5577e46f9a20_0;
    %parti/s 1, 30, 6;
    %store/vec4 v0x5577e46f7f70_0, 0, 1;
    %jmp T_7.5;
T_7.4 ;
    %load/vec4 v0x5577e46f9a20_0;
    %parti/s 1, 31, 6;
    %load/vec4 v0x5577e46f9a20_0;
    %parti/s 31, 1, 2;
    %concat/vec4; draw_concat_vec4
    %pad/u 33;
    %store/vec4 v0x5577e46f81b0_0, 0, 33;
    %pushi/vec4 0, 0, 1;
    %store/vec4 v0x5577e46f7c70_0, 0, 1;
    %pushi/vec4 0, 0, 1;
    %store/vec4 v0x5577e46f80f0_0, 0, 1;
    %load/vec4 v0x5577e46f9a20_0;
    %parti/s 1, 31, 6;
    %store/vec4 v0x5577e46f7f70_0, 0, 1;
T_7.5 ;
    %jmp T_7.3;
T_7.2 ;
    %load/vec4 v0x5577e46f96a0_0;
    %pad/u 32;
    %cmpi/e 4, 0, 32;
    %jmp/0xz  T_7.6, 4;
    %load/vec4 v0x5577e46f8290_0;
    %pad/u 33;
    %store/vec4 v0x5577e46f81b0_0, 0, 33;
    %pushi/vec4 0, 0, 1;
    %store/vec4 v0x5577e46f7c70_0, 0, 1;
    %load/vec4 v0x5577e46f8290_0;
    %parti/s 1, 31, 6;
    %store/vec4 v0x5577e46f7f70_0, 0, 1;
    %pushi/vec4 0, 0, 1;
    %store/vec4 v0x5577e46f80f0_0, 0, 1;
    %jmp T_7.7;
T_7.6 ;
    %load/vec4 v0x5577e46f96a0_0;
    %pad/u 32;
    %cmpi/e 5, 0, 32;
    %jmp/0xz  T_7.8, 4;
    %load/vec4 v0x5577e46f9e40_0;
    %pad/u 33;
    %store/vec4 v0x5577e46f81b0_0, 0, 33;
    %pushi/vec4 0, 0, 1;
    %store/vec4 v0x5577e46f7c70_0, 0, 1;
    %load/vec4 v0x5577e46f9e40_0;
    %parti/s 1, 31, 6;
    %store/vec4 v0x5577e46f7f70_0, 0, 1;
    %pushi/vec4 0, 0, 1;
    %store/vec4 v0x5577e46f80f0_0, 0, 1;
T_7.8 ;
T_7.7 ;
T_7.3 ;
T_7.1 ;
    %jmp T_7;
    .thread T_7, $push;
    .scope S_0x5577e46faa70;
T_8 ;
    %vpi_call/w 8 63 "$readmemh", "./program.hex", v0x5577e46fb7f0, 32'sb00000000000000000000000000000000, 32'sb00000000000000000011111111111111 {0 0 0};
    %end;
    .thread T_8;
    .scope S_0x5577e46faa70;
T_9 ;
    %wait E_0x5577e46db060;
    %load/vec4 v0x5577e46fb660_0;
    %flag_set/vec4 8;
    %jmp/0xz  T_9.0, 8;
    %load/vec4 v0x5577e46fb890_0;
    %pad/u 16;
    %ix/vec4 4;
    %load/vec4a v0x5577e46fb7f0, 4;
    %assign/vec4 v0x5577e46fb700_0, 0;
T_9.0 ;
    %jmp T_9;
    .thread T_9;
    .scope S_0x5577e46faa70;
T_10 ;
    %wait E_0x5577e46db060;
    %load/vec4 v0x5577e46fb010_0;
    %flag_set/vec4 8;
    %jmp/0xz  T_10.0, 8;
    %load/vec4 v0x5577e46fb5c0_0;
    %flag_set/vec4 8;
    %jmp/0xz  T_10.2, 8;
    %load/vec4 v0x5577e46fb1e0_0;
    %load/vec4 v0x5577e46faf50_0;
    %pad/u 16;
    %ix/vec4 3;
    %ix/load 4, 0, 0; Constant delay
    %assign/vec4/a/d v0x5577e46fb7f0, 0, 4;
T_10.2 ;
    %load/vec4 v0x5577e46faf50_0;
    %pad/u 16;
    %ix/vec4 4;
    %load/vec4a v0x5577e46fb7f0, 4;
    %assign/vec4 v0x5577e46fb360_0, 0;
T_10.0 ;
    %jmp T_10;
    .thread T_10;
    .scope S_0x5577e46fba60;
T_11 ;
    %wait E_0x5577e46db060;
    %load/vec4 v0x5577e46fc620_0;
    %load/vec4 v0x5577e46fc6c0_0;
    %and;
    %flag_set/vec4 8;
    %jmp/0xz  T_11.0, 8;
    %load/vec4 v0x5577e46fc200_0;
    %load/vec4 v0x5577e46fc030_0;
    %pad/u 6;
    %ix/vec4 3;
    %ix/load 4, 0, 0; Constant delay
    %assign/vec4/a/d v0x5577e46fc380, 0, 4;
T_11.0 ;
    %jmp T_11;
    .thread T_11;
    .scope S_0x5577e46a1ae0;
T_12 ;
    %wait E_0x5577e46ae510;
    %pushi/vec4 0, 0, 1;
    %store/vec4 v0x5577e46f0aa0_0, 0, 1;
    %pushi/vec4 0, 0, 1;
    %store/vec4 v0x5577e46f0c40_0, 0, 1;
    %pushi/vec4 0, 0, 1;
    %store/vec4 v0x5577e46c3a90_0, 0, 1;
    %pushi/vec4 0, 0, 1;
    %store/vec4 v0x5577e46c43b0_0, 0, 1;
    %pushi/vec4 0, 0, 1;
    %store/vec4 v0x5577e46f0dc0_0, 0, 1;
    %pushi/vec4 0, 0, 1;
    %store/vec4 v0x5577e46c48c0_0, 0, 1;
    %load/vec4 v0x5577e465d0e0_0;
    %pad/u 32;
    %pushi/vec4 16384, 0, 32;
    %and;
    %cmpi/e 0, 0, 32;
    %jmp/0xz  T_12.0, 4;
    %load/vec4 v0x5577e46f0d00_0;
    %store/vec4 v0x5577e46f0aa0_0, 0, 1;
    %jmp T_12.1;
T_12.0 ;
    %load/vec4 v0x5577e465d0e0_0;
    %pad/u 32;
    %pushi/vec4 32752, 0, 32;
    %and;
    %cmpi/e 16384, 0, 32;
    %jmp/0xz  T_12.2, 4;
    %load/vec4 v0x5577e46f0d00_0;
    %store/vec4 v0x5577e46f0c40_0, 0, 1;
    %jmp T_12.3;
T_12.2 ;
    %load/vec4 v0x5577e465d0e0_0;
    %pad/u 32;
    %pushi/vec4 32767, 0, 32;
    %and;
    %cmpi/e 24576, 0, 32;
    %jmp/0xz  T_12.4, 4;
    %load/vec4 v0x5577e46f0d00_0;
    %store/vec4 v0x5577e46c48c0_0, 0, 1;
    %jmp T_12.5;
T_12.4 ;
    %load/vec4 v0x5577e465d0e0_0;
    %pad/u 32;
    %pushi/vec4 32767, 0, 32;
    %and;
    %cmpi/e 20480, 0, 32;
    %jmp/0xz  T_12.6, 4;
    %load/vec4 v0x5577e46f0d00_0;
    %store/vec4 v0x5577e46c3a90_0, 0, 1;
    %jmp T_12.7;
T_12.6 ;
    %load/vec4 v0x5577e46f0d00_0;
    %store/vec4 v0x5577e46f0dc0_0, 0, 1;
T_12.7 ;
T_12.5 ;
T_12.3 ;
T_12.1 ;
    %jmp T_12;
    .thread T_12, $push;
    .scope S_0x5577e46a1ae0;
T_13 ;
    %wait E_0x5577e4667b00;
    %pushi/vec4 0, 0, 32;
    %store/vec4 v0x5577e46c3b30_0, 0, 32;
    %load/vec4 v0x5577e46f0aa0_0;
    %flag_set/vec4 8;
    %jmp/0xz  T_13.0, 8;
    %load/vec4 v0x5577e46c4960_0;
    %store/vec4 v0x5577e46c3b30_0, 0, 32;
    %jmp T_13.1;
T_13.0 ;
    %load/vec4 v0x5577e46f0c40_0;
    %flag_set/vec4 8;
    %jmp/0xz  T_13.2, 8;
    %load/vec4 v0x5577e46f0b60_0;
    %store/vec4 v0x5577e46c3b30_0, 0, 32;
    %jmp T_13.3;
T_13.2 ;
    %load/vec4 v0x5577e46c43b0_0;
    %flag_set/vec4 8;
    %jmp/0xz  T_13.4, 8;
    %load/vec4 v0x5577e46c4310_0;
    %store/vec4 v0x5577e46c3b30_0, 0, 32;
T_13.4 ;
T_13.3 ;
T_13.1 ;
    %jmp T_13;
    .thread T_13, $push;
    .scope S_0x5577e46a65e0;
T_14 ;
    %wait E_0x5577e46db060;
    %load/vec4 v0x5577e46fa280_0;
    %flag_set/vec4 8;
    %jmp/0xz  T_14.0, 8;
    %vpi_call/w 6 12 "$write", "%c", v0x5577e46fa1c0_0 {0 0 0};
T_14.0 ;
    %jmp T_14;
    .thread T_14;
    .scope S_0x5577e46c9880;
T_15 ;
    %vpi_call/w 2 46 "$dumpfile", "xtop.vcd" {0 0 0};
    %vpi_call/w 2 47 "$dumpvars", 32'sb00000000000000000000000000000000, S_0x5577e46c9880 {0 0 0};
    %pushi/vec4 1, 0, 1;
    %store/vec4 v0x5577e46fde90_0, 0, 1;
    %pushi/vec4 0, 0, 1;
    %store/vec4 v0x5577e46ff130_0, 0, 1;
    %pushi/vec4 0, 0, 32;
    %store/vec4 v0x5577e46fe190_0, 0, 32;
    %delay 11000, 0;
    %pushi/vec4 1, 0, 1;
    %store/vec4 v0x5577e46ff130_0, 0, 1;
    %delay 10000, 0;
    %pushi/vec4 0, 0, 1;
    %store/vec4 v0x5577e46ff130_0, 0, 1;
    %vpi_func 2 66 "$time" 64 {0 0 0};
    %pad/u 32;
    %store/vec4 v0x5577e46ff1d0_0, 0, 32;
    %pushi/vec4 0, 0, 32;
    %store/vec4 v0x5577e46fe010_0, 0, 32;
T_15.0 ;
    %load/vec4 v0x5577e46fe010_0;
    %cmpi/s 16, 0, 32;
    %jmp/0xz T_15.1, 5;
    %ix/getv/s 4, v0x5577e46fe010_0;
    %load/vec4a v0x5577e46fc380, 4;
    %ix/getv/s 4, v0x5577e46fe010_0;
    %store/vec4a v0x5577e46fdf50, 4, 0;
    %load/vec4 v0x5577e46fe010_0;
    %addi 1, 0, 32;
    %store/vec4 v0x5577e46fe010_0, 0, 32;
    %jmp T_15.0;
T_15.1 ;
    %vpi_call/w 2 75 "$writememh", "data_out.hex", v0x5577e46fdf50, 32'sb00000000000000000000000000000000, 32'sb00000000000000000000000000001111 {0 0 0};
    %end;
    .thread T_15;
    .scope S_0x5577e46c9880;
T_16 ;
    %wait E_0x5577e46db060;
    %load/vec4 v0x5577e46ff2b0_0;
    %flag_set/vec4 8;
    %jmp/0xz  T_16.0, 8;
    %vpi_func 2 85 "$time" 64 {0 0 0};
    %load/vec4 v0x5577e46ff1d0_0;
    %pad/u 64;
    %sub;
    %pushi/vec4 10, 0, 64;
    %div;
    %vpi_call/w 2 85 "$display", "Catched Trap at time  %0d clock cycles:", S<0,vec4,u64> {1 0 0};
    %vpi_call/w 2 86 "$finish" {0 0 0};
T_16.0 ;
    %jmp T_16;
    .thread T_16;
    .scope S_0x5577e46c9880;
T_17 ;
    %delay 5000, 0;
    %load/vec4 v0x5577e46fde90_0;
    %inv;
    %store/vec4 v0x5577e46fde90_0, 0, 1;
    %jmp T_17;
    .thread T_17;
# The file index is used to find the file name in the following table.
:file_names 10;
    "N/A";
    "<interactive>";
    "../../rtl/testbench/xtop_tb.v";
    "../../rtl/src/xtop.v";
    "../../rtl/src/xaddr_decoder.v";
    "../../rtl/src/xctrl.v";
    "../../rtl/src/xcprint.v";
    "../../rtl/src/xled.v";
    "../../rtl/src/xram.v";
    "../../rtl/src/xregf.v";
