#! /usr/local/bin/vvp
:ivl_version "10.3 (stable)" "(v10_3)";
:ivl_delay_selection "TYPICAL";
:vpi_time_precision + 0;
:vpi_module "system";
:vpi_module "vhdl_sys";
:vpi_module "v2005_math";
:vpi_module "va_math";
S_0x555ae5f0f150 .scope module, "sub_shft_div_tb" "sub_shft_div_tb" 2 75;
 .timescale 0 0;
v0x555ae5f614b0_0 .var "D", 3 0;
v0x555ae5f61590_0 .var "clk", 0 0;
v0x555ae5f61630_0 .var "d", 3 0;
v0x555ae5f616d0_0 .net "done", 0 0, v0x555ae5f60ed0_0;  1 drivers
v0x555ae5f61770_0 .net "q", 3 0, L_0x555ae5f61a80;  1 drivers
v0x555ae5f61810_0 .net "r", 3 0, v0x555ae5f61150_0;  1 drivers
v0x555ae5f618e0_0 .var "rst", 0 0;
v0x555ae5f619b0_0 .var "start", 0 0;
E_0x555ae5f4b050 .event posedge, v0x555ae5f60ed0_0;
S_0x555ae5f0f2d0 .scope module, "div0" "subshiftdiv" 2 84, 2 4 0, S_0x555ae5f0f150;
 .timescale 0 0;
    .port_info 0 /INPUT 4 "D"
    .port_info 1 /INPUT 4 "d"
    .port_info 2 /OUTPUT 4 "r"
    .port_info 3 /OUTPUT 4 "q"
    .port_info 4 /INPUT 1 "start"
    .port_info 5 /INPUT 1 "rst"
    .port_info 6 /INPUT 1 "clk"
    .port_info 7 /OUTPUT 1 "done"
v0x555ae5f35c00_0 .net "D", 3 0, v0x555ae5f614b0_0;  1 drivers
v0x555ae5f36080_0 .net "DD", 3 0, L_0x555ae5f61b70;  1 drivers
v0x555ae5f36380_0 .var "RD", 7 0;
v0x555ae5f36900_0 .net "clk", 0 0, v0x555ae5f61590_0;  1 drivers
v0x555ae5f23d20_0 .var "counter", 4 0;
v0x555ae5f60d10_0 .net "d", 3 0, v0x555ae5f61630_0;  1 drivers
v0x555ae5f60df0_0 .var "dd", 3 0;
v0x555ae5f60ed0_0 .var "done", 0 0;
v0x555ae5f60f90_0 .net "q", 3 0, L_0x555ae5f61a80;  alias, 1 drivers
v0x555ae5f61070_0 .var "qq", 3 0;
v0x555ae5f61150_0 .var "r", 3 0;
v0x555ae5f61230_0 .net "rst", 0 0, v0x555ae5f618e0_0;  1 drivers
v0x555ae5f612f0_0 .net "start", 0 0, v0x555ae5f619b0_0;  1 drivers
E_0x555ae5f4b340 .event posedge, v0x555ae5f36900_0;
E_0x555ae5f4a9d0 .event edge, v0x555ae5f36080_0, v0x555ae5f60d10_0;
L_0x555ae5f61a80 .part v0x555ae5f36380_0, 0, 4;
L_0x555ae5f61b70 .part v0x555ae5f36380_0, 3, 4;
    .scope S_0x555ae5f0f2d0;
T_0 ;
    %wait E_0x555ae5f4b340;
    %load/vec4 v0x555ae5f61230_0;
    %flag_set/vec4 8;
    %jmp/0xz  T_0.0, 8;
    %pushi/vec4 0, 0, 8;
    %assign/vec4 v0x555ae5f36380_0, 0;
    %pushi/vec4 0, 0, 5;
    %assign/vec4 v0x555ae5f23d20_0, 0;
    %pushi/vec4 0, 0, 1;
    %assign/vec4 v0x555ae5f60ed0_0, 0;
    %jmp T_0.1;
T_0.0 ;
    %load/vec4 v0x555ae5f612f0_0;
    %flag_set/vec4 8;
    %jmp/0xz  T_0.2, 8;
    %pushi/vec4 0, 0, 4;
    %load/vec4 v0x555ae5f35c00_0;
    %concat/vec4; draw_concat_vec4
    %assign/vec4 v0x555ae5f36380_0, 0;
    %jmp T_0.3;
T_0.2 ;
    %load/vec4 v0x555ae5f61150_0;
    %load/vec4 v0x555ae5f36380_0;
    %parti/s 3, 0, 2;
    %concat/vec4; draw_concat_vec4
    %load/vec4 v0x555ae5f61070_0;
    %parti/s 1, 0, 2;
    %concat/vec4; draw_concat_vec4
    %assign/vec4 v0x555ae5f36380_0, 0;
    %load/vec4 v0x555ae5f23d20_0;
    %addi 1, 0, 5;
    %assign/vec4 v0x555ae5f23d20_0, 0;
T_0.3 ;
T_0.1 ;
    %jmp T_0;
    .thread T_0;
    .scope S_0x555ae5f0f2d0;
T_1 ;
    %wait E_0x555ae5f4a9d0;
    %load/vec4 v0x555ae5f60d10_0;
    %load/vec4 v0x555ae5f36080_0;
    %cmp/u;
    %jmp/0xz  T_1.0, 5;
    %load/vec4 v0x555ae5f36080_0;
    %load/vec4 v0x555ae5f60d10_0;
    %sub;
    %assign/vec4 v0x555ae5f61150_0, 0;
    %pushi/vec4 1, 0, 4;
    %assign/vec4 v0x555ae5f61070_0, 0;
    %jmp T_1.1;
T_1.0 ;
    %load/vec4 v0x555ae5f60d10_0;
    %assign/vec4 v0x555ae5f61150_0, 0;
    %pushi/vec4 0, 0, 4;
    %assign/vec4 v0x555ae5f61070_0, 0;
T_1.1 ;
    %jmp T_1;
    .thread T_1, $push;
    .scope S_0x555ae5f0f2d0;
T_2 ;
    %wait E_0x555ae5f4b340;
    %load/vec4 v0x555ae5f61230_0;
    %flag_set/vec4 8;
    %jmp/0xz  T_2.0, 8;
    %pushi/vec4 0, 0, 4;
    %assign/vec4 v0x555ae5f60df0_0, 0;
    %jmp T_2.1;
T_2.0 ;
    %load/vec4 v0x555ae5f612f0_0;
    %flag_set/vec4 8;
    %jmp/0xz  T_2.2, 8;
    %load/vec4 v0x555ae5f60d10_0;
    %assign/vec4 v0x555ae5f60df0_0, 0;
T_2.2 ;
T_2.1 ;
    %jmp T_2;
    .thread T_2;
    .scope S_0x555ae5f0f150;
T_3 ;
    %vpi_call 2 98 "$dumpfile", "dump.vcd" {0 0 0};
    %vpi_call 2 99 "$dumpvars" {0 0 0};
    %pushi/vec4 1, 0, 1;
    %store/vec4 v0x555ae5f618e0_0, 0, 1;
    %pushi/vec4 1, 0, 1;
    %store/vec4 v0x555ae5f61590_0, 0, 1;
    %pushi/vec4 0, 0, 1;
    %store/vec4 v0x555ae5f619b0_0, 0, 1;
    %pushi/vec4 2, 0, 4;
    %store/vec4 v0x555ae5f61630_0, 0, 4;
    %pushi/vec4 8, 0, 4;
    %store/vec4 v0x555ae5f614b0_0, 0, 4;
    %wait E_0x555ae5f4b340;
    %delay 1, 0;
    %pushi/vec4 0, 0, 1;
    %store/vec4 v0x555ae5f618e0_0, 0, 1;
    %delay 5, 0;
    %wait E_0x555ae5f4b340;
    %delay 1, 0;
    %pushi/vec4 1, 0, 1;
    %store/vec4 v0x555ae5f619b0_0, 0, 1;
    %wait E_0x555ae5f4b340;
    %delay 1, 0;
    %pushi/vec4 0, 0, 1;
    %store/vec4 v0x555ae5f619b0_0, 0, 1;
    %wait E_0x555ae5f4b050;
    %vpi_call 2 113 "$display", "%d/%d=%d", v0x555ae5f614b0_0, v0x555ae5f61630_0, v0x555ae5f61770_0 {0 0 0};
    %wait E_0x555ae5f4b340;
    %vpi_call 2 115 "$finish" {0 0 0};
    %end;
    .thread T_3;
    .scope S_0x555ae5f0f150;
T_4 ;
    %delay 10, 0;
    %load/vec4 v0x555ae5f61590_0;
    %inv;
    %store/vec4 v0x555ae5f61590_0, 0, 1;
    %jmp T_4;
    .thread T_4;
# The file index is used to find the file name in the following table.
:file_names 3;
    "N/A";
    "<interactive>";
    "sub_shift_div.v";
