#! /usr/bin/vvp
:ivl_version "10.1 (stable)";
:ivl_delay_selection "TYPICAL";
:vpi_time_precision + 0;
:vpi_module "system";
:vpi_module "vhdl_sys";
:vpi_module "v2005_math";
:vpi_module "va_math";
S_0x560f989de380 .scope module, "mctb" "mctb" 2 15;
 .timescale 0 0;
RS_0x7f627264c018 .resolv tri, L_0x560f989fe960, v0x560f989fe7f0_0;
v0x560f989fe6b0_0 .net8 "bl", 0 0, RS_0x7f627264c018;  2 drivers
RS_0x7f627264c048 .resolv tri, L_0x560f989fea90, v0x560f989fe8c0_0;
v0x560f989fe750_0 .net8 "blb", 0 0, RS_0x7f627264c048;  2 drivers
v0x560f989fe7f0_0 .var "drivebl", 0 0;
v0x560f989fe8c0_0 .var "driveblb", 0 0;
S_0x560f989de500 .scope module, "uut" "memcell" 2 22, 2 3 0, S_0x560f989de380;
 .timescale 0 0;
    .port_info 0 /INOUT 1 "BL"
    .port_info 1 /INOUT 1 "BLB"
L_0x560f989fe960 .functor NOT 1, RS_0x7f627264c048, C4<0>, C4<0>, C4<0>;
L_0x560f989fea90 .functor NOT 1, RS_0x7f627264c018, C4<0>, C4<0>, C4<0>;
v0x560f989de6d0_0 .net8 "BL", 0 0, RS_0x7f627264c018;  alias, 2 drivers
v0x560f989fe590_0 .net8 "BLB", 0 0, RS_0x7f627264c048;  alias, 2 drivers
    .scope S_0x560f989de380;
T_0 ;
    %vpi_call 2 25 "$dumpfile", "dump.vcd" {0 0 0};
    %vpi_call 2 26 "$dumpvars" {0 0 0};
    %delay 10, 0;
    %pushi/vec4 0, 0, 1;
    %store/vec4 v0x560f989fe7f0_0, 0, 1;
    %delay 100, 0;
    %vpi_call 2 32 "$finish" {0 0 0};
    %end;
    .thread T_0;
# The file index is used to find the file name in the following table.
:file_names 3;
    "N/A";
    "<interactive>";
    "precharge.v";
