#! /usr/local/bin/vvp
:ivl_version "10.3 (stable)" "(v10_3)";
:ivl_delay_selection "TYPICAL";
:vpi_time_precision - 12;
:vpi_module "system";
:vpi_module "vhdl_sys";
:vpi_module "v2005_math";
:vpi_module "va_math";
S_0x55bc503c9210 .scope module, "add_shft_mul_tb" "add_shft_mul_tb" 2 44;
 .timescale -9 -12;
v0x55bc503ded20_0 .var/s "a", 7 0;
v0x55bc503dee00_0 .var/s "b", 7 0;
v0x55bc503deea0_0 .net/s "c", 15 0, v0x55bc503b6a60_0;  1 drivers
v0x55bc503def40_0 .var "clk", 0 0;
v0x55bc503defe0_0 .net "done", 0 0, L_0x55bc503df250;  1 drivers
v0x55bc503df080_0 .var "rst", 0 0;
v0x55bc503df150_0 .var "start", 0 0;
E_0x55bc503c6120 .event posedge, v0x55bc503dea00_0;
S_0x55bc50390060 .scope module, "mult0" "add_shft_mul" 2 52, 2 3 0, S_0x55bc503c9210;
 .timescale -9 -12;
    .port_info 0 /INPUT 1 "clk"
    .port_info 1 /INPUT 1 "rst"
    .port_info 2 /INPUT 8 "a"
    .port_info 3 /INPUT 8 "b"
    .port_info 4 /OUTPUT 16 "c"
    .port_info 5 /INPUT 1 "start"
    .port_info 6 /OUTPUT 1 "done"
L_0x7fe5f132d018 .functor BUFT 1, C4<1000>, C4<0>, C4<0>, C4<0>;
v0x55bc503b5e20_0 .net/2u *"_s0", 3 0, L_0x7fe5f132d018;  1 drivers
v0x55bc503b6270_0 .net/s "a", 7 0, v0x55bc503ded20_0;  1 drivers
v0x55bc503b6540_0 .net/s "b", 7 0, v0x55bc503dee00_0;  1 drivers
v0x55bc503b6a60_0 .var/s "c", 15 0;
v0x55bc503a38c0_0 .net "clk", 0 0, v0x55bc503def40_0;  1 drivers
v0x55bc503de920_0 .var "counter", 3 0;
v0x55bc503dea00_0 .net "done", 0 0, L_0x55bc503df250;  alias, 1 drivers
v0x55bc503deac0_0 .net "rst", 0 0, v0x55bc503df080_0;  1 drivers
v0x55bc503deb80_0 .net "start", 0 0, v0x55bc503df150_0;  1 drivers
E_0x55bc503c5f20 .event posedge, v0x55bc503a38c0_0;
L_0x55bc503df250 .cmp/eq 4, v0x55bc503de920_0, L_0x7fe5f132d018;
    .scope S_0x55bc50390060;
T_0 ;
    %wait E_0x55bc503c5f20;
    %load/vec4 v0x55bc503deac0_0;
    %flag_set/vec4 8;
    %jmp/0xz  T_0.0, 8;
    %pushi/vec4 0, 0, 4;
    %assign/vec4 v0x55bc503de920_0, 0;
    %jmp T_0.1;
T_0.0 ;
    %load/vec4 v0x55bc503deb80_0;
    %flag_set/vec4 8;
    %jmp/0xz  T_0.2, 8;
    %pushi/vec4 0, 0, 4;
    %assign/vec4 v0x55bc503de920_0, 0;
    %jmp T_0.3;
T_0.2 ;
    %load/vec4 v0x55bc503de920_0;
    %cmpi/ne 8, 0, 4;
    %jmp/0xz  T_0.4, 4;
    %load/vec4 v0x55bc503de920_0;
    %addi 1, 0, 4;
    %assign/vec4 v0x55bc503de920_0, 0;
T_0.4 ;
T_0.3 ;
T_0.1 ;
    %jmp T_0;
    .thread T_0;
    .scope S_0x55bc50390060;
T_1 ;
    %wait E_0x55bc503c5f20;
    %load/vec4 v0x55bc503deac0_0;
    %flag_set/vec4 8;
    %jmp/0xz  T_1.0, 8;
    %pushi/vec4 0, 0, 16;
    %assign/vec4 v0x55bc503b6a60_0, 0;
    %jmp T_1.1;
T_1.0 ;
    %load/vec4 v0x55bc503de920_0;
    %cmpi/ne 8, 0, 4;
    %jmp/0xz  T_1.2, 4;
    %load/vec4 v0x55bc503b6a60_0;
    %ix/load 4, 1, 0;
    %flag_set/imm 4, 0;
    %shiftr 4;
    %load/vec4 v0x55bc503b6540_0;
    %load/vec4 v0x55bc503de920_0;
    %part/u 1;
    %flag_set/vec4 8;
    %jmp/0 T_1.4, 8;
    %load/vec4 v0x55bc503b6270_0;
    %pad/u 16;
    %ix/load 4, 7, 0;
    %flag_set/imm 4, 0;
    %shiftl 4;
    %jmp/1 T_1.5, 8;
T_1.4 ; End of true expr.
    %pushi/vec4 0, 0, 16;
    %jmp/0 T_1.5, 8;
 ; End of false expr.
    %blend;
T_1.5;
    %add;
    %assign/vec4 v0x55bc503b6a60_0, 0;
    %jmp T_1.3;
T_1.2 ;
    %load/vec4 v0x55bc503de920_0;
    %cmpi/e 8, 0, 4;
    %jmp/0xz  T_1.6, 4;
    %load/vec4 v0x55bc503b6a60_0;
    %ix/load 4, 1, 0;
    %flag_set/imm 4, 0;
    %shiftr 4;
    %load/vec4 v0x55bc503b6540_0;
    %load/vec4 v0x55bc503de920_0;
    %part/u 1;
    %flag_set/vec4 8;
    %jmp/0 T_1.8, 8;
    %load/vec4 v0x55bc503b6270_0;
    %pad/u 16;
    %ix/load 4, 7, 0;
    %flag_set/imm 4, 0;
    %shiftl 4;
    %jmp/1 T_1.9, 8;
T_1.8 ; End of true expr.
    %pushi/vec4 0, 0, 16;
    %jmp/0 T_1.9, 8;
 ; End of false expr.
    %blend;
T_1.9;
    %sub;
    %assign/vec4 v0x55bc503b6a60_0, 0;
T_1.6 ;
T_1.3 ;
T_1.1 ;
    %jmp T_1;
    .thread T_1;
    .scope S_0x55bc503c9210;
T_2 ;
    %vpi_call 2 65 "$dumpfile", "dump.vcd" {0 0 0};
    %vpi_call 2 66 "$dumpvars" {0 0 0};
    %pushi/vec4 1, 0, 1;
    %store/vec4 v0x55bc503df080_0, 0, 1;
    %pushi/vec4 1, 0, 1;
    %store/vec4 v0x55bc503def40_0, 0, 1;
    %pushi/vec4 0, 0, 1;
    %store/vec4 v0x55bc503df150_0, 0, 1;
    %pushi/vec4 10, 0, 8;
    %store/vec4 v0x55bc503ded20_0, 0, 8;
    %pushi/vec4 191, 0, 8;
    %store/vec4 v0x55bc503dee00_0, 0, 8;
    %wait E_0x55bc503c5f20;
    %delay 1000, 0;
    %pushi/vec4 0, 0, 1;
    %store/vec4 v0x55bc503df080_0, 0, 1;
    %delay 5000, 0;
    %wait E_0x55bc503c5f20;
    %delay 1000, 0;
    %pushi/vec4 1, 0, 1;
    %store/vec4 v0x55bc503df150_0, 0, 1;
    %wait E_0x55bc503c5f20;
    %delay 1000, 0;
    %pushi/vec4 0, 0, 1;
    %store/vec4 v0x55bc503df150_0, 0, 1;
    %wait E_0x55bc503c6120;
    %vpi_call 2 80 "$display", "%d", v0x55bc503deea0_0 {0 0 0};
    %wait E_0x55bc503c5f20;
    %vpi_call 2 82 "$finish" {0 0 0};
    %end;
    .thread T_2;
    .scope S_0x55bc503c9210;
T_3 ;
    %delay 10000, 0;
    %load/vec4 v0x55bc503def40_0;
    %inv;
    %store/vec4 v0x55bc503def40_0, 0, 1;
    %jmp T_3;
    .thread T_3;
# The file index is used to find the file name in the following table.
:file_names 3;
    "N/A";
    "<interactive>";
    "add-shift.v";
