#! /usr/local/bin/vvp
:ivl_version "10.3 (stable)" "(v10_3)";
:ivl_delay_selection "TYPICAL";
:vpi_time_precision - 12;
:vpi_module "system";
:vpi_module "vhdl_sys";
:vpi_module "v2005_math";
:vpi_module "va_math";
S_0x55a2d5510180 .scope module, "counter" "counter" 2 3;
 .timescale -9 -12;
    .port_info 0 /INPUT 32 "data_in_A"
    .port_info 1 /INPUT 32 "data_in_B"
    .port_info 2 /OUTPUT 32 "data_out"
P_0x55a2d5510300 .param/l "NBIT" 0 2 5, +C4<00000000000000000000000000100000>;
o0x7f177b33f018 .functor BUFZ 32, C4<zzzzzzzzzzzzzzzzzzzzzzzzzzzzzzzz>; HiZ drive
v0x55a2d55103f0_0 .net "data_in_A", 31 0, o0x7f177b33f018;  0 drivers
o0x7f177b33f048 .functor BUFZ 32, C4<zzzzzzzzzzzzzzzzzzzzzzzzzzzzzzzz>; HiZ drive
v0x55a2d5552a70_0 .net "data_in_B", 31 0, o0x7f177b33f048;  0 drivers
v0x55a2d5552b50_0 .net "data_out", 31 0, L_0x55a2d5552cc0;  1 drivers
L_0x55a2d5552cc0 .arith/sum 32, o0x7f177b33f018, o0x7f177b33f048;
# The file index is used to find the file name in the following table.
:file_names 3;
    "N/A";
    "<interactive>";
    "AdderN.v";
